Log file open, 01/10/21 20:29:30
LogInit: Display: Running engine for game: BBM
LogPlatformFile: Not using cached read wrapper
LogTaskGraph: Started task graph with 5 named threads and 35 total threads with 3 sets of task threads.
LogStats: Stats thread started at 1.541545
LogD3D11RHI: Loaded GFSDK_Aftermath_Lib.x64.dll
LogICUInternationalization: ICU TimeZone Detection - Raw Offset: +5:30, Platform Override: ''
LogPluginManager: Mounting plugin Paper2D
LogPluginManager: Mounting plugin AISupport
LogPluginManager: Mounting plugin LightPropagationVolume
LogPluginManager: Mounting plugin CameraShakePreviewer
LogPluginManager: Mounting plugin ActorLayerUtilities
LogPluginManager: Mounting plugin AnimationSharing
LogPluginManager: Mounting plugin CLionSourceCodeAccess
LogPluginManager: Mounting plugin CodeLiteSourceCodeAccess
LogPluginManager: Mounting plugin GitSourceControl
LogPluginManager: Mounting plugin KDevelopSourceCodeAccess
LogPluginManager: Mounting plugin NullSourceCodeAccess
LogPluginManager: Mounting plugin PerforceSourceControl
LogPluginManager: Mounting plugin PlasticSourceControl
LogPluginManager: Mounting plugin RiderLink
LogPluginManager: Mounting plugin RiderSourceCodeAccess
LogPluginManager: Mounting plugin SubversionSourceControl
LogPluginManager: Mounting plugin UObjectPlugin
LogPluginManager: Mounting plugin VisualStudioCodeSourceCodeAccess
LogPluginManager: Mounting plugin VisualStudioSourceCodeAccess
LogPluginManager: Mounting plugin XCodeSourceCodeAccess
LogPluginManager: Mounting plugin AssetManagerEditor
LogPluginManager: Mounting plugin CryptoKeys
LogPluginManager: Mounting plugin CurveEditorTools
LogPluginManager: Mounting plugin DataValidation
LogPluginManager: Mounting plugin EditorScriptingUtilities
LogPluginManager: Mounting plugin FacialAnimation
LogPluginManager: Mounting plugin GameplayTagsEditor
LogPluginManager: Mounting plugin GeometryMode
LogPluginManager: Mounting plugin MacGraphicsSwitching
LogPluginManager: Mounting plugin MaterialAnalyzer
LogPluginManager: Mounting plugin MobileLauncherProfileWizard
LogPluginManager: Mounting plugin PluginBrowser
LogPluginManager: Mounting plugin SpeedTreeImporter
LogPluginManager: Mounting plugin DatasmithContent
LogPluginManager: Mounting plugin VariantManagerContent
LogPluginManager: Mounting plugin AlembicImporter
LogPluginManager: Mounting plugin AutomationUtils
LogPluginManager: Mounting plugin BackChannel
LogPluginManager: Mounting plugin ChaosCloth
LogPluginManager: Mounting plugin ChaosClothEditor
LogPluginManager: Mounting plugin ChaosEditor
LogPluginManager: Mounting plugin ChaosNiagara
LogPluginManager: Mounting plugin ChaosSolverPlugin
LogPluginManager: Mounting plugin CharacterAI
LogPluginManager: Mounting plugin GeometryCache
LogPluginManager: Mounting plugin GeometryCollectionPlugin
LogPluginManager: Mounting plugin GeometryProcessing
LogPluginManager: Mounting plugin PlanarCut
LogPluginManager: Mounting plugin PlatformCrypto
LogPluginManager: Mounting plugin ProxyLODPlugin
LogPluginManager: Mounting plugin SkeletalReduction
LogPluginManager: Mounting plugin Niagara
LogPluginManager: Mounting plugin MagicLeap
LogPluginManager: Mounting plugin MagicLeapLightEstimation
LogPluginManager: Mounting plugin MagicLeapMedia
LogPluginManager: Mounting plugin MagicLeapPassableWorld
LogPluginManager: Mounting plugin MLSDK
LogPluginManager: Mounting plugin AndroidMedia
LogPluginManager: Mounting plugin AvfMedia
LogPluginManager: Mounting plugin ImgMedia
LogPluginManager: Mounting plugin MediaCompositing
LogPluginManager: Mounting plugin MediaPlayerEditor
LogPluginManager: Mounting plugin WebMMedia
LogPluginManager: Mounting plugin WmfMedia
LogPluginManager: Mounting plugin MeshPainting
LogPluginManager: Mounting plugin TcpMessaging
LogPluginManager: Mounting plugin UdpMessaging
LogPluginManager: Mounting plugin ActorSequence
LogPluginManager: Mounting plugin LevelSequenceEditor
LogPluginManager: Mounting plugin MatineeToLevelSequence
LogPluginManager: Mounting plugin MovieRenderPipeline
LogPluginManager: Mounting plugin TemplateSequence
LogPluginManager: Mounting plugin NetcodeUnitTest
LogPluginManager: Mounting plugin NUTUnrealEngine4
LogPluginManager: Mounting plugin OnlineSubsystemGooglePlay
LogPluginManager: Mounting plugin OnlineSubsystemIOS
LogPluginManager: Mounting plugin OnlineSubsystem
LogPluginManager: Mounting plugin OnlineSubsystemNull
LogPluginManager: Mounting plugin OnlineSubsystemUtils
LogPluginManager: Mounting plugin LauncherChunkInstaller
LogPluginManager: Mounting plugin AndroidDeviceProfileSelector
LogPluginManager: Mounting plugin AndroidMoviePlayer
LogPluginManager: Mounting plugin AndroidPermission
LogPluginManager: Mounting plugin AppleImageUtils
LogPluginManager: Mounting plugin AppleMoviePlayer
LogPluginManager: Mounting plugin ArchVisCharacter
LogPluginManager: Mounting plugin AssetTags
LogPluginManager: Mounting plugin AudioCapture
LogPluginManager: Mounting plugin CableComponent
LogPluginManager: Mounting plugin CustomMeshComponent
LogPluginManager: Mounting plugin EditableMesh
LogPluginManager: Mounting plugin ExampleDeviceProfileSelector
LogPluginManager: Mounting plugin GoogleCloudMessaging
LogPluginManager: Mounting plugin GooglePAD
LogPluginManager: Mounting plugin IOSDeviceProfileSelector
LogPluginManager: Mounting plugin LinuxDeviceProfileSelector
LogPluginManager: Mounting plugin LocationServicesBPLibrary
LogPluginManager: Mounting plugin MobilePatchingUtils
LogPluginManager: Mounting plugin OculusVR
LogPluginManager: Mounting plugin PhysXVehicles
LogPluginManager: Mounting plugin PostSplashScreen
LogPluginManager: Mounting plugin ProceduralMeshComponent
LogPluginManager: Mounting plugin RuntimePhysXCooking
LogPluginManager: Mounting plugin SignificanceManager
LogPluginManager: Mounting plugin SoundFields
LogPluginManager: Mounting plugin SteamVR
LogPluginManager: Mounting plugin Synthesis
LogPluginManager: Mounting plugin WebMMoviePlayer
LogPluginManager: Mounting plugin WindowsMoviePlayer
LogPluginManager: Mounting plugin ScreenshotTools
LogInit: Warning: Incompatible or missing module: BBM
Running E:/UE_4.25/Engine/Binaries/DotNET/UnrealBuildTool.exe Development Win64 -Project="E:/Bomberman/BombermanUE4/BBM/BBM.uproject" -TargetType=Editor -Progress -NoEngineChanges -NoHotReloadFromIDE
Using 'git status' to determine working set for adaptive non-unity build (E:\Bomberman\BombermanUE4).
Creating makefile for BBMEditor (no existing makefile)
@progress push 5%
Parsing headers for BBMEditor
  Running UnrealHeaderTool "E:\Bomberman\BombermanUE4\BBM\BBM.uproject" "E:\Bomberman\BombermanUE4\BBM\Intermediate\Build\Win64\BBMEditor\Development\BBMEditor.uhtmanifest" -LogCmds="loginit warning, logexit warning, logdatabase error" -Unattended -WarningsAsErrors -abslog="C:\Users\Mr.Fab\AppData\Local\UnrealBuildTool\Log_UHT.txt" -installed
Reflection code generated for BBMEditor in 6.3116355 seconds
@progress pop
Building BBMEditor...
Using Visual Studio 2019 14.28.29334 toolchain (E:\Visual\VC\Tools\MSVC\14.28.29333) and Windows 10.0.18362.0 SDK (C:\Program Files (x86)\Windows Kits\10).
Building 11 actions with 12 processes...
  @progress 'Compiling C++ source code...' 0%
  @progress 'Compiling C++ source code...' 9%
  [1/11] Default.rc2
  @progress 'Compiling C++ source code...' 18%
  [2/11] SharedPCH.Engine.ShadowErrors.cpp
  @progress 'Compiling C++ source code...' 27%
  [3/11] BBM.cpp
  @progress 'Compiling C++ source code...' 36%
  [4/11] Bomb.cpp
  @progress 'Compiling C++ source code...' 45%
  [5/11] BBM.init.gen.cpp
  @progress 'Compiling C++ source code...' 55%
  [6/11] BBMGameModeBase.cpp
  @progress 'Compiling C++ source code...' 64%
  [7/11] Bomb.gen.cpp
  @progress 'Compiling C++ source code...' 73%
  [8/11] BBMGameModeBase.gen.cpp
  @progress 'Compiling C++ source code...' 82%
  [9/11] UE4Editor-BBM.lib
     Creating library E:\Bomberman\BombermanUE4\BBM\Intermediate\Build\Win64\UE4Editor\Development\BBM\UE4Editor-BBM.lib and object E:\Bomberman\BombermanUE4\BBM\Intermediate\Build\Win64\UE4Editor\Development\BBM\UE4Editor-BBM.exp
  @progress 'Compiling C++ source code...' 91%
  [10/11] UE4Editor-BBM.dll
     Creating library E:\Bomberman\BombermanUE4\BBM\Intermediate\Build\Win64\UE4Editor\Development\BBM\UE4Editor-BBM.suppressed.lib and object E:\Bomberman\BombermanUE4\BBM\Intermediate\Build\Win64\UE4Editor\Development\BBM\UE4Editor-BBM.suppressed.exp
  @progress 'Compiling C++ source code...' 100%
  [11/11] BBMEditor.target
Total time in Parallel executor: 35.07 seconds
Total execution time: 45.08 seconds
LogInit: Using libcurl 7.55.1-DEV
LogInit:  - built for x86_64-pc-win32
LogInit:  - supports SSL with OpenSSL/1.1.1
LogInit:  - supports HTTP deflate (compression) using libz 1.2.8
LogInit:  - other features:
LogInit:      CURL_VERSION_SSL
LogInit:      CURL_VERSION_LIBZ
LogInit:      CURL_VERSION_IPV6
LogInit:      CURL_VERSION_ASYNCHDNS
LogInit:      CURL_VERSION_LARGEFILE
LogInit:      CURL_VERSION_IDN
LogInit:  CurlRequestOptions (configurable via config and command line):
LogInit:  - bVerifyPeer = true  - Libcurl will verify peer certificate
LogInit:  - bUseHttpProxy = false  - Libcurl will NOT use HTTP proxy
LogInit:  - bDontReuseConnections = false  - Libcurl will reuse connections
LogInit:  - MaxHostConnections = 16  - Libcurl will limit the number of connections to a host
LogInit:  - LocalHostAddr = Default
LogInit:  - BufferSize = 65536
LogOnline: OSS: Creating online subsystem instance for: NULL
LogInit: WinSock: version 1.1 (2.2), MaxSocks=32767, MaxUdp=65467
LogOnline: OSS: TryLoadSubsystemAndSetDefault: Loaded subsystem for module [NULL]
LogInit: Build: ++UE4+Release-4.25-CL-13942748
LogInit: Engine Version: 4.25.3-13942748+++UE4+Release-4.25
LogInit: Compatible Engine Version: 4.25.0-13144385+++UE4+Release-4.25
LogInit: Net CL: 13144385
LogInit: OS: Windows 10 (Release 1809) (), CPU: AMD Ryzen 5 1600 Six-Core Processor            , GPU: NVIDIA GeForce GTX 1060 6GB
LogInit: Compiled (64-bit): Jul 25 2020 02:07:48
LogInit: Compiled with Visual C++: 19.24.28315.00
LogInit: Build Configuration: Development
LogInit: Branch Name: ++UE4+Release-4.25
LogInit: Command Line: 
LogInit: Base Directory: E:/UE_4.25/Engine/Binaries/Win64/
LogInit: Allocator: TBB
LogInit: Installed Engine Build: 1
LogDevObjectVersion: Number of dev versions registered: 26
LogDevObjectVersion:   Dev-Blueprints (B0D832E4-1F89-4F0D-ACCF-7EB736FD4AA2): 10
LogDevObjectVersion:   Dev-Build (E1C64328-A22C-4D53-A36C-8E866417BD8C): 0
LogDevObjectVersion:   Dev-Core (375EC13C-06E4-48FB-B500-84F0262A717E): 4
LogDevObjectVersion:   Dev-Editor (E4B068ED-F494-42E9-A231-DA0B2E46BB41): 38
LogDevObjectVersion:   Dev-Framework (CFFC743F-43B0-4480-9391-14DF171D2073): 37
LogDevObjectVersion:   Dev-Mobile (B02B49B5-BB20-44E9-A304-32B752E40360): 2
LogDevObjectVersion:   Dev-Networking (A4E4105C-59A1-49B5-A7C5-40C4547EDFEE): 0
LogDevObjectVersion:   Dev-Online (39C831C9-5AE6-47DC-9A44-9C173E1C8E7C): 0
LogDevObjectVersion:   Dev-Physics (78F01B33-EBEA-4F98-B9B4-84EACCB95AA2): 4
LogDevObjectVersion:   Dev-Platform (6631380F-2D4D-43E0-8009-CF276956A95A): 0
LogDevObjectVersion:   Dev-Rendering (12F88B9F-8875-4AFC-A67C-D90C383ABD29): 43
LogDevObjectVersion:   Dev-Sequencer (7B5AE74C-D270-4C10-A958-57980B212A5A): 12
LogDevObjectVersion:   Dev-VR (D7296918-1DD6-4BDD-9DE2-64A83CC13884): 3
LogDevObjectVersion:   Dev-LoadTimes (C2A15278-BFE7-4AFE-6C17-90FF531DF755): 1
LogDevObjectVersion:   Private-Geometry (6EACA3D4-40EC-4CC1-B786-8BED09428FC5): 3
LogDevObjectVersion:   Dev-AnimPhys (29E575DD-E0A3-4627-9D10-D276232CDCEA): 17
LogDevObjectVersion:   Dev-Anim (AF43A65D-7FD3-4947-9873-3E8ED9C1BB05): 7
LogDevObjectVersion:   Dev-ReflectionCapture (6B266CEC-1EC7-4B8F-A30B-E4D90942FC07): 1
LogDevObjectVersion:   Dev-Automation (0DF73D61-A23F-47EA-B727-89E90C41499A): 1
LogDevObjectVersion:   FortniteMain (601D1886-AC64-4F84-AA16-D3DE0DEAC7D6): 31
LogDevObjectVersion:   Dev-Enterprise (9DFFBCD6-494F-0158-E221-12823C92A888): 10
LogDevObjectVersion:   Dev-Niagara (F2AED0AC-9AFE-416F-8664-AA7FFA26D6FC): 1
LogDevObjectVersion:   Dev-Destruction (174F1F0B-B4C6-45A5-B13F-2EE8D0FB917D): 10
LogDevObjectVersion:   Dev-Physics-Ext (35F94A83-E258-406C-A318-09F59610247C): 37
LogDevObjectVersion:   Dev-PhysicsMaterial-Chaos (B68FC16E-8B1B-42E2-B453-215C058844FE): 1
LogDevObjectVersion:   Dev-CineCamera (B2E18506-4273-CFC2-A54E-F4BB758BBA07): 1
LogInit: Presizing for max 25165824 objects, including 0 objects not considered by GC, pre-allocating 0 bytes for permanent pool.
LogConfig: Applying CVar settings from Section [/Script/Engine.StreamingSettings] File [E:/Bomberman/BombermanUE4/BBM/Saved/Config/Windows/Engine.ini]
LogConfig: Setting CVar [[s.MinBulkDataSizeForAsyncLoading:131072]]
LogConfig: Setting CVar [[s.AsyncLoadingThreadEnabled:0]]
LogConfig: Setting CVar [[s.EventDrivenLoaderEnabled:1]]
LogConfig: Setting CVar [[s.WarnIfTimeLimitExceeded:0]]
LogConfig: Setting CVar [[s.TimeLimitExceededMultiplier:1.5]]
LogConfig: Setting CVar [[s.TimeLimitExceededMinTime:0.005]]
LogConfig: Setting CVar [[s.UseBackgroundLevelStreaming:1]]
LogConfig: Setting CVar [[s.PriorityAsyncLoadingExtraTime:15.0]]
LogConfig: Setting CVar [[s.LevelStreamingActorsUpdateTimeLimit:5.0]]
LogConfig: Setting CVar [[s.PriorityLevelStreamingActorsUpdateExtraTime:5.0]]
LogConfig: Setting CVar [[s.LevelStreamingComponentsRegistrationGranularity:10]]
LogConfig: Setting CVar [[s.UnregisterComponentsTimeLimit:1.0]]
LogConfig: Setting CVar [[s.LevelStreamingComponentsUnregistrationGranularity:5]]
LogConfig: Setting CVar [[s.FlushStreamingOnExit:1]]
LogInit: Object subsystem initialized
LogConfig: Setting CVar [[con.DebugEarlyDefault:1]]
LogConfig: Setting CVar [[r.setres:1280x720]]
[2021.01.10-15.00.18:534][  0]LogConfig: Setting CVar [[r.VSync:0]]
[2021.01.10-15.00.18:534][  0]LogConfig: Setting CVar [[r.RHICmdBypass:0]]
[2021.01.10-15.00.18:535][  0]LogConfig: Applying CVar settings from Section [/Script/Engine.RendererSettings] File [E:/Bomberman/BombermanUE4/BBM/Saved/Config/Windows/Engine.ini]
[2021.01.10-15.00.18:535][  0]LogConfig: Setting CVar [[r.GPUCrashDebugging:0]]
[2021.01.10-15.00.18:535][  0]LogConfig: Applying CVar settings from Section [/Script/Engine.RendererOverrideSettings] File [E:/Bomberman/BombermanUE4/BBM/Saved/Config/Windows/Engine.ini]
[2021.01.10-15.00.18:535][  0]LogConfig: Applying CVar settings from Section [/Script/Engine.StreamingSettings] File [E:/Bomberman/BombermanUE4/BBM/Saved/Config/Windows/Engine.ini]
[2021.01.10-15.00.18:535][  0]LogConfig: Setting CVar [[s.MinBulkDataSizeForAsyncLoading:131072]]
[2021.01.10-15.00.18:536][  0]LogConfig: Setting CVar [[s.AsyncLoadingThreadEnabled:0]]
[2021.01.10-15.00.18:536][  0]LogConfig: Setting CVar [[s.EventDrivenLoaderEnabled:1]]
[2021.01.10-15.00.18:536][  0]LogConfig: Setting CVar [[s.WarnIfTimeLimitExceeded:0]]
[2021.01.10-15.00.18:536][  0]LogConfig: Setting CVar [[s.TimeLimitExceededMultiplier:1.5]]
[2021.01.10-15.00.18:536][  0]LogConfig: Setting CVar [[s.TimeLimitExceededMinTime:0.005]]
[2021.01.10-15.00.18:536][  0]LogConfig: Setting CVar [[s.UseBackgroundLevelStreaming:1]]
[2021.01.10-15.00.18:536][  0]LogConfig: Setting CVar [[s.PriorityAsyncLoadingExtraTime:15.0]]
[2021.01.10-15.00.18:536][  0]LogConfig: Setting CVar [[s.LevelStreamingActorsUpdateTimeLimit:5.0]]
[2021.01.10-15.00.18:536][  0]LogConfig: Setting CVar [[s.PriorityLevelStreamingActorsUpdateExtraTime:5.0]]
[2021.01.10-15.00.18:536][  0]LogConfig: Setting CVar [[s.LevelStreamingComponentsRegistrationGranularity:10]]
[2021.01.10-15.00.18:536][  0]LogConfig: Setting CVar [[s.UnregisterComponentsTimeLimit:1.0]]
[2021.01.10-15.00.18:536][  0]LogConfig: Setting CVar [[s.LevelStreamingComponentsUnregistrationGranularity:5]]
[2021.01.10-15.00.18:536][  0]LogConfig: Setting CVar [[s.FlushStreamingOnExit:1]]
[2021.01.10-15.00.18:536][  0]LogConfig: Applying CVar settings from Section [/Script/Engine.GarbageCollectionSettings] File [E:/Bomberman/BombermanUE4/BBM/Saved/Config/Windows/Engine.ini]
[2021.01.10-15.00.18:536][  0]LogConfig: Setting CVar [[gc.MaxObjectsNotConsideredByGC:1]]
[2021.01.10-15.00.18:536][  0]LogConfig: Setting CVar [[gc.SizeOfPermanentObjectPool:0]]
[2021.01.10-15.00.18:536][  0]LogConfig: Setting CVar [[gc.FlushStreamingOnGC:0]]
[2021.01.10-15.00.18:536][  0]LogConfig: Setting CVar [[gc.NumRetriesBeforeForcingGC:10]]
[2021.01.10-15.00.18:536][  0]LogConfig: Setting CVar [[gc.AllowParallelGC:1]]
[2021.01.10-15.00.18:536][  0]LogConfig: Setting CVar [[gc.TimeBetweenPurgingPendingKillObjects:61.1]]
[2021.01.10-15.00.18:536][  0]LogConfig: Setting CVar [[gc.MaxObjectsInEditor:25165824]]
[2021.01.10-15.00.18:536][  0]LogConfig: Setting CVar [[gc.IncrementalBeginDestroyEnabled:1]]
[2021.01.10-15.00.18:536][  0]LogConfig: Setting CVar [[gc.CreateGCClusters:1]]
[2021.01.10-15.00.18:536][  0]LogConfig: Setting CVar [[gc.MinGCClusterSize:5]]
[2021.01.10-15.00.18:536][  0]LogConfig: Setting CVar [[gc.ActorClusteringEnabled:0]]
[2021.01.10-15.00.18:536][  0]LogConfig: Setting CVar [[gc.BlueprintClusteringEnabled:0]]
[2021.01.10-15.00.18:536][  0]LogConfig: Setting CVar [[gc.UseDisregardForGCOnDedicatedServers:0]]
[2021.01.10-15.00.18:536][  0]LogConfig: Applying CVar settings from Section [/Script/Engine.NetworkSettings] File [E:/Bomberman/BombermanUE4/BBM/Saved/Config/Windows/Engine.ini]
[2021.01.10-15.00.18:536][  0]LogConfig: Applying CVar settings from Section [/Script/UnrealEd.CookerSettings] File [E:/Bomberman/BombermanUE4/BBM/Saved/Config/Windows/Engine.ini]
[2021.01.10-15.00.18:549][  0]LogConfig: Applying CVar settings from Section [ViewDistanceQuality@3] File [E:/Bomberman/BombermanUE4/BBM/Saved/Config/Windows/Scalability.ini]
[2021.01.10-15.00.18:549][  0]LogConfig: Setting CVar [[r.SkeletalMeshLODBias:0]]
[2021.01.10-15.00.18:550][  0]LogConfig: Setting CVar [[r.ViewDistanceScale:1.0]]
[2021.01.10-15.00.18:550][  0]LogConfig: Applying CVar settings from Section [AntiAliasingQuality@3] File [E:/Bomberman/BombermanUE4/BBM/Saved/Config/Windows/Scalability.ini]
[2021.01.10-15.00.18:550][  0]LogConfig: Setting CVar [[r.PostProcessAAQuality:4]]
[2021.01.10-15.00.18:550][  0]LogConfig: Applying CVar settings from Section [ShadowQuality@3] File [E:/Bomberman/BombermanUE4/BBM/Saved/Config/Windows/Scalability.ini]
[2021.01.10-15.00.18:550][  0]LogConfig: Setting CVar [[r.LightFunctionQuality:1]]
[2021.01.10-15.00.18:550][  0]LogConfig: Setting CVar [[r.ShadowQuality:5]]
[2021.01.10-15.00.18:550][  0]LogConfig: Setting CVar [[r.Shadow.CSM.MaxCascades:10]]
[2021.01.10-15.00.18:550][  0]LogConfig: Setting CVar [[r.Shadow.MaxResolution:2048]]
[2021.01.10-15.00.18:550][  0]LogConfig: Setting CVar [[r.Shadow.MaxCSMResolution:2048]]
[2021.01.10-15.00.18:550][  0]LogConfig: Setting CVar [[r.Shadow.RadiusThreshold:0.01]]
[2021.01.10-15.00.18:550][  0]LogConfig: Setting CVar [[r.Shadow.DistanceScale:1.0]]
[2021.01.10-15.00.18:550][  0]LogConfig: Setting CVar [[r.Shadow.CSM.TransitionScale:1.0]]
[2021.01.10-15.00.18:550][  0]LogConfig: Setting CVar [[r.Shadow.PreShadowResolutionFactor:1.0]]
[2021.01.10-15.00.18:550][  0]LogConfig: Setting CVar [[r.DistanceFieldShadowing:1]]
[2021.01.10-15.00.18:550][  0]LogConfig: Setting CVar [[r.DistanceFieldAO:1]]
[2021.01.10-15.00.18:550][  0]LogConfig: Setting CVar [[r.AOQuality:2]]
[2021.01.10-15.00.18:550][  0]LogConfig: Setting CVar [[r.VolumetricFog:1]]
[2021.01.10-15.00.18:550][  0]LogConfig: Setting CVar [[r.VolumetricFog.GridPixelSize:8]]
[2021.01.10-15.00.18:550][  0]LogConfig: Setting CVar [[r.VolumetricFog.GridSizeZ:128]]
[2021.01.10-15.00.18:550][  0]LogConfig: Setting CVar [[r.VolumetricFog.HistoryMissSupersampleCount:4]]
[2021.01.10-15.00.18:550][  0]LogConfig: Setting CVar [[r.LightMaxDrawDistanceScale:1]]
[2021.01.10-15.00.18:550][  0]LogConfig: Setting CVar [[r.CapsuleShadows:1]]
[2021.01.10-15.00.18:550][  0]LogConfig: Applying CVar settings from Section [PostProcessQuality@3] File [E:/Bomberman/BombermanUE4/BBM/Saved/Config/Windows/Scalability.ini]
[2021.01.10-15.00.18:550][  0]LogConfig: Setting CVar [[r.MotionBlurQuality:4]]
[2021.01.10-15.00.18:550][  0]LogConfig: Setting CVar [[r.AmbientOcclusionMipLevelFactor:0.4]]
[2021.01.10-15.00.18:550][  0]LogConfig: Setting CVar [[r.AmbientOcclusionMaxQuality:100]]
[2021.01.10-15.00.18:550][  0]LogConfig: Setting CVar [[r.AmbientOcclusionLevels:-1]]
[2021.01.10-15.00.18:550][  0]LogConfig: Setting CVar [[r.AmbientOcclusionRadiusScale:1.0]]
[2021.01.10-15.00.18:550][  0]LogConfig: Setting CVar [[r.DepthOfFieldQuality:2]]
[2021.01.10-15.00.18:550][  0]LogConfig: Setting CVar [[r.RenderTargetPoolMin:400]]
[2021.01.10-15.00.18:550][  0]LogConfig: Setting CVar [[r.LensFlareQuality:2]]
[2021.01.10-15.00.18:550][  0]LogConfig: Setting CVar [[r.SceneColorFringeQuality:1]]
[2021.01.10-15.00.18:551][  0]LogConfig: Setting CVar [[r.EyeAdaptationQuality:2]]
[2021.01.10-15.00.18:551][  0]LogConfig: Setting CVar [[r.BloomQuality:5]]
[2021.01.10-15.00.18:551][  0]LogConfig: Setting CVar [[r.FastBlurThreshold:100]]
[2021.01.10-15.00.18:551][  0]LogConfig: Setting CVar [[r.Upscale.Quality:3]]
[2021.01.10-15.00.18:551][  0]LogConfig: Setting CVar [[r.Tonemapper.GrainQuantization:1]]
[2021.01.10-15.00.18:551][  0]LogConfig: Setting CVar [[r.LightShaftQuality:1]]
[2021.01.10-15.00.18:551][  0]LogConfig: Setting CVar [[r.Filter.SizeScale:1]]
[2021.01.10-15.00.18:551][  0]LogConfig: Setting CVar [[r.Tonemapper.Quality:5]]
[2021.01.10-15.00.18:551][  0]LogConfig: Setting CVar [[r.DOF.Gather.AccumulatorQuality:1        ; higher gathering accumulator quality]]
[2021.01.10-15.00.18:551][  0]LogConfig: Setting CVar [[r.DOF.Gather.PostfilterMethod:1          ; Median3x3 postfilering method]]
[2021.01.10-15.00.18:551][  0]LogConfig: Setting CVar [[r.DOF.Gather.EnableBokehSettings:0       ; no bokeh simulation when gathering]]
[2021.01.10-15.00.18:551][  0]LogConfig: Setting CVar [[r.DOF.Gather.RingCount:4                 ; medium number of samples when gathering]]
[2021.01.10-15.00.18:551][  0]LogConfig: Setting CVar [[r.DOF.Scatter.ForegroundCompositing:1    ; additive foreground scattering]]
[2021.01.10-15.00.18:551][  0]LogConfig: Setting CVar [[r.DOF.Scatter.BackgroundCompositing:2    ; additive background scattering]]
[2021.01.10-15.00.18:551][  0]LogConfig: Setting CVar [[r.DOF.Scatter.EnableBokehSettings:1      ; bokeh simulation when scattering]]
[2021.01.10-15.00.18:551][  0]LogConfig: Setting CVar [[r.DOF.Scatter.MaxSpriteRatio:0.1         ; only a maximum of 10% of scattered bokeh]]
[2021.01.10-15.00.18:551][  0]LogConfig: Setting CVar [[r.DOF.Recombine.Quality:1                ; cheap slight out of focus]]
[2021.01.10-15.00.18:551][  0]LogConfig: Setting CVar [[r.DOF.Recombine.EnableBokehSettings:0    ; no bokeh simulation on slight out of focus]]
[2021.01.10-15.00.18:551][  0]LogConfig: Setting CVar [[r.DOF.TemporalAAQuality:1                ; more stable temporal accumulation]]
[2021.01.10-15.00.18:551][  0]LogConfig: Setting CVar [[r.DOF.Kernel.MaxForegroundRadius:0.025]]
[2021.01.10-15.00.18:551][  0]LogConfig: Setting CVar [[r.DOF.Kernel.MaxBackgroundRadius:0.025]]
[2021.01.10-15.00.18:551][  0]LogConfig: Applying CVar settings from Section [TextureQuality@3] File [E:/Bomberman/BombermanUE4/BBM/Saved/Config/Windows/Scalability.ini]
[2021.01.10-15.00.18:551][  0]LogConfig: Setting CVar [[r.Streaming.MipBias:0]]
[2021.01.10-15.00.18:551][  0]LogConfig: Setting CVar [[r.Streaming.AmortizeCPUToGPUCopy:0]]
[2021.01.10-15.00.18:551][  0]LogConfig: Setting CVar [[r.Streaming.MaxNumTexturesToStreamPerFrame:0]]
[2021.01.10-15.00.18:551][  0]LogConfig: Setting CVar [[r.Streaming.Boost:1]]
[2021.01.10-15.00.18:551][  0]LogConfig: Setting CVar [[r.MaxAnisotropy:8]]
[2021.01.10-15.00.18:551][  0]LogConfig: Setting CVar [[r.VT.MaxAnisotropy:8]]
[2021.01.10-15.00.18:551][  0]LogConfig: Setting CVar [[r.Streaming.LimitPoolSizeToVRAM:0]]
[2021.01.10-15.00.18:551][  0]LogConfig: Setting CVar [[r.Streaming.PoolSize:1000]]
[2021.01.10-15.00.18:551][  0]LogConfig: Setting CVar [[r.Streaming.MaxEffectiveScreenSize:0]]
[2021.01.10-15.00.18:551][  0]LogConfig: Applying CVar settings from Section [EffectsQuality@3] File [E:/Bomberman/BombermanUE4/BBM/Saved/Config/Windows/Scalability.ini]
[2021.01.10-15.00.18:552][  0]LogConfig: Setting CVar [[r.TranslucencyLightingVolumeDim:64]]
[2021.01.10-15.00.18:552][  0]LogConfig: Setting CVar [[r.RefractionQuality:2]]
[2021.01.10-15.00.18:552][  0]LogConfig: Setting CVar [[r.SSR.Quality:3]]
[2021.01.10-15.00.18:552][  0]LogConfig: Setting CVar [[r.SSR.HalfResSceneColor:0]]
[2021.01.10-15.00.18:552][  0]LogConfig: Setting CVar [[r.SceneColorFormat:4]]
[2021.01.10-15.00.18:552][  0]LogConfig: Setting CVar [[r.DetailMode:2]]
[2021.01.10-15.00.18:552][  0]LogConfig: Setting CVar [[r.TranslucencyVolumeBlur:1]]
[2021.01.10-15.00.18:552][  0]LogConfig: Setting CVar [[r.MaterialQualityLevel:1 ; High quality]]
[2021.01.10-15.00.18:552][  0]LogConfig: Setting CVar [[r.SSS.Scale:1]]
[2021.01.10-15.00.18:552][  0]LogConfig: Setting CVar [[r.SSS.SampleSet:2]]
[2021.01.10-15.00.18:552][  0]LogConfig: Setting CVar [[r.SSS.Quality:1]]
[2021.01.10-15.00.18:552][  0]LogConfig: Setting CVar [[r.SSS.HalfRes:0]]
[2021.01.10-15.00.18:552][  0]LogConfig: Setting CVar [[r.SSGI.Quality:3]]
[2021.01.10-15.00.18:552][  0]LogConfig: Setting CVar [[r.EmitterSpawnRateScale:1.0]]
[2021.01.10-15.00.18:552][  0]LogConfig: Setting CVar [[r.ParticleLightQuality:2]]
[2021.01.10-15.00.18:552][  0]LogConfig: Setting CVar [[r.SkyAtmosphere.AerialPerspectiveLUT.FastApplyOnOpaque:1 ; Always have FastSkyLUT 1 in this case to avoid wrong sky]]
[2021.01.10-15.00.18:552][  0]LogConfig: Setting CVar [[r.SkyAtmosphere.AerialPerspectiveLUT.SampleCountPerSlice:1]]
[2021.01.10-15.00.18:552][  0]LogConfig: Setting CVar [[r.SkyAtmosphere.AerialPerspectiveLUT.DepthResolution:16.0]]
[2021.01.10-15.00.18:552][  0]LogConfig: Setting CVar [[r.SkyAtmosphere.FastSkyLUT:1]]
[2021.01.10-15.00.18:552][  0]LogConfig: Setting CVar [[r.SkyAtmosphere.FastSkyLUT.SampleCountMin:4.0]]
[2021.01.10-15.00.18:552][  0]LogConfig: Setting CVar [[r.SkyAtmosphere.FastSkyLUT.SampleCountMax:32.0]]
[2021.01.10-15.00.18:552][  0]LogConfig: Setting CVar [[r.SkyAtmosphere.SampleCountMin:4.0]]
[2021.01.10-15.00.18:552][  0]LogConfig: Setting CVar [[r.SkyAtmosphere.SampleCountMax:32.0]]
[2021.01.10-15.00.18:552][  0]LogConfig: Setting CVar [[r.SkyAtmosphere.TransmittanceLUT.UseSmallFormat:0]]
[2021.01.10-15.00.18:552][  0]LogConfig: Setting CVar [[r.SkyAtmosphere.TransmittanceLUT.SampleCount:10.0]]
[2021.01.10-15.00.18:552][  0]LogConfig: Setting CVar [[r.SkyAtmosphere.MultiScatteringLUT.SampleCount:15.0]]
[2021.01.10-15.00.18:552][  0]LogConfig: Applying CVar settings from Section [FoliageQuality@3] File [E:/Bomberman/BombermanUE4/BBM/Saved/Config/Windows/Scalability.ini]
[2021.01.10-15.00.18:552][  0]LogConfig: Setting CVar [[foliage.DensityScale:1.0]]
[2021.01.10-15.00.18:552][  0]LogConfig: Setting CVar [[grass.DensityScale:1.0]]
[2021.01.10-15.00.18:552][  0]LogConfig: Applying CVar settings from Section [ShadingQuality@3] File [E:/Bomberman/BombermanUE4/BBM/Saved/Config/Windows/Scalability.ini]
[2021.01.10-15.00.18:552][  0]LogConfig: Setting CVar [[r.HairStrands.SkyLighting.SampleCount:16]]
[2021.01.10-15.00.18:552][  0]LogConfig: Setting CVar [[r.HairStrands.SkyLighting.JitterIntegration:0]]
[2021.01.10-15.00.18:552][  0]LogConfig: Setting CVar [[r.HairStrands.SkyAO.SampleCount:16]]
[2021.01.10-15.00.18:553][  0]LogConfig: Setting CVar [[r.HairStrands.DeepShadow.SuperSampling:0]]
[2021.01.10-15.00.18:553][  0]LogConfig: Setting CVar [[r.HairStrands.VisibilityPPLL:0]]
[2021.01.10-15.00.18:553][  0]LogConfig: Setting CVar [[r.HairStrands.RasterizationScale:0.5]]
[2021.01.10-15.00.18:553][  0]LogConfig: Setting CVar [[r.HairStrands.VelocityRasterizationScale:1]]
[2021.01.10-15.00.18:554][  0]LogInit: Selected Device Profile: [Windows]
[2021.01.10-15.00.18:555][  0]LogInit: Applying CVar settings loaded from the selected device profile: [Windows]
[2021.01.10-15.00.18:558][  0]LogHAL: Display: Platform has ~ 16 GB [17133084672 / 17179869184 / 16], which maps to Larger [LargestMinGB=32, LargerMinGB=12, DefaultMinGB=8, SmallerMinGB=6, SmallestMinGB=0)
[2021.01.10-15.00.18:558][  0]LogInit: Going up to parent DeviceProfile []
[2021.01.10-15.00.18:559][  0]LogConfig: Applying CVar settings from Section [ViewDistanceQuality@3] File [E:/Bomberman/BombermanUE4/BBM/Saved/Config/Windows/Scalability.ini]
[2021.01.10-15.00.18:559][  0]LogConfig: Setting CVar [[r.SkeletalMeshLODBias:0]]
[2021.01.10-15.00.18:559][  0]LogConfig: Setting CVar [[r.ViewDistanceScale:1.0]]
[2021.01.10-15.00.18:559][  0]LogConfig: Applying CVar settings from Section [AntiAliasingQuality@3] File [E:/Bomberman/BombermanUE4/BBM/Saved/Config/Windows/Scalability.ini]
[2021.01.10-15.00.18:560][  0]LogConfig: Setting CVar [[r.PostProcessAAQuality:4]]
[2021.01.10-15.00.18:560][  0]LogConfig: Applying CVar settings from Section [ShadowQuality@3] File [E:/Bomberman/BombermanUE4/BBM/Saved/Config/Windows/Scalability.ini]
[2021.01.10-15.00.18:560][  0]LogConfig: Setting CVar [[r.LightFunctionQuality:1]]
[2021.01.10-15.00.18:560][  0]LogConfig: Setting CVar [[r.ShadowQuality:5]]
[2021.01.10-15.00.18:560][  0]LogConfig: Setting CVar [[r.Shadow.CSM.MaxCascades:10]]
[2021.01.10-15.00.18:560][  0]LogConfig: Setting CVar [[r.Shadow.MaxResolution:2048]]
[2021.01.10-15.00.18:560][  0]LogConfig: Setting CVar [[r.Shadow.MaxCSMResolution:2048]]
[2021.01.10-15.00.18:560][  0]LogConfig: Setting CVar [[r.Shadow.RadiusThreshold:0.01]]
[2021.01.10-15.00.18:560][  0]LogConfig: Setting CVar [[r.Shadow.DistanceScale:1.0]]
[2021.01.10-15.00.18:560][  0]LogConfig: Setting CVar [[r.Shadow.CSM.TransitionScale:1.0]]
[2021.01.10-15.00.18:560][  0]LogConfig: Setting CVar [[r.Shadow.PreShadowResolutionFactor:1.0]]
[2021.01.10-15.00.18:560][  0]LogConfig: Setting CVar [[r.DistanceFieldShadowing:1]]
[2021.01.10-15.00.18:560][  0]LogConfig: Setting CVar [[r.DistanceFieldAO:1]]
[2021.01.10-15.00.18:560][  0]LogConfig: Setting CVar [[r.AOQuality:2]]
[2021.01.10-15.00.18:560][  0]LogConfig: Setting CVar [[r.VolumetricFog:1]]
[2021.01.10-15.00.18:560][  0]LogConfig: Setting CVar [[r.VolumetricFog.GridPixelSize:8]]
[2021.01.10-15.00.18:560][  0]LogConfig: Setting CVar [[r.VolumetricFog.GridSizeZ:128]]
[2021.01.10-15.00.18:560][  0]LogConfig: Setting CVar [[r.VolumetricFog.HistoryMissSupersampleCount:4]]
[2021.01.10-15.00.18:560][  0]LogConfig: Setting CVar [[r.LightMaxDrawDistanceScale:1]]
[2021.01.10-15.00.18:560][  0]LogConfig: Setting CVar [[r.CapsuleShadows:1]]
[2021.01.10-15.00.18:560][  0]LogConfig: Applying CVar settings from Section [PostProcessQuality@3] File [E:/Bomberman/BombermanUE4/BBM/Saved/Config/Windows/Scalability.ini]
[2021.01.10-15.00.18:560][  0]LogConfig: Setting CVar [[r.MotionBlurQuality:4]]
[2021.01.10-15.00.18:560][  0]LogConfig: Setting CVar [[r.AmbientOcclusionMipLevelFactor:0.4]]
[2021.01.10-15.00.18:560][  0]LogConfig: Setting CVar [[r.AmbientOcclusionMaxQuality:100]]
[2021.01.10-15.00.18:560][  0]LogConfig: Setting CVar [[r.AmbientOcclusionLevels:-1]]
[2021.01.10-15.00.18:560][  0]LogConfig: Setting CVar [[r.AmbientOcclusionRadiusScale:1.0]]
[2021.01.10-15.00.18:560][  0]LogConfig: Setting CVar [[r.DepthOfFieldQuality:2]]
[2021.01.10-15.00.18:560][  0]LogConfig: Setting CVar [[r.RenderTargetPoolMin:400]]
[2021.01.10-15.00.18:560][  0]LogConfig: Setting CVar [[r.LensFlareQuality:2]]
[2021.01.10-15.00.18:560][  0]LogConfig: Setting CVar [[r.SceneColorFringeQuality:1]]
[2021.01.10-15.00.18:561][  0]LogConfig: Setting CVar [[r.EyeAdaptationQuality:2]]
[2021.01.10-15.00.18:561][  0]LogConfig: Setting CVar [[r.BloomQuality:5]]
[2021.01.10-15.00.18:561][  0]LogConfig: Setting CVar [[r.FastBlurThreshold:100]]
[2021.01.10-15.00.18:561][  0]LogConfig: Setting CVar [[r.Upscale.Quality:3]]
[2021.01.10-15.00.18:561][  0]LogConfig: Setting CVar [[r.Tonemapper.GrainQuantization:1]]
[2021.01.10-15.00.18:561][  0]LogConfig: Setting CVar [[r.LightShaftQuality:1]]
[2021.01.10-15.00.18:561][  0]LogConfig: Setting CVar [[r.Filter.SizeScale:1]]
[2021.01.10-15.00.18:561][  0]LogConfig: Setting CVar [[r.Tonemapper.Quality:5]]
[2021.01.10-15.00.18:561][  0]LogConfig: Setting CVar [[r.DOF.Gather.AccumulatorQuality:1        ; higher gathering accumulator quality]]
[2021.01.10-15.00.18:561][  0]LogConfig: Setting CVar [[r.DOF.Gather.PostfilterMethod:1          ; Median3x3 postfilering method]]
[2021.01.10-15.00.18:561][  0]LogConfig: Setting CVar [[r.DOF.Gather.EnableBokehSettings:0       ; no bokeh simulation when gathering]]
[2021.01.10-15.00.18:561][  0]LogConfig: Setting CVar [[r.DOF.Gather.RingCount:4                 ; medium number of samples when gathering]]
[2021.01.10-15.00.18:561][  0]LogConfig: Setting CVar [[r.DOF.Scatter.ForegroundCompositing:1    ; additive foreground scattering]]
[2021.01.10-15.00.18:561][  0]LogConfig: Setting CVar [[r.DOF.Scatter.BackgroundCompositing:2    ; additive background scattering]]
[2021.01.10-15.00.18:561][  0]LogConfig: Setting CVar [[r.DOF.Scatter.EnableBokehSettings:1      ; bokeh simulation when scattering]]
[2021.01.10-15.00.18:561][  0]LogConfig: Setting CVar [[r.DOF.Scatter.MaxSpriteRatio:0.1         ; only a maximum of 10% of scattered bokeh]]
[2021.01.10-15.00.18:561][  0]LogConfig: Setting CVar [[r.DOF.Recombine.Quality:1                ; cheap slight out of focus]]
[2021.01.10-15.00.18:561][  0]LogConfig: Setting CVar [[r.DOF.Recombine.EnableBokehSettings:0    ; no bokeh simulation on slight out of focus]]
[2021.01.10-15.00.18:561][  0]LogConfig: Setting CVar [[r.DOF.TemporalAAQuality:1                ; more stable temporal accumulation]]
[2021.01.10-15.00.18:561][  0]LogConfig: Setting CVar [[r.DOF.Kernel.MaxForegroundRadius:0.025]]
[2021.01.10-15.00.18:561][  0]LogConfig: Setting CVar [[r.DOF.Kernel.MaxBackgroundRadius:0.025]]
[2021.01.10-15.00.18:561][  0]LogConfig: Applying CVar settings from Section [TextureQuality@3] File [E:/Bomberman/BombermanUE4/BBM/Saved/Config/Windows/Scalability.ini]
[2021.01.10-15.00.18:561][  0]LogConfig: Setting CVar [[r.Streaming.MipBias:0]]
[2021.01.10-15.00.18:561][  0]LogConfig: Setting CVar [[r.Streaming.AmortizeCPUToGPUCopy:0]]
[2021.01.10-15.00.18:561][  0]LogConfig: Setting CVar [[r.Streaming.MaxNumTexturesToStreamPerFrame:0]]
[2021.01.10-15.00.18:561][  0]LogConfig: Setting CVar [[r.Streaming.Boost:1]]
[2021.01.10-15.00.18:561][  0]LogConfig: Setting CVar [[r.MaxAnisotropy:8]]
[2021.01.10-15.00.18:561][  0]LogConfig: Setting CVar [[r.VT.MaxAnisotropy:8]]
[2021.01.10-15.00.18:561][  0]LogConfig: Setting CVar [[r.Streaming.LimitPoolSizeToVRAM:0]]
[2021.01.10-15.00.18:561][  0]LogConfig: Setting CVar [[r.Streaming.PoolSize:1000]]
[2021.01.10-15.00.18:561][  0]LogConfig: Setting CVar [[r.Streaming.MaxEffectiveScreenSize:0]]
[2021.01.10-15.00.18:561][  0]LogConfig: Applying CVar settings from Section [EffectsQuality@3] File [E:/Bomberman/BombermanUE4/BBM/Saved/Config/Windows/Scalability.ini]
[2021.01.10-15.00.18:562][  0]LogConfig: Setting CVar [[r.TranslucencyLightingVolumeDim:64]]
[2021.01.10-15.00.18:562][  0]LogConfig: Setting CVar [[r.RefractionQuality:2]]
[2021.01.10-15.00.18:562][  0]LogConfig: Setting CVar [[r.SSR.Quality:3]]
[2021.01.10-15.00.18:562][  0]LogConfig: Setting CVar [[r.SSR.HalfResSceneColor:0]]
[2021.01.10-15.00.18:562][  0]LogConfig: Setting CVar [[r.SceneColorFormat:4]]
[2021.01.10-15.00.18:562][  0]LogConfig: Setting CVar [[r.DetailMode:2]]
[2021.01.10-15.00.18:562][  0]LogConfig: Setting CVar [[r.TranslucencyVolumeBlur:1]]
[2021.01.10-15.00.18:562][  0]LogConfig: Setting CVar [[r.MaterialQualityLevel:1 ; High quality]]
[2021.01.10-15.00.18:562][  0]LogConfig: Setting CVar [[r.SSS.Scale:1]]
[2021.01.10-15.00.18:562][  0]LogConfig: Setting CVar [[r.SSS.SampleSet:2]]
[2021.01.10-15.00.18:562][  0]LogConfig: Setting CVar [[r.SSS.Quality:1]]
[2021.01.10-15.00.18:562][  0]LogConfig: Setting CVar [[r.SSS.HalfRes:0]]
[2021.01.10-15.00.18:562][  0]LogConfig: Setting CVar [[r.SSGI.Quality:3]]
[2021.01.10-15.00.18:562][  0]LogConfig: Setting CVar [[r.EmitterSpawnRateScale:1.0]]
[2021.01.10-15.00.18:562][  0]LogConfig: Setting CVar [[r.ParticleLightQuality:2]]
[2021.01.10-15.00.18:562][  0]LogConfig: Setting CVar [[r.SkyAtmosphere.AerialPerspectiveLUT.FastApplyOnOpaque:1 ; Always have FastSkyLUT 1 in this case to avoid wrong sky]]
[2021.01.10-15.00.18:562][  0]LogConfig: Setting CVar [[r.SkyAtmosphere.AerialPerspectiveLUT.SampleCountPerSlice:1]]
[2021.01.10-15.00.18:562][  0]LogConfig: Setting CVar [[r.SkyAtmosphere.AerialPerspectiveLUT.DepthResolution:16.0]]
[2021.01.10-15.00.18:562][  0]LogConfig: Setting CVar [[r.SkyAtmosphere.FastSkyLUT:1]]
[2021.01.10-15.00.18:562][  0]LogConfig: Setting CVar [[r.SkyAtmosphere.FastSkyLUT.SampleCountMin:4.0]]
[2021.01.10-15.00.18:562][  0]LogConfig: Setting CVar [[r.SkyAtmosphere.FastSkyLUT.SampleCountMax:32.0]]
[2021.01.10-15.00.18:562][  0]LogConfig: Setting CVar [[r.SkyAtmosphere.SampleCountMin:4.0]]
[2021.01.10-15.00.18:562][  0]LogConfig: Setting CVar [[r.SkyAtmosphere.SampleCountMax:32.0]]
[2021.01.10-15.00.18:562][  0]LogConfig: Setting CVar [[r.SkyAtmosphere.TransmittanceLUT.UseSmallFormat:0]]
[2021.01.10-15.00.18:562][  0]LogConfig: Setting CVar [[r.SkyAtmosphere.TransmittanceLUT.SampleCount:10.0]]
[2021.01.10-15.00.18:562][  0]LogConfig: Setting CVar [[r.SkyAtmosphere.MultiScatteringLUT.SampleCount:15.0]]
[2021.01.10-15.00.18:562][  0]LogConfig: Applying CVar settings from Section [FoliageQuality@3] File [E:/Bomberman/BombermanUE4/BBM/Saved/Config/Windows/Scalability.ini]
[2021.01.10-15.00.18:562][  0]LogConfig: Setting CVar [[foliage.DensityScale:1.0]]
[2021.01.10-15.00.18:562][  0]LogConfig: Setting CVar [[grass.DensityScale:1.0]]
[2021.01.10-15.00.18:562][  0]LogConfig: Applying CVar settings from Section [ShadingQuality@3] File [E:/Bomberman/BombermanUE4/BBM/Saved/Config/Windows/Scalability.ini]
[2021.01.10-15.00.18:562][  0]LogConfig: Setting CVar [[r.HairStrands.SkyLighting.SampleCount:16]]
[2021.01.10-15.00.18:562][  0]LogConfig: Setting CVar [[r.HairStrands.SkyLighting.JitterIntegration:0]]
[2021.01.10-15.00.18:563][  0]LogConfig: Setting CVar [[r.HairStrands.SkyAO.SampleCount:16]]
[2021.01.10-15.00.18:563][  0]LogConfig: Setting CVar [[r.HairStrands.DeepShadow.SuperSampling:0]]
[2021.01.10-15.00.18:563][  0]LogConfig: Setting CVar [[r.HairStrands.VisibilityPPLL:0]]
[2021.01.10-15.00.18:563][  0]LogConfig: Setting CVar [[r.HairStrands.RasterizationScale:0.5]]
[2021.01.10-15.00.18:563][  0]LogConfig: Setting CVar [[r.HairStrands.VelocityRasterizationScale:1]]
[2021.01.10-15.00.18:563][  0]LogConfig: Applying CVar settings from Section [Startup] File [../../../Engine/Config/ConsoleVariables.ini]
[2021.01.10-15.00.18:563][  0]LogConfig: Setting CVar [[net.UseAdaptiveNetUpdateFrequency:0]]
[2021.01.10-15.00.18:563][  0]LogConfig: Setting CVar [[p.chaos.AllowCreatePhysxBodies:1]]
[2021.01.10-15.00.18:563][  0]LogConfig: Setting CVar [[fx.SkipVectorVMBackendOptimizations:1]]
[2021.01.10-15.00.18:563][  0]LogConfig: Applying CVar settings from Section [ConsoleVariables] File [E:/Bomberman/BombermanUE4/BBM/Saved/Config/Windows/Engine.ini]
[2021.01.10-15.00.18:566][  0]LogInit: Computer: MRFAB
[2021.01.10-15.00.18:566][  0]LogInit: User: MrFab
[2021.01.10-15.00.18:567][  0]LogInit: CPU Page size=4096, Cores=6
[2021.01.10-15.00.18:567][  0]LogInit: High frequency timer resolution =10.000000 MHz
[2021.01.10-15.00.18:568][  0]LogMemory: Memory total: Physical=16.0GB (16GB approx)
[2021.01.10-15.00.18:569][  0]LogMemory: Platform Memory Stats for Windows
[2021.01.10-15.00.18:569][  0]LogMemory: Process Physical Memory: 121.55 MB used, 121.55 MB peak
[2021.01.10-15.00.18:569][  0]LogMemory: Process Virtual Memory: 106.13 MB used, 106.13 MB peak
[2021.01.10-15.00.18:569][  0]LogMemory: Physical Memory: 6655.53 MB used,  9683.85 MB free, 16339.38 MB total
[2021.01.10-15.00.18:569][  0]LogMemory: Virtual Memory: 5251.63 MB used,  134212480.00 MB free, 134217728.00 MB total
[2021.01.10-15.00.18:582][  0]LogWindows: WindowsPlatformFeatures enabled
[2021.01.10-15.00.18:919][  0]LogInit: Physics initialised using underlying interface: PhysX
[2021.01.10-15.00.18:930][  0]LogInit: Using OS detected language (en-GB).
[2021.01.10-15.00.18:930][  0]LogInit: Using OS detected locale (en-IN).
[2021.01.10-15.00.18:951][  0]LogTextLocalizationManager: No specific localization for 'en-GB' exists, so the 'en' localization will be used.
[2021.01.10-15.00.19:333][  0]LogInit: Setting process to per monitor DPI aware
[2021.01.10-15.00.19:510][  0]LogSlate: New Slate User Created.  User Index 0, Is Virtual User: 0
[2021.01.10-15.00.19:511][  0]LogSlate: Slate User Registered.  User Index 0, Is Virtual User: 0
[2021.01.10-15.00.19:941][  0]LogHMD: Failed to initialize OpenVR with code 110
[2021.01.10-15.00.19:941][  0]LogD3D11RHI: D3D11 min allowed feature level: 11_0
[2021.01.10-15.00.19:941][  0]LogD3D11RHI: D3D11 max allowed feature level: 11_0
[2021.01.10-15.00.19:941][  0]LogD3D11RHI: D3D11 adapters:
[2021.01.10-15.00.20:052][  0]LogD3D11RHI:    0. 'NVIDIA GeForce GTX 1060 6GB' (Feature Level 11_0)
[2021.01.10-15.00.20:052][  0]LogD3D11RHI:       6052/0/8169 MB DedicatedVideo/DedicatedSystem/SharedSystem, Outputs:1, VendorId:0x10de
[2021.01.10-15.00.20:054][  0]LogD3D11RHI:    1. 'Microsoft Basic Render Driver' (Feature Level 11_0)
[2021.01.10-15.00.20:054][  0]LogD3D11RHI:       0/0/8169 MB DedicatedVideo/DedicatedSystem/SharedSystem, Outputs:0, VendorId:0x1414
[2021.01.10-15.00.20:054][  0]LogD3D11RHI: Chosen D3D11 Adapter: 0
[2021.01.10-15.00.20:068][  0]LogD3D11RHI: Creating new Direct3DDevice
[2021.01.10-15.00.20:068][  0]LogD3D11RHI:     GPU DeviceId: 0x1c03 (for the marketing name, search the web for "GPU Device Id")
[2021.01.10-15.00.20:068][  0]LogWindows: EnumDisplayDevices:
[2021.01.10-15.00.20:069][  0]LogWindows:    0. 'NVIDIA GeForce GTX 1060 6GB' (P:1 D:1)
[2021.01.10-15.00.20:069][  0]LogWindows:    1. 'NVIDIA GeForce GTX 1060 6GB' (P:0 D:0)
[2021.01.10-15.00.20:069][  0]LogWindows:    2. 'NVIDIA GeForce GTX 1060 6GB' (P:0 D:0)
[2021.01.10-15.00.20:069][  0]LogWindows:    3. 'NVIDIA GeForce GTX 1060 6GB' (P:0 D:0)
[2021.01.10-15.00.20:069][  0]LogWindows: DebugString: FoundDriverCount:4 
[2021.01.10-15.00.20:069][  0]LogD3D11RHI:     Adapter Name: NVIDIA GeForce GTX 1060 6GB
[2021.01.10-15.00.20:070][  0]LogD3D11RHI:   Driver Version: 457.30 (internal:27.21.14.5730, unified:457.30)
[2021.01.10-15.00.20:070][  0]LogD3D11RHI:      Driver Date: 11-6-2020
[2021.01.10-15.00.20:070][  0]LogRHI: Texture pool is 4236 MB (70% of 6052 MB)
[2021.01.10-15.00.20:135][  0]LogD3D11RHI: RHI has support for 64 bit atomics
[2021.01.10-15.00.20:141][  0]LogD3D11RHI: [Aftermath] Enabled and primed
[2021.01.10-15.00.20:141][  0]LogD3D11RHI: Async texture creation enabled
[2021.01.10-15.00.20:141][  0]LogD3D11RHI: Array index from any shader is supported
[2021.01.10-15.00.20:252][  0]LogD3D11RHI: GPU Timing Frequency: 1000.000000 (Debug: 2 1)
[2021.01.10-15.00.20:680][  0]LogTargetPlatformManager: Display: Loaded TargetPlatform 'AllDesktop'
[2021.01.10-15.00.20:709][  0]LogTargetPlatformManager: Display: Loaded TargetPlatform 'Android'
[2021.01.10-15.00.20:709][  0]LogTargetPlatformManager: Display: Loaded TargetPlatform 'Android_ASTC'
[2021.01.10-15.00.20:709][  0]LogTargetPlatformManager: Display: Loaded TargetPlatform 'Android_DXT'
[2021.01.10-15.00.20:709][  0]LogTargetPlatformManager: Display: Loaded TargetPlatform 'Android_ETC2'
[2021.01.10-15.00.20:709][  0]LogTargetPlatformManager: Display: Loaded TargetPlatform 'AndroidClient'
[2021.01.10-15.00.20:709][  0]LogTargetPlatformManager: Display: Loaded TargetPlatform 'Android_ASTCClient'
[2021.01.10-15.00.20:709][  0]LogTargetPlatformManager: Display: Loaded TargetPlatform 'Android_DXTClient'
[2021.01.10-15.00.20:709][  0]LogTargetPlatformManager: Display: Loaded TargetPlatform 'Android_ETC2Client'
[2021.01.10-15.00.20:709][  0]LogTargetPlatformManager: Display: Loaded TargetPlatform 'Android_Multi'
[2021.01.10-15.00.20:709][  0]LogTargetPlatformManager: Display: Loaded TargetPlatform 'Android_MultiClient'
[2021.01.10-15.00.20:765][  0]LogTargetPlatformManager: Display: Loaded TargetPlatform 'IOSClient'
[2021.01.10-15.00.20:765][  0]LogTargetPlatformManager: Display: Loaded TargetPlatform 'IOS'
[2021.01.10-15.00.20:825][  0]LogTargetPlatformManager: Display: Loaded TargetPlatform 'Linux'
[2021.01.10-15.00.20:851][  0]LogTargetPlatformManager: Display: Loaded TargetPlatform 'LinuxNoEditor'
[2021.01.10-15.00.20:871][  0]LogTargetPlatformManager: Display: Loaded TargetPlatform 'LinuxClient'
[2021.01.10-15.00.20:888][  0]LogTargetPlatformManager: Display: Loaded TargetPlatform 'LinuxServer'
[2021.01.10-15.00.20:903][  0]LogTargetPlatformManager: Display: Loaded TargetPlatform 'LinuxAArch64NoEditor'
[2021.01.10-15.00.20:921][  0]LogTargetPlatformManager: Display: Loaded TargetPlatform 'LinuxAArch64Client'
[2021.01.10-15.00.20:938][  0]LogTargetPlatformManager: Display: Loaded TargetPlatform 'LinuxAArch64Server'
[2021.01.10-15.00.20:992][  0]LogTargetPlatformManager: Display: Loaded TargetPlatform 'Lumin'
[2021.01.10-15.00.20:992][  0]LogTargetPlatformManager: Display: Loaded TargetPlatform 'LuminClient'
[2021.01.10-15.00.21:034][  0]LogTargetPlatformManager: Display: Loaded TargetPlatform 'TVOSClient'
[2021.01.10-15.00.21:034][  0]LogTargetPlatformManager: Display: Loaded TargetPlatform 'TVOS'
[2021.01.10-15.00.21:063][  0]LogTargetPlatformManager: Display: Loaded TargetPlatform 'WindowsNoEditor'
[2021.01.10-15.00.21:079][  0]LogTargetPlatformManager: Display: Loaded TargetPlatform 'Windows'
[2021.01.10-15.00.21:108][  0]LogTargetPlatformManager: Display: Loaded TargetPlatform 'WindowsClient'
[2021.01.10-15.00.21:133][  0]LogTargetPlatformManager: Display: Loaded TargetPlatform 'WindowsServer'
[2021.01.10-15.00.21:133][  0]LogTargetPlatformManager: Display: Building Assets For Windows
[2021.01.10-15.00.21:165][  0]LogAudioDebug: Display: Lib vorbis DLL was dynamically loaded.
[2021.01.10-15.00.21:379][  0]LogShaderCompilers: Guid format shader working directory is 8 characters bigger than the processId version (../../../../Bomberman/BombermanUE4/BBM/Intermediate/Shaders/WorkingDirectory/17236/).
[2021.01.10-15.00.21:379][  0]LogShaderCompilers: Cleaned the shader compiler working directory 'C:/Users/Mr.Fab/AppData/Local/Temp/UnrealShaderWorkingDir/587ACF61410C2773EFB0428E191789F8/'.
[2021.01.10-15.00.21:383][  0]LogXGEController: Cleaning working directory: C:/Users/Mr.Fab/AppData/Local/Temp/UnrealXGEWorkingDir/
[2021.01.10-15.00.21:384][  0]LogXGEController: Cannot use XGE Controller as Incredibuild is not installed on this machine.
[2021.01.10-15.00.21:384][  0]LogShaderCompilers: Cannot use XGE Shader Compiler as Incredibuild is not installed on this machine.
[2021.01.10-15.00.21:384][  0]LogShaderCompilers: Display: Using Local Shader Compiler.
[2021.01.10-15.00.22:719][  0]LogDerivedDataCache: Display: Max Cache Size: 512 MB
[2021.01.10-15.00.22:719][  0]LogDerivedDataCache: Display: Starting with empty Boot cache
[2021.01.10-15.00.22:719][  0]LogDerivedDataCache: FDerivedDataBackendGraph:  Pak pak cache file ../../../../Bomberman/BombermanUE4/BBM/DerivedDataCache/DDC.ddp not found, will not use a pak cache.
[2021.01.10-15.00.22:719][  0]LogDerivedDataCache: Unable to find inner node Pak for hierarchical cache Hierarchy.
[2021.01.10-15.00.22:719][  0]LogDerivedDataCache: FDerivedDataBackendGraph:  CompressedPak pak cache file ../../../../Bomberman/BombermanUE4/BBM/DerivedDataCache/Compressed.ddp not found, will not use a pak cache.
[2021.01.10-15.00.22:719][  0]LogDerivedDataCache: Unable to find inner node CompressedPak for hierarchical cache Hierarchy.
[2021.01.10-15.00.22:736][  0]LogDerivedDataCache: Display: Pak cache opened for reading ../../../Engine/DerivedDataCache/Compressed.ddp.
[2021.01.10-15.00.22:736][  0]LogDerivedDataCache: FDerivedDataBackendGraph:  EnterprisePak pak cache file ../../../Enterprise/DerivedDataCache/Compressed.ddp not found, will not use a pak cache.
[2021.01.10-15.00.22:736][  0]LogDerivedDataCache: Unable to find inner node EnterprisePak for hierarchical cache Hierarchy.
[2021.01.10-15.00.22:738][  0]LogDerivedDataCache: Using Local data cache path C:/Users/Mr.Fab/AppData/Local/UnrealEngine/Common/DerivedDataCache: Writable
[2021.01.10-15.00.22:738][  0]LogDerivedDataCache: Shared data cache path not found in *engine.ini, will not use an Shared cache.
[2021.01.10-15.00.22:738][  0]LogDerivedDataCache: Unable to find inner node Shared for hierarchical cache Hierarchy.
[2021.01.10-15.00.22:843][  0]LogSlate: Using FreeType 2.10.0
[2021.01.10-15.00.22:848][  0]LogSlate: SlateFontServices - WITH_FREETYPE: 1, WITH_HARFBUZZ: 1
[2021.01.10-15.00.22:935][  0]LogAssetRegistry: FAssetRegistry took 0.0119 seconds to start up
[2021.01.10-15.00.23:950][  0]LogInit: Selected Device Profile: [Windows]
[2021.01.10-15.00.24:540][  0]LogMeshReduction: Using QuadricMeshReduction for automatic static mesh reduction
[2021.01.10-15.00.24:540][  0]LogMeshReduction: Using SimplygonMeshReduction for automatic skeletal mesh reduction
[2021.01.10-15.00.24:540][  0]LogMeshReduction: Using ProxyLODMeshReduction for automatic mesh merging
[2021.01.10-15.00.24:540][  0]LogMeshReduction: No distributed automatic mesh merging module available
[2021.01.10-15.00.24:542][  0]LogMeshMerging: No distributed automatic mesh merging module available
[2021.01.10-15.00.24:676][  0]LogNetVersion: BBM 1.0.0, NetCL: 13144385, EngineNetVer: 14, GameNetVer: 0 (Checksum: 3360156425)
[2021.01.10-15.00.26:838][  0]LogAISub: UAISubsystem::UAISubsystem AISubsystem (0000018F19CE5C80), frame # 0
[2021.01.10-15.00.26:838][  0]LogAISub: UAISubsystem::UAISubsystem AIPerceptionSystem (0000018F19841E40), frame # 0
[2021.01.10-15.00.26:847][  0]LogAISub: UAISubsystem::UAISubsystem EnvQueryManager (0000018F19875A00), frame # 0
[2021.01.10-15.00.26:931][  0]LogPackageLocalizationCache: Processed 19 localized package path(s) for 1 prioritized culture(s) in 0.030064 seconds
[2021.01.10-15.00.26:938][  0]LogUObjectArray: 15917 objects as part of root set at end of initial load.
[2021.01.10-15.00.26:938][  0]LogUObjectAllocator: 3965568 out of 0 bytes used by permanent object pool.
[2021.01.10-15.00.26:938][  0]LogUObjectArray: CloseDisregardForGC: 0/0 objects in disregard for GC pool
[2021.01.10-15.00.28:243][  0]LogTcpMessaging: Initializing TcpMessaging bridge
[2021.01.10-15.00.28:256][  0]LogUdpMessaging: Initializing bridge on interface 0.0.0.0:0 to multicast group 230.0.0.1:6666.
[2021.01.10-15.00.28:474][  0]SourceControl: Source control is disabled
[2021.01.10-15.00.28:474][  0]SourceControl: Source control is disabled
[2021.01.10-15.00.28:493][  0]SourceControl: Source control is disabled
[2021.01.10-15.00.28:508][  0]SourceControl: Source control is disabled
[2021.01.10-15.00.28:548][  0]SourceControl: Source control is disabled
[2021.01.10-15.00.29:366][  0]LogAndroidPermission: UAndroidPermissionCallbackProxy::GetInstance
[2021.01.10-15.00.29:410][  0]LogAudioCaptureCore: Display: No Audio Capture implementations found. Audio input will be silent.
[2021.01.10-15.00.29:410][  0]LogAudioCaptureCore: Display: No Audio Capture implementations found. Audio input will be silent.
[2021.01.10-15.00.29:520][  0]LogOcInput: OculusInput pre-init called
[2021.01.10-15.00.29:544][  0]LogWindows: Failed to load 'OVRPlugin.dll' (GetLastError=126)
[2021.01.10-15.00.29:544][  0]LogWindows: File 'OVRPlugin.dll' does not exist
[2021.01.10-15.00.29:771][  0]LogEngine: Initializing Engine...
[2021.01.10-15.00.29:775][  0]LogHMD: Failed to initialize OpenVR with code 110
[2021.01.10-15.00.29:775][  0]LogMagicLeap: Warning: VR disabled because ZI is not enabled.  To enable, in the editor, Edit -> Project Settings -> Plugins -> Magic Leap Plugin -> Enable Zero Iteration
[2021.01.10-15.00.29:780][  0]LogStats: UGameplayTagsManager::InitializeManager -  0.003 s
[2021.01.10-15.00.30:165][  0]LogInit: Initializing FReadOnlyCVARCache
[2021.01.10-15.00.30:243][  0]LogAIModule: Creating AISystem for world Untitled
[2021.01.10-15.00.30:243][  0]LogAISub: UAISubsystem::UAISubsystem EnvQueryManager (0000018F24417C00), frame # 0
[2021.01.10-15.00.30:243][  0]LogAISub: UAISubsystem::UAISubsystem AIPerceptionSystem (0000018F2444DE40), frame # 0
[2021.01.10-15.00.30:271][  0]LogAudioMixer: Display: Audio Mixer Platform Settings:
[2021.01.10-15.00.30:271][  0]LogAudioMixer: Display: 	Sample Rate:						  48000
[2021.01.10-15.00.30:272][  0]LogAudioMixer: Display: 	Callback Buffer Frame Size Requested: 1024
[2021.01.10-15.00.30:272][  0]LogAudioMixer: Display: 	Callback Buffer Frame Size To Use:	  1024
[2021.01.10-15.00.30:272][  0]LogAudioMixer: Display: 	Number of buffers to queue:			  2
[2021.01.10-15.00.30:272][  0]LogAudioMixer: Display: 	Max Channels (voices):				  32
[2021.01.10-15.00.30:272][  0]LogAudioMixer: Display: 	Number of Async Source Workers:		  0
[2021.01.10-15.00.30:272][  0]LogAudio: Display: AudioDevice MaxSources: 32
[2021.01.10-15.00.30:275][  0]LogAudio: Display: Using built-in audio occlusion.
[2021.01.10-15.00.30:276][  0]LogAudioMixer: Display: Initializing audio mixer.
[2021.01.10-15.00.30:310][  0]LogAudioMixer: Display: 0: FrontLeft
[2021.01.10-15.00.30:310][  0]LogAudioMixer: Display: 1: FrontRight
[2021.01.10-15.00.30:351][  0]LogAudioMixer: Display: Using Audio Device Speakers (5- USB Audio Device)
[2021.01.10-15.00.30:354][  0]LogAudioMixer: Display: Initializing Sound Submixes...
[2021.01.10-15.00.30:356][  0]LogAudioMixer: Display: Creating Master Submix 'MasterSubmixDefault'
[2021.01.10-15.00.30:356][  0]LogAudioMixer: Display: Creating Master Submix 'MasterReverbSubmixDefault'
[2021.01.10-15.00.30:358][  0]LogAudioMixer: Display: Creating Master Submix 'MasterEQSubmixDefault'
[2021.01.10-15.00.30:360][  0]LogInit: FAudioDevice initialized.
[2021.01.10-15.00.30:361][  0]LogNetVersion: Set ProjectVersion to 1.0.0.0. Version Checksum will be recalculated on next use.
[2021.01.10-15.00.31:287][  0]LogDerivedDataCache: Saved boot cache 0.93s 77MB C:/Users/Mr.Fab/AppData/Local/UnrealEngine/4.25/DerivedDataCache/Boot.ddc.
[2021.01.10-15.00.31:290][  0]LogInit: Texture streaming: Enabled
[2021.01.10-15.00.31:321][  0]LogEngineSessionManager: EngineSessionManager initialized
[2021.01.10-15.00.31:321][  0]LogEditorSessionSummary: Verbose: Initializing EditorSessionSummaryWriter for editor session tracking
[2021.01.10-15.00.31:325][  0]LogEditorSessionSummary: EditorSessionSummaryWriter initialized
[2021.01.10-15.00.31:398][  0]LogInit: Transaction tracking system initialized
[2021.01.10-15.00.31:485][  0]BlueprintLog: New page: Editor Load
[2021.01.10-15.00.31:870][  0]LocalizationService: Localization service is disabled
[2021.01.10-15.00.32:254][  0]LogFileCache: Scanning file cache for directory 'E:/Bomberman/BombermanUE4/BBM/Content/' took 0.00s
[2021.01.10-15.00.32:254][  0]LogCook: Display: Max memory allowance for cook 16384mb min free memory 0mb
[2021.01.10-15.00.32:254][  0]LogCook: Display: Mobile HDR setting 1
[2021.01.10-15.00.32:949][  0]SourceControl: Source control is disabled
[2021.01.10-15.00.32:949][  0]LogUnrealEdMisc: Loading editor; pre map load, took 66.594
[2021.01.10-15.00.32:952][  0]Cmd: MAP LOAD FILE="../../../../Bomberman/BombermanUE4/BBM/Content/Maps/Level.umap" TEMPLATE=0 SHOWPROGRESS=1 FEATURELEVEL=3
[2021.01.10-15.00.32:953][  0]LightingResults: New page: Lighting Build
[2021.01.10-15.00.32:966][  0]LogWorld: UWorld::CleanupWorld for Untitled, bSessionEnded=true, bCleanupResources=true
[2021.01.10-15.00.32:967][  0]LogSlate: InvalidateAllWidgets triggered.  All widgets were invalidated
[2021.01.10-15.00.32:969][  0]MapCheck: New page: Map Check
[2021.01.10-15.00.32:969][  0]LightingResults: New page: Lighting Build
[2021.01.10-15.00.33:013][  0]LogAISub: UAISubsystem::~UAISubsystem EnvQueryManager (0000018F24417C00), frame # 0
[2021.01.10-15.00.33:013][  0]LogAISub: UAISubsystem::~UAISubsystem AIPerceptionSystem (0000018F2444DE40), frame # 0
[2021.01.10-15.00.33:014][  0]LogUObjectHash: Compacting FUObjectHashTables data took   0.79ms
[2021.01.10-15.00.33:317][  0]LogStaticMesh: Building static mesh Floor_400x400...
[2021.01.10-15.00.33:321][  0]LogStaticMesh: Built static mesh [0.00s] /Game/StarterContent/Architecture/Floor_400x400.Floor_400x400
[2021.01.10-15.00.33:424][  0]LogAIModule: Creating AISystem for world Level
[2021.01.10-15.00.33:424][  0]LogAISub: UAISubsystem::UAISubsystem EnvQueryManager (0000018F23F64400), frame # 0
[2021.01.10-15.00.33:424][  0]LogAISub: UAISubsystem::UAISubsystem AIPerceptionSystem (0000018F21311D00), frame # 0
[2021.01.10-15.00.33:465][  0]LogEditorServer: Finished looking for orphan Actors (0.000 secs)
[2021.01.10-15.00.33:494][  0]LogUObjectHash: Compacting FUObjectHashTables data took   1.18ms
[2021.01.10-15.00.33:495][  0]Cmd: MAP CHECKDEP NOCLEARLOG
[2021.01.10-15.00.33:497][  0]MapCheck: Map check complete: 0 Error(s), 0 Warning(s), took 0.798ms to complete.
[2021.01.10-15.00.33:497][  0]LogFileHelpers: Loading map 'Level' took 0.546
[2021.01.10-15.00.33:565][  0]LogUnrealEdMisc: Total Editor Startup Time, took 67.208
[2021.01.10-15.00.33:820][  0]LogSlate: Updating window title bar state: overlay mode, drag disabled, window buttons hidden, title bar hidden
[2021.01.10-15.00.33:830][  0]LogSlate: Updating window title bar state: overlay mode, drag disabled, window buttons hidden, title bar hidden
[2021.01.10-15.00.33:840][  0]LogSlate: Updating window title bar state: overlay mode, drag disabled, window buttons hidden, title bar hidden
[2021.01.10-15.00.33:849][  0]LogSlate: Updating window title bar state: overlay mode, drag disabled, window buttons hidden, title bar hidden
[2021.01.10-15.00.33:877][  0]LogCollectionManager: Loaded 0 collections in 0.001046 seconds
[2021.01.10-15.00.33:951][  0]LogFileCache: Scanning file cache for directory 'E:/Bomberman/BombermanUE4/BBM/Saved/Collections/' took 0.00s
[2021.01.10-15.00.33:951][  0]LogFileCache: Scanning file cache for directory 'E:/Bomberman/BombermanUE4/BBM/Content/Developers/MrFab/Collections/' took 0.00s
[2021.01.10-15.00.33:951][  0]LogFileCache: Scanning file cache for directory 'E:/Bomberman/BombermanUE4/BBM/Content/Collections/' took 0.00s
[2021.01.10-15.00.33:951][  0]LogContentBrowser: Native class hierarchy populated in 0.0177 seconds. Added 3429 classes and 823 folders.
[2021.01.10-15.00.33:972][  0]LogContentBrowser: Native class hierarchy updated for 'WidgetCarousel' in 0.0004 seconds. Added 0 classes and 0 folders.
[2021.01.10-15.00.34:179][  0]LogContentBrowser: Native class hierarchy updated for 'AddContentDialog' in 0.0004 seconds. Added 0 classes and 0 folders.
[2021.01.10-15.00.34:194][  0]LogContentBrowser: Native class hierarchy updated for 'SceneOutliner' in 0.0005 seconds. Added 2 classes and 0 folders.
[2021.01.10-15.00.34:514][  0]LogSlate: Took 0.001286 seconds to synchronously load lazily loaded font '../../../Engine/Content/Slate/Fonts/Roboto-Regular.ttf' (155K)
[2021.01.10-15.00.34:529][  0]LogSlate: Took 0.004788 seconds to synchronously load lazily loaded font '../../../Engine/Content/Slate/Fonts/Roboto-Bold.ttf' (160K)
[2021.01.10-15.00.34:546][  0]LogSlate: Took 0.001006 seconds to synchronously load lazily loaded font '../../../Engine/Content/Editor/Slate/Fonts/FontAwesome.ttf' (139K)
[2021.01.10-15.00.34:705][  0]LogRenderer: Reallocating scene render targets to support 1208x652 Format 10 NumSamples 1 (Frame:1).
[2021.01.10-15.00.34:919][  0]LogSlate: Took 0.001421 seconds to synchronously load lazily loaded font '../../../Engine/Content/Slate/Fonts/Roboto-Light.ttf' (167K)
[2021.01.10-15.00.35:104][  0]LogSlate: Window 'Tutorials' being destroyed
[2021.01.10-15.00.35:132][  0]LogContentBrowser: Native class hierarchy updated for 'HierarchicalLODOutliner' in 0.0005 seconds. Added 0 classes and 0 folders.
[2021.01.10-15.00.35:132][  0]LogLoad: (Engine Initialization) Total time: 68.78 seconds
[2021.01.10-15.00.35:132][  0]LogLoad: (Engine Initialization) Total Blueprint compile time: 0.00 seconds
[2021.01.10-15.00.35:212][  0]LogAssetRegistry: Asset discovery search completed in 12.2822 seconds
[2021.01.10-15.00.35:223][  0]LogCollectionManager: Fixed up redirectors for 0 collections in 0.000649 seconds (updated 0 objects)
[2021.01.10-15.00.35:249][  0]LogContentStreaming: Texture pool size now 1000 MB
[2021.01.10-15.00.51:616][706]LogSlate: Took 0.000171 seconds to synchronously load lazily loaded font '../../../Engine/Content/Slate/Fonts/Roboto-Light.ttf' (167K)
[2021.01.10-15.00.51:644][706]LogAssetEditorSubsystem: Opening Asset editor for Class /Script/BBM.Bomb
[2021.01.10-15.01.13:266][758]LogVSAccessor: Warning: Visual Studio is open but could not be queried - it may be blocked by a modal operation
[2021.01.10-15.01.13:345][759]LogVSAccessor: Warning: Couldn't get Visual Studio COM object
[2021.01.10-15.01.13:345][759]LogVSAccessor: Warning: Couldn't access Visual Studio
[2021.01.10-15.01.13:354][759]LogVSAccessor: Warning: Couldn't access module table
[2021.01.10-15.01.13:354][759]LogVSAccessor: Warning: Couldn't access module table
[2021.01.10-15.01.13:354][759]LogVSAccessor: Warning: Couldn't access module table
[2021.01.10-15.01.13:354][759]LogVSAccessor: Warning: Couldn't access module table
[2021.01.10-15.01.13:354][759]LogVSAccessor: Warning: Couldn't access module table
[2021.01.10-15.01.13:354][759]LogVSAccessor: Warning: Couldn't access module table
[2021.01.10-15.01.13:354][759]LogVSAccessor: Warning: Couldn't access module table
[2021.01.10-15.01.13:354][759]LogVSAccessor: Warning: Couldn't access module table
[2021.01.10-15.01.13:355][759]LogVSAccessor: Warning: Couldn't access module table
[2021.01.10-15.01.13:355][759]LogVSAccessor: Warning: Couldn't access module table
[2021.01.10-15.01.13:355][759]LogVSAccessor: Warning: Couldn't access module table
[2021.01.10-15.01.13:355][759]LogVSAccessor: Warning: Couldn't access module table
[2021.01.10-15.01.13:356][759]LogVSAccessor: Warning: Couldn't access module table
[2021.01.10-15.01.13:356][759]LogVSAccessor: Warning: Couldn't access module table
[2021.01.10-15.01.13:356][759]LogVSAccessor: Warning: Couldn't access module table
[2021.01.10-15.01.13:356][759]LogVSAccessor: Warning: Couldn't access module table
[2021.01.10-15.01.13:356][759]LogVSAccessor: Warning: Couldn't access module table
[2021.01.10-15.01.13:357][759]LogVSAccessor: Warning: Couldn't access module table
[2021.01.10-15.01.13:357][759]LogVSAccessor: Warning: Couldn't access module table
[2021.01.10-15.01.13:357][759]LogVSAccessor: Warning: Couldn't access module table
[2021.01.10-15.01.13:358][759]LogVSAccessor: Warning: Couldn't access module table
[2021.01.10-15.01.13:358][759]LogVSAccessor: Warning: Couldn't access module table
[2021.01.10-15.01.13:358][759]LogVSAccessor: Warning: Couldn't access module table
[2021.01.10-15.01.13:358][759]LogVSAccessor: Warning: Couldn't access module table
[2021.01.10-15.01.13:358][759]LogVSAccessor: Warning: Couldn't access module table
[2021.01.10-15.01.13:358][759]LogVSAccessor: Warning: Couldn't access module table
[2021.01.10-15.01.13:358][759]LogVSAccessor: Warning: Couldn't access module table
[2021.01.10-15.01.13:359][759]LogVSAccessor: Warning: Couldn't access module table
[2021.01.10-15.01.13:359][759]LogVSAccessor: Warning: Couldn't access module table
[2021.01.10-15.01.13:359][759]LogVSAccessor: Warning: Couldn't access module table
[2021.01.10-15.01.13:359][759]LogVSAccessor: Warning: Couldn't access module table
[2021.01.10-15.01.13:359][759]LogVSAccessor: Warning: Couldn't access module table
[2021.01.10-15.01.13:359][759]LogVSAccessor: Warning: Couldn't access module table
[2021.01.10-15.01.13:359][759]LogVSAccessor: Warning: Couldn't access module table
[2021.01.10-15.01.13:359][759]LogVSAccessor: Warning: Couldn't access module table
[2021.01.10-15.01.13:359][759]LogVSAccessor: Warning: Couldn't access module table
[2021.01.10-15.01.13:360][759]LogVSAccessor: Warning: Couldn't access module table
[2021.01.10-15.01.13:360][759]LogVSAccessor: Warning: Couldn't access module table
[2021.01.10-15.01.13:360][759]LogVSAccessor: Warning: Couldn't access module table
[2021.01.10-15.01.13:360][759]LogVSAccessor: Warning: Couldn't access module table
[2021.01.10-15.01.13:360][759]LogVSAccessor: Warning: Couldn't access module table
[2021.01.10-15.01.13:360][759]LogVSAccessor: Warning: Couldn't access module table
[2021.01.10-15.01.13:360][759]LogVSAccessor: Warning: Couldn't access module table
[2021.01.10-15.01.13:361][759]LogVSAccessor: Warning: Couldn't access module table
[2021.01.10-15.01.13:361][759]LogVSAccessor: Warning: Couldn't access module table
[2021.01.10-15.01.13:361][759]LogVSAccessor: Warning: Couldn't access module table
[2021.01.10-15.01.13:361][759]LogVSAccessor: Warning: Couldn't access module table
[2021.01.10-15.01.13:361][759]LogVSAccessor: Warning: Couldn't access module table
[2021.01.10-15.01.13:361][759]LogVSAccessor: Warning: Couldn't access module table
[2021.01.10-15.01.13:361][759]LogVSAccessor: Warning: Couldn't access module table
[2021.01.10-15.01.13:361][759]LogVSAccessor: Warning: Couldn't access module table
[2021.01.10-15.01.13:362][759]LogVSAccessor: Warning: Couldn't access module table
[2021.01.10-15.01.13:362][759]LogVSAccessor: Warning: Couldn't access module table
[2021.01.10-15.01.13:362][759]LogVSAccessor: Warning: Couldn't access module table
[2021.01.10-15.01.13:362][759]LogVSAccessor: Warning: Couldn't access module table
[2021.01.10-15.01.13:362][759]LogVSAccessor: Warning: Couldn't access module table
[2021.01.10-15.01.13:362][759]LogVSAccessor: Warning: Couldn't access module table
[2021.01.10-15.01.13:362][759]LogVSAccessor: Warning: Couldn't access module table
[2021.01.10-15.01.13:362][759]LogVSAccessor: Warning: Couldn't access module table
[2021.01.10-15.01.13:363][759]LogVSAccessor: Warning: Couldn't access module table
[2021.01.10-15.01.13:363][759]LogVSAccessor: Warning: Couldn't access module table
[2021.01.10-15.01.13:363][759]LogVSAccessor: Warning: Couldn't access module table
[2021.01.10-15.01.13:363][759]LogVSAccessor: Warning: Couldn't access module table
[2021.01.10-15.01.13:363][759]LogVSAccessor: Warning: Couldn't access module table
[2021.01.10-15.01.13:363][759]LogVSAccessor: Warning: Couldn't access module table
[2021.01.10-15.01.13:363][759]LogVSAccessor: Warning: Couldn't access module table
[2021.01.10-15.01.13:363][759]LogVSAccessor: Warning: Couldn't access module table
[2021.01.10-15.01.13:364][759]LogVSAccessor: Warning: Couldn't access module table
[2021.01.10-15.01.13:364][759]LogVSAccessor: Warning: Couldn't access module table
[2021.01.10-15.01.13:364][759]LogVSAccessor: Warning: Couldn't access module table
[2021.01.10-15.01.13:364][759]LogVSAccessor: Warning: Couldn't access module table
[2021.01.10-15.01.13:364][759]LogVSAccessor: Warning: Couldn't access module table
[2021.01.10-15.01.13:364][759]LogVSAccessor: Warning: Couldn't access module table
[2021.01.10-15.01.13:364][759]LogVSAccessor: Warning: Couldn't access module table
[2021.01.10-15.01.13:364][759]LogVSAccessor: Warning: Couldn't access module table
[2021.01.10-15.01.13:365][759]LogVSAccessor: Warning: Couldn't access module table
[2021.01.10-15.01.13:365][759]LogVSAccessor: Warning: Couldn't access module table
[2021.01.10-15.01.13:365][759]LogVSAccessor: Warning: Couldn't access module table
[2021.01.10-15.01.13:365][759]LogVSAccessor: Warning: Couldn't access module table
[2021.01.10-15.01.13:365][759]LogVSAccessor: Warning: Couldn't access module table
[2021.01.10-15.01.13:365][759]LogVSAccessor: Warning: Couldn't access module table
[2021.01.10-15.01.13:365][759]LogVSAccessor: Warning: Couldn't access module table
[2021.01.10-15.01.13:366][759]LogVSAccessor: Warning: Couldn't access module table
[2021.01.10-15.01.13:366][759]LogVSAccessor: Warning: Couldn't access module table
[2021.01.10-15.01.13:366][759]LogVSAccessor: Warning: Couldn't access module table
[2021.01.10-15.01.13:366][759]LogVSAccessor: Warning: Couldn't access module table
[2021.01.10-15.01.13:366][759]LogVSAccessor: Warning: Couldn't access module table
[2021.01.10-15.01.13:366][759]LogVSAccessor: Warning: Couldn't access module table
[2021.01.10-15.01.13:366][759]LogVSAccessor: Warning: Couldn't access module table
[2021.01.10-15.01.13:366][759]LogVSAccessor: Warning: Couldn't access module table
[2021.01.10-15.01.13:367][759]LogVSAccessor: Warning: Couldn't access module table
[2021.01.10-15.01.13:367][759]LogVSAccessor: Warning: Couldn't access module table
[2021.01.10-15.01.13:367][759]LogVSAccessor: Warning: Couldn't access module table
[2021.01.10-15.01.13:367][759]LogVSAccessor: Warning: Couldn't access module table
[2021.01.10-15.01.13:367][759]LogVSAccessor: Warning: Couldn't access module table
[2021.01.10-15.01.13:367][759]LogVSAccessor: Warning: Couldn't access module table
[2021.01.10-15.01.13:367][759]LogVSAccessor: Warning: Couldn't access module table
[2021.01.10-15.01.13:367][759]LogVSAccessor: Warning: Couldn't access module table
[2021.01.10-15.01.13:368][759]LogVSAccessor: Warning: Couldn't access module table
[2021.01.10-15.01.13:368][759]LogVSAccessor: Warning: Couldn't access module table
[2021.01.10-15.01.13:368][759]LogVSAccessor: Warning: Couldn't access module table
[2021.01.10-15.01.13:368][759]LogVSAccessor: Warning: Couldn't access module table
[2021.01.10-15.01.13:368][759]LogVSAccessor: Warning: Couldn't access module table
[2021.01.10-15.01.13:368][759]LogVSAccessor: Warning: Couldn't access module table
[2021.01.10-15.01.13:368][759]LogVSAccessor: Warning: Couldn't access module table
[2021.01.10-15.01.13:368][759]LogVSAccessor: Warning: Couldn't access module table
[2021.01.10-15.01.13:369][759]LogVSAccessor: Warning: Couldn't access module table
[2021.01.10-15.01.13:369][759]LogVSAccessor: Warning: Couldn't access module table
[2021.01.10-15.01.13:369][759]LogVSAccessor: Warning: Couldn't access module table
[2021.01.10-15.01.13:369][759]LogVSAccessor: Warning: Couldn't access module table
[2021.01.10-15.01.13:369][759]LogVSAccessor: Warning: Couldn't access module table
[2021.01.10-15.01.13:369][759]LogVSAccessor: Warning: Couldn't access module table
[2021.01.10-15.01.13:377][759]LogVSAccessor: Warning: Couldn't access module table
[2021.01.10-15.01.13:421][759]LogVSAccessor: Warning: Couldn't access module table
[2021.01.10-15.01.13:434][759]LogVSAccessor: Warning: Couldn't access module table
[2021.01.10-15.01.13:445][759]LogVSAccessor: Warning: Couldn't access module table
[2021.01.10-15.01.13:560][759]LogVSAccessor: Warning: Couldn't access module table
[2021.01.10-15.01.13:582][759]LogVSAccessor: Warning: Couldn't access module table
[2021.01.10-15.01.13:586][759]LogVSAccessor: Warning: Couldn't access module table
[2021.01.10-15.01.13:587][759]LogVSAccessor: Warning: Couldn't access module table
[2021.01.10-15.01.13:588][759]LogVSAccessor: Warning: Couldn't access module table
[2021.01.10-15.01.13:588][759]LogVSAccessor: Warning: Couldn't access module table
[2021.01.10-15.01.13:593][759]LogVSAccessor: Warning: Couldn't access module table
[2021.01.10-15.01.13:593][759]LogVSAccessor: Warning: Couldn't access module table
[2021.01.10-15.01.13:593][759]LogVSAccessor: Warning: Couldn't access module table
[2021.01.10-15.01.13:593][759]LogVSAccessor: Warning: Couldn't access module table
