Log file open, 01/10/21 19:08:35
LogWindows: Failed to load 'aqProf.dll' (GetLastError=126)
LogWindows: File 'aqProf.dll' does not exist
LogWindows: Failed to load 'VtuneApi.dll' (GetLastError=126)
LogWindows: File 'VtuneApi.dll' does not exist
LogWindows: Failed to load 'VtuneApi32e.dll' (GetLastError=126)
LogWindows: File 'VtuneApi32e.dll' does not exist
LogConsoleResponse: Display: Failed to find resolution value strings in scalability ini. Falling back to default.
LogInit: Display: Running engine for game: BBM
LogPlatformFile: Not using cached read wrapper
LogTaskGraph: Started task graph with 5 named threads and 35 total threads with 3 sets of task threads.
LogStats: Stats thread started at 0.073628
LogD3D11RHI: Loaded GFSDK_Aftermath_Lib.x64.dll
LogICUInternationalization: ICU TimeZone Detection - Raw Offset: +5:30, Platform Override: ''
LogPluginManager: Mounting plugin Paper2D
LogPluginManager: Mounting plugin AISupport
LogPluginManager: Mounting plugin LightPropagationVolume
LogPluginManager: Mounting plugin ActorLayerUtilities
LogPluginManager: Mounting plugin AnimationSharing
LogPluginManager: Mounting plugin CLionSourceCodeAccess
LogPluginManager: Mounting plugin CodeLiteSourceCodeAccess
LogPluginManager: Mounting plugin GitSourceControl
LogPluginManager: Mounting plugin KDevelopSourceCodeAccess
LogPluginManager: Mounting plugin NullSourceCodeAccess
LogPluginManager: Mounting plugin PerforceSourceControl
LogPluginManager: Mounting plugin PlasticSourceControl
LogPluginManager: Mounting plugin RiderLink
LogPluginManager: Mounting plugin SubversionSourceControl
LogPluginManager: Mounting plugin UObjectPlugin
LogPluginManager: Mounting plugin VisualStudioCodeSourceCodeAccess
LogPluginManager: Mounting plugin VisualStudioSourceCodeAccess
LogPluginManager: Mounting plugin XCodeSourceCodeAccess
LogPluginManager: Mounting plugin AssetManagerEditor
LogPluginManager: Mounting plugin CryptoKeys
LogPluginManager: Mounting plugin CurveEditorTools
LogPluginManager: Mounting plugin DataValidation
LogPluginManager: Mounting plugin FacialAnimation
LogPluginManager: Mounting plugin GameplayTagsEditor
LogPluginManager: Mounting plugin MacGraphicsSwitching
LogPluginManager: Mounting plugin MaterialAnalyzer
LogPluginManager: Mounting plugin MobileLauncherProfileWizard
LogPluginManager: Mounting plugin PluginBrowser
LogPluginManager: Mounting plugin SpeedTreeImporter
LogPluginManager: Mounting plugin DatasmithContent
LogPluginManager: Mounting plugin VariantManagerContent
LogPluginManager: Mounting plugin AlembicImporter
LogPluginManager: Mounting plugin AutomationUtils
LogPluginManager: Mounting plugin BackChannel
LogPluginManager: Mounting plugin CharacterAI
LogPluginManager: Mounting plugin GeometryCache
LogPluginManager: Mounting plugin PlatformCrypto
LogPluginManager: Mounting plugin ProxyLODPlugin
LogPluginManager: Mounting plugin SkeletalReduction
LogPluginManager: Mounting plugin MagicLeap
LogPluginManager: Mounting plugin MagicLeapMedia
LogPluginManager: Mounting plugin MLSDK
LogPluginManager: Mounting plugin AndroidMedia
LogPluginManager: Mounting plugin AvfMedia
LogPluginManager: Mounting plugin ImgMedia
LogPluginManager: Mounting plugin MediaCompositing
LogPluginManager: Mounting plugin MediaPlayerEditor
LogPluginManager: Mounting plugin WebMMedia
LogPluginManager: Mounting plugin WmfMedia
LogPluginManager: Mounting plugin TcpMessaging
LogPluginManager: Mounting plugin UdpMessaging
LogPluginManager: Mounting plugin ActorSequence
LogPluginManager: Mounting plugin LevelSequenceEditor
LogPluginManager: Mounting plugin MatineeToLevelSequence
LogPluginManager: Mounting plugin NetcodeUnitTest
LogPluginManager: Mounting plugin NUTUnrealEngine4
LogPluginManager: Mounting plugin OnlineSubsystemGooglePlay
LogPluginManager: Mounting plugin OnlineSubsystemIOS
LogPluginManager: Mounting plugin OnlineSubsystem
LogPluginManager: Mounting plugin OnlineSubsystemNull
LogPluginManager: Mounting plugin OnlineSubsystemUtils
LogPluginManager: Mounting plugin LauncherChunkInstaller
LogPluginManager: Mounting plugin AndroidDeviceProfileSelector
LogPluginManager: Mounting plugin AndroidMoviePlayer
LogPluginManager: Mounting plugin AndroidPermission
LogPluginManager: Mounting plugin AppleImageUtils
LogPluginManager: Mounting plugin AppleMoviePlayer
LogPluginManager: Mounting plugin ArchVisCharacter
LogPluginManager: Mounting plugin AssetTags
LogPluginManager: Mounting plugin AudioCapture
LogPluginManager: Mounting plugin CableComponent
LogPluginManager: Mounting plugin CustomMeshComponent
LogPluginManager: Mounting plugin EditableMesh
LogPluginManager: Mounting plugin ExampleDeviceProfileSelector
LogPluginManager: Mounting plugin GoogleCloudMessaging
LogPluginManager: Mounting plugin IOSDeviceProfileSelector
LogPluginManager: Mounting plugin LinuxDeviceProfileSelector
LogPluginManager: Mounting plugin LocationServicesBPLibrary
LogPluginManager: Mounting plugin MobilePatchingUtils
LogPluginManager: Mounting plugin OculusVR
LogPluginManager: Mounting plugin PhysXVehicles
LogPluginManager: Mounting plugin PostSplashScreen
LogPluginManager: Mounting plugin ProceduralMeshComponent
LogPluginManager: Mounting plugin RuntimePhysXCooking
LogPluginManager: Mounting plugin SignificanceManager
LogPluginManager: Mounting plugin SteamVR
LogPluginManager: Mounting plugin WebMMoviePlayer
LogPluginManager: Mounting plugin WindowsMoviePlayer
LogPluginManager: Mounting plugin ScreenshotTools
LogInit: Using libcurl 7.55.1-DEV
LogInit:  - built for x86_64-pc-win32
LogInit:  - supports SSL with OpenSSL/1.1.1
LogInit:  - supports HTTP deflate (compression) using libz 1.2.8
LogInit:  - other features:
LogInit:      CURL_VERSION_SSL
LogInit:      CURL_VERSION_LIBZ
LogInit:      CURL_VERSION_IPV6
LogInit:      CURL_VERSION_ASYNCHDNS
LogInit:      CURL_VERSION_LARGEFILE
LogInit:      CURL_VERSION_IDN
LogInit:  CurlRequestOptions (configurable via config and command line):
LogInit:  - bVerifyPeer = true  - Libcurl will verify peer certificate
LogInit:  - bUseHttpProxy = false  - Libcurl will NOT use HTTP proxy
LogInit:  - bDontReuseConnections = false  - Libcurl will reuse connections
LogInit:  - MaxHostConnections = 16  - Libcurl will limit the number of connections to a host
LogInit:  - LocalHostAddr = Default
LogInit:  - BufferSize = 65536
LogOnline: OSS: Creating online subsystem instance for: NULL
LogInit: WinSock: version 1.1 (2.2), MaxSocks=32767, MaxUdp=65467
LogOnline: OSS: TryLoadSubsystemAndSetDefault: Loaded subsystem for module [NULL]
LogInit: Build: ++UE4+Release-4.24-CL-11590370
LogInit: Engine Version: 4.24.3-11590370+++UE4+Release-4.24
LogInit: Compatible Engine Version: 4.24.0-10570792+++UE4+Release-4.24
LogInit: Net CL: 10570792
LogInit: OS: Windows 10 (Release 1809) (), CPU: AMD Ryzen 5 1600 Six-Core Processor            , GPU: NVIDIA GeForce GTX 1060 6GB
LogInit: Compiled (64-bit): Feb 24 2020 15:39:18
LogInit: Compiled with Visual C++: 19.16.27032.01
LogInit: Build Configuration: Development
LogInit: Branch Name: ++UE4+Release-4.24
LogInit: Command Line: 
LogInit: Base Directory: E:/UE_4.24/Engine/Binaries/Win64/
LogInit: Installed Engine Build: 1
LogDevObjectVersion: Number of dev versions registered: 25
LogDevObjectVersion:   Dev-Blueprints (B0D832E4-1F89-4F0D-ACCF-7EB736FD4AA2): 10
LogDevObjectVersion:   Dev-Build (E1C64328-A22C-4D53-A36C-8E866417BD8C): 0
LogDevObjectVersion:   Dev-Core (375EC13C-06E4-48FB-B500-84F0262A717E): 3
LogDevObjectVersion:   Dev-Editor (E4B068ED-F494-42E9-A231-DA0B2E46BB41): 37
LogDevObjectVersion:   Dev-Framework (CFFC743F-43B0-4480-9391-14DF171D2073): 36
LogDevObjectVersion:   Dev-Mobile (B02B49B5-BB20-44E9-A304-32B752E40360): 2
LogDevObjectVersion:   Dev-Networking (A4E4105C-59A1-49B5-A7C5-40C4547EDFEE): 0
LogDevObjectVersion:   Dev-Online (39C831C9-5AE6-47DC-9A44-9C173E1C8E7C): 0
LogDevObjectVersion:   Dev-Physics (78F01B33-EBEA-4F98-B9B4-84EACCB95AA2): 2
LogDevObjectVersion:   Dev-Platform (6631380F-2D4D-43E0-8009-CF276956A95A): 0
LogDevObjectVersion:   Dev-Rendering (12F88B9F-8875-4AFC-A67C-D90C383ABD29): 36
LogDevObjectVersion:   Dev-Sequencer (7B5AE74C-D270-4C10-A958-57980B212A5A): 11
LogDevObjectVersion:   Dev-VR (D7296918-1DD6-4BDD-9DE2-64A83CC13884): 2
LogDevObjectVersion:   Dev-LoadTimes (C2A15278-BFE7-4AFE-6C17-90FF531DF755): 1
LogDevObjectVersion:   Private-Geometry (6EACA3D4-40EC-4CC1-B786-8BED09428FC5): 3
LogDevObjectVersion:   Dev-AnimPhys (29E575DD-E0A3-4627-9D10-D276232CDCEA): 17
LogDevObjectVersion:   Dev-Anim (AF43A65D-7FD3-4947-9873-3E8ED9C1BB05): 2
LogDevObjectVersion:   Dev-ReflectionCapture (6B266CEC-1EC7-4B8F-A30B-E4D90942FC07): 1
LogDevObjectVersion:   Dev-Automation (0DF73D61-A23F-47EA-B727-89E90C41499A): 1
LogDevObjectVersion:   FortniteMain (601D1886-AC64-4F84-AA16-D3DE0DEAC7D6): 31
LogDevObjectVersion:   Dev-Enterprise (9DFFBCD6-494F-0158-E221-12823C92A888): 8
LogDevObjectVersion:   Dev-Niagara (F2AED0AC-9AFE-416F-8664-AA7FFA26D6FC): 1
LogDevObjectVersion:   Dev-Destruction (174F1F0B-B4C6-45A5-B13F-2EE8D0FB917D): 9
LogDevObjectVersion:   Dev-Physics-Ext (35F94A83-E258-406C-A318-09F59610247C): 8
LogDevObjectVersion:   Dev-CineCamera (B2E18506-4273-CFC2-A54E-F4BB758BBA07): 1
LogInit: Presizing for max 25165824 objects, including 0 objects not considered by GC, pre-allocating 0 bytes for permanent pool.
LogInit: Object subsystem initialized
LogConfig: Setting CVar [[con.DebugEarlyDefault:1]]
LogConfig: Setting CVar [[r.setres:1280x720]]
[2021.01.10-13.38.35:800][  0]LogConfig: Setting CVar [[r.VSync:0]]
[2021.01.10-13.38.35:800][  0]LogConfig: Setting CVar [[r.RHICmdBypass:0]]
[2021.01.10-13.38.35:800][  0]LogConfig: Applying CVar settings from Section [/Script/Engine.RendererSettings] File [E:/Bomberman/BombermanUE4/BBM/Saved/Config/Windows/Engine.ini]
[2021.01.10-13.38.35:800][  0]LogConfig: Setting CVar [[r.GPUCrashDebugging:0]]
[2021.01.10-13.38.35:800][  0]LogConfig: Applying CVar settings from Section [/Script/Engine.RendererOverrideSettings] File [E:/Bomberman/BombermanUE4/BBM/Saved/Config/Windows/Engine.ini]
[2021.01.10-13.38.35:800][  0]LogConfig: Applying CVar settings from Section [/Script/Engine.StreamingSettings] File [E:/Bomberman/BombermanUE4/BBM/Saved/Config/Windows/Engine.ini]
[2021.01.10-13.38.35:800][  0]LogConfig: Setting CVar [[s.MinBulkDataSizeForAsyncLoading:131072]]
[2021.01.10-13.38.35:800][  0]LogConfig: Setting CVar [[s.AsyncLoadingThreadEnabled:0]]
[2021.01.10-13.38.35:800][  0]LogConfig: Setting CVar [[s.EventDrivenLoaderEnabled:1]]
[2021.01.10-13.38.35:800][  0]LogConfig: Setting CVar [[s.WarnIfTimeLimitExceeded:0]]
[2021.01.10-13.38.35:800][  0]LogConfig: Setting CVar [[s.TimeLimitExceededMultiplier:1.5]]
[2021.01.10-13.38.35:800][  0]LogConfig: Setting CVar [[s.TimeLimitExceededMinTime:0.005]]
[2021.01.10-13.38.35:800][  0]LogConfig: Setting CVar [[s.UseBackgroundLevelStreaming:1]]
[2021.01.10-13.38.35:800][  0]LogConfig: Setting CVar [[s.PriorityAsyncLoadingExtraTime:15.0]]
[2021.01.10-13.38.35:800][  0]LogConfig: Setting CVar [[s.LevelStreamingActorsUpdateTimeLimit:5.0]]
[2021.01.10-13.38.35:800][  0]LogConfig: Setting CVar [[s.PriorityLevelStreamingActorsUpdateExtraTime:5.0]]
[2021.01.10-13.38.35:800][  0]LogConfig: Setting CVar [[s.LevelStreamingComponentsRegistrationGranularity:10]]
[2021.01.10-13.38.35:800][  0]LogConfig: Setting CVar [[s.UnregisterComponentsTimeLimit:1.0]]
[2021.01.10-13.38.35:800][  0]LogConfig: Setting CVar [[s.LevelStreamingComponentsUnregistrationGranularity:5]]
[2021.01.10-13.38.35:800][  0]LogConfig: Setting CVar [[s.FlushStreamingOnExit:1]]
[2021.01.10-13.38.35:800][  0]LogConfig: Applying CVar settings from Section [/Script/Engine.GarbageCollectionSettings] File [E:/Bomberman/BombermanUE4/BBM/Saved/Config/Windows/Engine.ini]
[2021.01.10-13.38.35:800][  0]LogConfig: Setting CVar [[gc.MaxObjectsNotConsideredByGC:1]]
[2021.01.10-13.38.35:800][  0]LogConfig: Setting CVar [[gc.SizeOfPermanentObjectPool:0]]
[2021.01.10-13.38.35:800][  0]LogConfig: Setting CVar [[gc.FlushStreamingOnGC:0]]
[2021.01.10-13.38.35:800][  0]LogConfig: Setting CVar [[gc.NumRetriesBeforeForcingGC:10]]
[2021.01.10-13.38.35:800][  0]LogConfig: Setting CVar [[gc.AllowParallelGC:1]]
[2021.01.10-13.38.35:800][  0]LogConfig: Setting CVar [[gc.TimeBetweenPurgingPendingKillObjects:61.1]]
[2021.01.10-13.38.35:800][  0]LogConfig: Setting CVar [[gc.MaxObjectsInEditor:25165824]]
[2021.01.10-13.38.35:800][  0]LogConfig: Setting CVar [[gc.IncrementalBeginDestroyEnabled:1]]
[2021.01.10-13.38.35:801][  0]LogConfig: Setting CVar [[gc.CreateGCClusters:1]]
[2021.01.10-13.38.35:801][  0]LogConfig: Setting CVar [[gc.MinGCClusterSize:5]]
[2021.01.10-13.38.35:801][  0]LogConfig: Setting CVar [[gc.ActorClusteringEnabled:0]]
[2021.01.10-13.38.35:801][  0]LogConfig: Setting CVar [[gc.BlueprintClusteringEnabled:0]]
[2021.01.10-13.38.35:801][  0]LogConfig: Setting CVar [[gc.UseDisregardForGCOnDedicatedServers:0]]
[2021.01.10-13.38.35:801][  0]LogConfig: Applying CVar settings from Section [/Script/Engine.NetworkSettings] File [E:/Bomberman/BombermanUE4/BBM/Saved/Config/Windows/Engine.ini]
[2021.01.10-13.38.35:801][  0]LogConfig: Applying CVar settings from Section [/Script/UnrealEd.CookerSettings] File [E:/Bomberman/BombermanUE4/BBM/Saved/Config/Windows/Engine.ini]
[2021.01.10-13.38.35:803][  0]LogConfig: Applying CVar settings from Section [ViewDistanceQuality@3] File [E:/Bomberman/BombermanUE4/BBM/Saved/Config/Windows/Scalability.ini]
[2021.01.10-13.38.35:803][  0]LogConfig: Setting CVar [[r.SkeletalMeshLODBias:0]]
[2021.01.10-13.38.35:803][  0]LogConfig: Setting CVar [[r.ViewDistanceScale:1.0]]
[2021.01.10-13.38.35:803][  0]LogConfig: Applying CVar settings from Section [AntiAliasingQuality@3] File [E:/Bomberman/BombermanUE4/BBM/Saved/Config/Windows/Scalability.ini]
[2021.01.10-13.38.35:803][  0]LogConfig: Setting CVar [[r.PostProcessAAQuality:4]]
[2021.01.10-13.38.35:803][  0]LogConfig: Applying CVar settings from Section [ShadowQuality@3] File [E:/Bomberman/BombermanUE4/BBM/Saved/Config/Windows/Scalability.ini]
[2021.01.10-13.38.35:803][  0]LogConfig: Setting CVar [[r.LightFunctionQuality:1]]
[2021.01.10-13.38.35:803][  0]LogConfig: Setting CVar [[r.ShadowQuality:5]]
[2021.01.10-13.38.35:803][  0]LogConfig: Setting CVar [[r.Shadow.CSM.MaxCascades:10]]
[2021.01.10-13.38.35:803][  0]LogConfig: Setting CVar [[r.Shadow.MaxResolution:2048]]
[2021.01.10-13.38.35:803][  0]LogConfig: Setting CVar [[r.Shadow.MaxCSMResolution:2048]]
[2021.01.10-13.38.35:803][  0]LogConfig: Setting CVar [[r.Shadow.RadiusThreshold:0.01]]
[2021.01.10-13.38.35:804][  0]LogConfig: Setting CVar [[r.Shadow.DistanceScale:1.0]]
[2021.01.10-13.38.35:804][  0]LogConfig: Setting CVar [[r.Shadow.CSM.TransitionScale:1.0]]
[2021.01.10-13.38.35:804][  0]LogConfig: Setting CVar [[r.Shadow.PreShadowResolutionFactor:1.0]]
[2021.01.10-13.38.35:804][  0]LogConfig: Setting CVar [[r.DistanceFieldShadowing:1]]
[2021.01.10-13.38.35:804][  0]LogConfig: Setting CVar [[r.DistanceFieldAO:1]]
[2021.01.10-13.38.35:804][  0]LogConfig: Setting CVar [[r.AOQuality:2]]
[2021.01.10-13.38.35:804][  0]LogConfig: Setting CVar [[r.VolumetricFog:1]]
[2021.01.10-13.38.35:804][  0]LogConfig: Setting CVar [[r.VolumetricFog.GridPixelSize:8]]
[2021.01.10-13.38.35:804][  0]LogConfig: Setting CVar [[r.VolumetricFog.GridSizeZ:128]]
[2021.01.10-13.38.35:804][  0]LogConfig: Setting CVar [[r.VolumetricFog.HistoryMissSupersampleCount:4]]
[2021.01.10-13.38.35:804][  0]LogConfig: Setting CVar [[r.LightMaxDrawDistanceScale:1]]
[2021.01.10-13.38.35:804][  0]LogConfig: Setting CVar [[r.CapsuleShadows:1]]
[2021.01.10-13.38.35:804][  0]LogConfig: Applying CVar settings from Section [PostProcessQuality@3] File [E:/Bomberman/BombermanUE4/BBM/Saved/Config/Windows/Scalability.ini]
[2021.01.10-13.38.35:804][  0]LogConfig: Setting CVar [[r.MotionBlurQuality:4]]
[2021.01.10-13.38.35:804][  0]LogConfig: Setting CVar [[r.AmbientOcclusionMipLevelFactor:0.4]]
[2021.01.10-13.38.35:804][  0]LogConfig: Setting CVar [[r.AmbientOcclusionMaxQuality:100]]
[2021.01.10-13.38.35:804][  0]LogConfig: Setting CVar [[r.AmbientOcclusionLevels:-1]]
[2021.01.10-13.38.35:804][  0]LogConfig: Setting CVar [[r.AmbientOcclusionRadiusScale:1.0]]
[2021.01.10-13.38.35:804][  0]LogConfig: Setting CVar [[r.DepthOfFieldQuality:2]]
[2021.01.10-13.38.35:804][  0]LogConfig: Setting CVar [[r.RenderTargetPoolMin:400]]
[2021.01.10-13.38.35:804][  0]LogConfig: Setting CVar [[r.LensFlareQuality:2]]
[2021.01.10-13.38.35:804][  0]LogConfig: Setting CVar [[r.SceneColorFringeQuality:1]]
[2021.01.10-13.38.35:804][  0]LogConfig: Setting CVar [[r.EyeAdaptationQuality:2]]
[2021.01.10-13.38.35:804][  0]LogConfig: Setting CVar [[r.BloomQuality:5]]
[2021.01.10-13.38.35:804][  0]LogConfig: Setting CVar [[r.FastBlurThreshold:100]]
[2021.01.10-13.38.35:804][  0]LogConfig: Setting CVar [[r.Upscale.Quality:3]]
[2021.01.10-13.38.35:804][  0]LogConfig: Setting CVar [[r.Tonemapper.GrainQuantization:1]]
[2021.01.10-13.38.35:804][  0]LogConfig: Setting CVar [[r.LightShaftQuality:1]]
[2021.01.10-13.38.35:804][  0]LogConfig: Setting CVar [[r.Filter.SizeScale:1]]
[2021.01.10-13.38.35:804][  0]LogConfig: Setting CVar [[r.Tonemapper.Quality:5]]
[2021.01.10-13.38.35:804][  0]LogConfig: Setting CVar [[r.DOF.Gather.AccumulatorQuality:1        ; higher gathering accumulator quality]]
[2021.01.10-13.38.35:804][  0]LogConfig: Setting CVar [[r.DOF.Gather.PostfilterMethod:1          ; Median3x3 postfilering method]]
[2021.01.10-13.38.35:804][  0]LogConfig: Setting CVar [[r.DOF.Gather.EnableBokehSettings:0       ; no bokeh simulation when gathering]]
[2021.01.10-13.38.35:804][  0]LogConfig: Setting CVar [[r.DOF.Gather.RingCount:4                 ; medium number of samples when gathering]]
[2021.01.10-13.38.35:804][  0]LogConfig: Setting CVar [[r.DOF.Scatter.ForegroundCompositing:1    ; additive foreground scattering]]
[2021.01.10-13.38.35:804][  0]LogConfig: Setting CVar [[r.DOF.Scatter.BackgroundCompositing:2    ; additive background scattering]]
[2021.01.10-13.38.35:804][  0]LogConfig: Setting CVar [[r.DOF.Scatter.EnableBokehSettings:1      ; bokeh simulation when scattering]]
[2021.01.10-13.38.35:804][  0]LogConfig: Setting CVar [[r.DOF.Scatter.MaxSpriteRatio:0.1         ; only a maximum of 10% of scattered bokeh]]
[2021.01.10-13.38.35:804][  0]LogConfig: Setting CVar [[r.DOF.Recombine.Quality:1                ; cheap slight out of focus]]
[2021.01.10-13.38.35:804][  0]LogConfig: Setting CVar [[r.DOF.Recombine.EnableBokehSettings:0    ; no bokeh simulation on slight out of focus]]
[2021.01.10-13.38.35:804][  0]LogConfig: Setting CVar [[r.DOF.TemporalAAQuality:1                ; more stable temporal accumulation]]
[2021.01.10-13.38.35:804][  0]LogConfig: Setting CVar [[r.DOF.Kernel.MaxForegroundRadius:0.025]]
[2021.01.10-13.38.35:804][  0]LogConfig: Setting CVar [[r.DOF.Kernel.MaxBackgroundRadius:0.025]]
[2021.01.10-13.38.35:804][  0]LogConfig: Applying CVar settings from Section [TextureQuality@3] File [E:/Bomberman/BombermanUE4/BBM/Saved/Config/Windows/Scalability.ini]
[2021.01.10-13.38.35:804][  0]LogConfig: Setting CVar [[r.Streaming.MipBias:0]]
[2021.01.10-13.38.35:804][  0]LogConfig: Setting CVar [[r.Streaming.AmortizeCPUToGPUCopy:0]]
[2021.01.10-13.38.35:804][  0]LogConfig: Setting CVar [[r.Streaming.MaxNumTexturesToStreamPerFrame:0]]
[2021.01.10-13.38.35:804][  0]LogConfig: Setting CVar [[r.Streaming.Boost:1]]
[2021.01.10-13.38.35:804][  0]LogConfig: Setting CVar [[r.MaxAnisotropy:8]]
[2021.01.10-13.38.35:804][  0]LogConfig: Setting CVar [[r.VT.MaxAnisotropy:8]]
[2021.01.10-13.38.35:804][  0]LogConfig: Setting CVar [[r.Streaming.LimitPoolSizeToVRAM:0]]
[2021.01.10-13.38.35:804][  0]LogConfig: Setting CVar [[r.Streaming.PoolSize:1000]]
[2021.01.10-13.38.35:804][  0]LogConfig: Setting CVar [[r.Streaming.MaxEffectiveScreenSize:0]]
[2021.01.10-13.38.35:804][  0]LogConfig: Applying CVar settings from Section [EffectsQuality@3] File [E:/Bomberman/BombermanUE4/BBM/Saved/Config/Windows/Scalability.ini]
[2021.01.10-13.38.35:804][  0]LogConfig: Setting CVar [[r.TranslucencyLightingVolumeDim:64]]
[2021.01.10-13.38.35:804][  0]LogConfig: Setting CVar [[r.RefractionQuality:2]]
[2021.01.10-13.38.35:804][  0]LogConfig: Setting CVar [[r.SSR.Quality:3]]
[2021.01.10-13.38.35:804][  0]LogConfig: Setting CVar [[r.SSR.HalfResSceneColor:0]]
[2021.01.10-13.38.35:804][  0]LogConfig: Setting CVar [[r.SceneColorFormat:4]]
[2021.01.10-13.38.35:804][  0]LogConfig: Setting CVar [[r.DetailMode:2]]
[2021.01.10-13.38.35:804][  0]LogConfig: Setting CVar [[r.TranslucencyVolumeBlur:1]]
[2021.01.10-13.38.35:804][  0]LogConfig: Setting CVar [[r.MaterialQualityLevel:1 ; High quality]]
[2021.01.10-13.38.35:804][  0]LogConfig: Setting CVar [[r.SSS.Scale:1]]
[2021.01.10-13.38.35:804][  0]LogConfig: Setting CVar [[r.SSS.SampleSet:2]]
[2021.01.10-13.38.35:804][  0]LogConfig: Setting CVar [[r.SSS.Quality:1]]
[2021.01.10-13.38.35:804][  0]LogConfig: Setting CVar [[r.SSS.HalfRes:1]]
[2021.01.10-13.38.35:804][  0]LogConfig: Setting CVar [[r.SSGI.Quality:3]]
[2021.01.10-13.38.35:804][  0]LogConfig: Setting CVar [[r.EmitterSpawnRateScale:1.0]]
[2021.01.10-13.38.35:805][  0]LogConfig: Setting CVar [[r.ParticleLightQuality:2]]
[2021.01.10-13.38.35:805][  0]LogConfig: Setting CVar [[r.SkyAtmosphere.AerialPerspectiveLUT.FastApplyOnOpaque:1 ; Always have FastSkyLUT 1 in this case to avoid wrong sky]]
[2021.01.10-13.38.35:805][  0]LogConfig: Setting CVar [[r.SkyAtmosphere.AerialPerspectiveLUT.SampleCountPerSlice:1]]
[2021.01.10-13.38.35:805][  0]LogConfig: Setting CVar [[r.SkyAtmosphere.AerialPerspectiveLUT.DepthResolution:16.0]]
[2021.01.10-13.38.35:805][  0]LogConfig: Setting CVar [[r.SkyAtmosphere.FastSkyLUT:1]]
[2021.01.10-13.38.35:805][  0]LogConfig: Setting CVar [[r.SkyAtmosphere.FastSkyLUT.SampleCountMin:4.0]]
[2021.01.10-13.38.35:805][  0]LogConfig: Setting CVar [[r.SkyAtmosphere.FastSkyLUT.SampleCountMax:32.0]]
[2021.01.10-13.38.35:805][  0]LogConfig: Setting CVar [[r.SkyAtmosphere.SampleCountMin:4.0]]
[2021.01.10-13.38.35:805][  0]LogConfig: Setting CVar [[r.SkyAtmosphere.SampleCountMax:32.0]]
[2021.01.10-13.38.35:805][  0]LogConfig: Setting CVar [[r.SkyAtmosphere.TransmittanceLUT.UseSmallFormat:0]]
[2021.01.10-13.38.35:805][  0]LogConfig: Setting CVar [[r.SkyAtmosphere.TransmittanceLUT.SampleCount:10.0]]
[2021.01.10-13.38.35:805][  0]LogConfig: Setting CVar [[r.SkyAtmosphere.MultiScatteringLUT.SampleCount:15.0]]
[2021.01.10-13.38.35:805][  0]LogConfig: Applying CVar settings from Section [FoliageQuality@3] File [E:/Bomberman/BombermanUE4/BBM/Saved/Config/Windows/Scalability.ini]
[2021.01.10-13.38.35:805][  0]LogConfig: Setting CVar [[foliage.DensityScale:1.0]]
[2021.01.10-13.38.35:805][  0]LogConfig: Setting CVar [[grass.DensityScale:1.0]]
[2021.01.10-13.38.35:805][  0]LogConfig: Applying CVar settings from Section [ShadingQuality@3] File [E:/Bomberman/BombermanUE4/BBM/Saved/Config/Windows/Scalability.ini]
[2021.01.10-13.38.35:805][  0]LogConfig: Setting CVar [[r.HairStrands.SkyLighting.SampleCount:16]]
[2021.01.10-13.38.35:805][  0]LogConfig: Setting CVar [[r.HairStrands.SkyLighting.JitterIntegration:0]]
[2021.01.10-13.38.35:805][  0]LogConfig: Setting CVar [[r.HairStrands.SkyAO.SampleCount:16]]
[2021.01.10-13.38.35:805][  0]LogInit: Selected Device Profile: [Windows]
[2021.01.10-13.38.35:805][  0]LogInit: Applying CVar settings loaded from the selected device profile: [Windows]
[2021.01.10-13.38.35:807][  0]LogHAL: Display: Platform has ~ 16 GB [17133084672 / 17179869184 / 16], which maps to Larger [LargestMinGB=32, LargerMinGB=12, DefaultMinGB=8, SmallerMinGB=6, SmallestMinGB=0)
[2021.01.10-13.38.35:808][  0]LogInit: Going up to parent DeviceProfile []
[2021.01.10-13.38.35:808][  0]LogConfig: Applying CVar settings from Section [ViewDistanceQuality@3] File [E:/Bomberman/BombermanUE4/BBM/Saved/Config/Windows/Scalability.ini]
[2021.01.10-13.38.35:808][  0]LogConfig: Setting CVar [[r.SkeletalMeshLODBias:0]]
[2021.01.10-13.38.35:808][  0]LogConfig: Setting CVar [[r.ViewDistanceScale:1.0]]
[2021.01.10-13.38.35:808][  0]LogConfig: Applying CVar settings from Section [AntiAliasingQuality@3] File [E:/Bomberman/BombermanUE4/BBM/Saved/Config/Windows/Scalability.ini]
[2021.01.10-13.38.35:808][  0]LogConfig: Setting CVar [[r.PostProcessAAQuality:4]]
[2021.01.10-13.38.35:808][  0]LogConfig: Applying CVar settings from Section [ShadowQuality@3] File [E:/Bomberman/BombermanUE4/BBM/Saved/Config/Windows/Scalability.ini]
[2021.01.10-13.38.35:808][  0]LogConfig: Setting CVar [[r.LightFunctionQuality:1]]
[2021.01.10-13.38.35:808][  0]LogConfig: Setting CVar [[r.ShadowQuality:5]]
[2021.01.10-13.38.35:808][  0]LogConfig: Setting CVar [[r.Shadow.CSM.MaxCascades:10]]
[2021.01.10-13.38.35:808][  0]LogConfig: Setting CVar [[r.Shadow.MaxResolution:2048]]
[2021.01.10-13.38.35:808][  0]LogConfig: Setting CVar [[r.Shadow.MaxCSMResolution:2048]]
[2021.01.10-13.38.35:808][  0]LogConfig: Setting CVar [[r.Shadow.RadiusThreshold:0.01]]
[2021.01.10-13.38.35:808][  0]LogConfig: Setting CVar [[r.Shadow.DistanceScale:1.0]]
[2021.01.10-13.38.35:808][  0]LogConfig: Setting CVar [[r.Shadow.CSM.TransitionScale:1.0]]
[2021.01.10-13.38.35:808][  0]LogConfig: Setting CVar [[r.Shadow.PreShadowResolutionFactor:1.0]]
[2021.01.10-13.38.35:808][  0]LogConfig: Setting CVar [[r.DistanceFieldShadowing:1]]
[2021.01.10-13.38.35:808][  0]LogConfig: Setting CVar [[r.DistanceFieldAO:1]]
[2021.01.10-13.38.35:808][  0]LogConfig: Setting CVar [[r.AOQuality:2]]
[2021.01.10-13.38.35:808][  0]LogConfig: Setting CVar [[r.VolumetricFog:1]]
[2021.01.10-13.38.35:808][  0]LogConfig: Setting CVar [[r.VolumetricFog.GridPixelSize:8]]
[2021.01.10-13.38.35:808][  0]LogConfig: Setting CVar [[r.VolumetricFog.GridSizeZ:128]]
[2021.01.10-13.38.35:808][  0]LogConfig: Setting CVar [[r.VolumetricFog.HistoryMissSupersampleCount:4]]
[2021.01.10-13.38.35:808][  0]LogConfig: Setting CVar [[r.LightMaxDrawDistanceScale:1]]
[2021.01.10-13.38.35:808][  0]LogConfig: Setting CVar [[r.CapsuleShadows:1]]
[2021.01.10-13.38.35:808][  0]LogConfig: Applying CVar settings from Section [PostProcessQuality@3] File [E:/Bomberman/BombermanUE4/BBM/Saved/Config/Windows/Scalability.ini]
[2021.01.10-13.38.35:808][  0]LogConfig: Setting CVar [[r.MotionBlurQuality:4]]
[2021.01.10-13.38.35:808][  0]LogConfig: Setting CVar [[r.AmbientOcclusionMipLevelFactor:0.4]]
[2021.01.10-13.38.35:808][  0]LogConfig: Setting CVar [[r.AmbientOcclusionMaxQuality:100]]
[2021.01.10-13.38.35:808][  0]LogConfig: Setting CVar [[r.AmbientOcclusionLevels:-1]]
[2021.01.10-13.38.35:808][  0]LogConfig: Setting CVar [[r.AmbientOcclusionRadiusScale:1.0]]
[2021.01.10-13.38.35:808][  0]LogConfig: Setting CVar [[r.DepthOfFieldQuality:2]]
[2021.01.10-13.38.35:808][  0]LogConfig: Setting CVar [[r.RenderTargetPoolMin:400]]
[2021.01.10-13.38.35:808][  0]LogConfig: Setting CVar [[r.LensFlareQuality:2]]
[2021.01.10-13.38.35:808][  0]LogConfig: Setting CVar [[r.SceneColorFringeQuality:1]]
[2021.01.10-13.38.35:808][  0]LogConfig: Setting CVar [[r.EyeAdaptationQuality:2]]
[2021.01.10-13.38.35:808][  0]LogConfig: Setting CVar [[r.BloomQuality:5]]
[2021.01.10-13.38.35:808][  0]LogConfig: Setting CVar [[r.FastBlurThreshold:100]]
[2021.01.10-13.38.35:808][  0]LogConfig: Setting CVar [[r.Upscale.Quality:3]]
[2021.01.10-13.38.35:808][  0]LogConfig: Setting CVar [[r.Tonemapper.GrainQuantization:1]]
[2021.01.10-13.38.35:808][  0]LogConfig: Setting CVar [[r.LightShaftQuality:1]]
[2021.01.10-13.38.35:808][  0]LogConfig: Setting CVar [[r.Filter.SizeScale:1]]
[2021.01.10-13.38.35:808][  0]LogConfig: Setting CVar [[r.Tonemapper.Quality:5]]
[2021.01.10-13.38.35:808][  0]LogConfig: Setting CVar [[r.DOF.Gather.AccumulatorQuality:1        ; higher gathering accumulator quality]]
[2021.01.10-13.38.35:808][  0]LogConfig: Setting CVar [[r.DOF.Gather.PostfilterMethod:1          ; Median3x3 postfilering method]]
[2021.01.10-13.38.35:808][  0]LogConfig: Setting CVar [[r.DOF.Gather.EnableBokehSettings:0       ; no bokeh simulation when gathering]]
[2021.01.10-13.38.35:808][  0]LogConfig: Setting CVar [[r.DOF.Gather.RingCount:4                 ; medium number of samples when gathering]]
[2021.01.10-13.38.35:808][  0]LogConfig: Setting CVar [[r.DOF.Scatter.ForegroundCompositing:1    ; additive foreground scattering]]
[2021.01.10-13.38.35:808][  0]LogConfig: Setting CVar [[r.DOF.Scatter.BackgroundCompositing:2    ; additive background scattering]]
[2021.01.10-13.38.35:808][  0]LogConfig: Setting CVar [[r.DOF.Scatter.EnableBokehSettings:1      ; bokeh simulation when scattering]]
[2021.01.10-13.38.35:808][  0]LogConfig: Setting CVar [[r.DOF.Scatter.MaxSpriteRatio:0.1         ; only a maximum of 10% of scattered bokeh]]
[2021.01.10-13.38.35:808][  0]LogConfig: Setting CVar [[r.DOF.Recombine.Quality:1                ; cheap slight out of focus]]
[2021.01.10-13.38.35:808][  0]LogConfig: Setting CVar [[r.DOF.Recombine.EnableBokehSettings:0    ; no bokeh simulation on slight out of focus]]
[2021.01.10-13.38.35:808][  0]LogConfig: Setting CVar [[r.DOF.TemporalAAQuality:1                ; more stable temporal accumulation]]
[2021.01.10-13.38.35:808][  0]LogConfig: Setting CVar [[r.DOF.Kernel.MaxForegroundRadius:0.025]]
[2021.01.10-13.38.35:808][  0]LogConfig: Setting CVar [[r.DOF.Kernel.MaxBackgroundRadius:0.025]]
[2021.01.10-13.38.35:808][  0]LogConfig: Applying CVar settings from Section [TextureQuality@1] File [E:/Bomberman/BombermanUE4/BBM/Saved/Config/Windows/Scalability.ini]
[2021.01.10-13.38.35:808][  0]LogConfig: Setting CVar [[r.Streaming.MipBias:1]]
[2021.01.10-13.38.35:808][  0]LogConfig: Setting CVar [[r.Streaming.AmortizeCPUToGPUCopy:0]]
[2021.01.10-13.38.35:808][  0]LogConfig: Setting CVar [[r.Streaming.MaxNumTexturesToStreamPerFrame:0]]
[2021.01.10-13.38.35:808][  0]LogConfig: Setting CVar [[r.Streaming.Boost:1]]
[2021.01.10-13.38.35:808][  0]LogConfig: Setting CVar [[r.MaxAnisotropy:2]]
[2021.01.10-13.38.35:808][  0]LogConfig: Setting CVar [[r.VT.MaxAnisotropy:4]]
[2021.01.10-13.38.35:808][  0]LogConfig: Setting CVar [[r.Streaming.LimitPoolSizeToVRAM:1]]
[2021.01.10-13.38.35:808][  0]LogConfig: Setting CVar [[r.Streaming.PoolSize:600]]
[2021.01.10-13.38.35:808][  0]LogConfig: Setting CVar [[r.Streaming.MaxEffectiveScreenSize:0]]
[2021.01.10-13.38.35:808][  0]LogConfig: Applying CVar settings from Section [EffectsQuality@1] File [E:/Bomberman/BombermanUE4/BBM/Saved/Config/Windows/Scalability.ini]
[2021.01.10-13.38.35:808][  0]LogConfig: Setting CVar [[r.TranslucencyLightingVolumeDim:32]]
[2021.01.10-13.38.35:809][  0]LogConfig: Setting CVar [[r.RefractionQuality:0]]
[2021.01.10-13.38.35:809][  0]LogConfig: Setting CVar [[r.SSR.Quality:0]]
[2021.01.10-13.38.35:809][  0]LogConfig: Setting CVar [[r.SSR.HalfResSceneColor:1]]
[2021.01.10-13.38.35:809][  0]LogConfig: Setting CVar [[r.SceneColorFormat:3]]
[2021.01.10-13.38.35:809][  0]LogConfig: Setting CVar [[r.DetailMode:1]]
[2021.01.10-13.38.35:809][  0]LogConfig: Setting CVar [[r.TranslucencyVolumeBlur:0]]
[2021.01.10-13.38.35:809][  0]LogConfig: Setting CVar [[r.MaterialQualityLevel:2 ; Medium quality]]
[2021.01.10-13.38.35:809][  0]LogConfig: Setting CVar [[r.SSS.Scale:0.75]]
[2021.01.10-13.38.35:809][  0]LogConfig: Setting CVar [[r.SSS.SampleSet:0]]
[2021.01.10-13.38.35:809][  0]LogConfig: Setting CVar [[r.SSS.Quality:0]]
[2021.01.10-13.38.35:809][  0]LogConfig: Setting CVar [[r.SSS.HalfRes:1]]
[2021.01.10-13.38.35:809][  0]LogConfig: Setting CVar [[r.SSGI.Quality:1]]
[2021.01.10-13.38.35:809][  0]LogConfig: Setting CVar [[r.EmitterSpawnRateScale:0.25]]
[2021.01.10-13.38.35:809][  0]LogConfig: Setting CVar [[r.ParticleLightQuality:0]]
[2021.01.10-13.38.35:809][  0]LogConfig: Setting CVar [[r.SkyAtmosphere.AerialPerspectiveLUT.FastApplyOnOpaque:1 ; Always have FastSkyLUT 1 in this case to avoid wrong sky]]
[2021.01.10-13.38.35:809][  0]LogConfig: Setting CVar [[r.SkyAtmosphere.AerialPerspectiveLUT.SampleCountPerSlice:1]]
[2021.01.10-13.38.35:809][  0]LogConfig: Setting CVar [[r.SkyAtmosphere.AerialPerspectiveLUT.DepthResolution:16.0]]
[2021.01.10-13.38.35:809][  0]LogConfig: Setting CVar [[r.SkyAtmosphere.FastSkyLUT:1]]
[2021.01.10-13.38.35:809][  0]LogConfig: Setting CVar [[r.SkyAtmosphere.FastSkyLUT.SampleCountMin:4.0]]
[2021.01.10-13.38.35:809][  0]LogConfig: Setting CVar [[r.SkyAtmosphere.FastSkyLUT.SampleCountMax:32.0]]
[2021.01.10-13.38.35:809][  0]LogConfig: Setting CVar [[r.SkyAtmosphere.SampleCountMin:4.0]]
[2021.01.10-13.38.35:809][  0]LogConfig: Setting CVar [[r.SkyAtmosphere.SampleCountMax:32.0]]
[2021.01.10-13.38.35:809][  0]LogConfig: Setting CVar [[r.SkyAtmosphere.TransmittanceLUT.UseSmallFormat:0]]
[2021.01.10-13.38.35:809][  0]LogConfig: Setting CVar [[r.SkyAtmosphere.TransmittanceLUT.SampleCount:10.0]]
[2021.01.10-13.38.35:809][  0]LogConfig: Setting CVar [[r.SkyAtmosphere.MultiScatteringLUT.SampleCount:15.0]]
[2021.01.10-13.38.35:809][  0]LogConfig: Applying CVar settings from Section [FoliageQuality@1] File [E:/Bomberman/BombermanUE4/BBM/Saved/Config/Windows/Scalability.ini]
[2021.01.10-13.38.35:809][  0]LogConfig: Setting CVar [[foliage.DensityScale:0.4]]
[2021.01.10-13.38.35:809][  0]LogConfig: Setting CVar [[grass.DensityScale:0.4]]
[2021.01.10-13.38.35:809][  0]LogConfig: Applying CVar settings from Section [ShadingQuality@1] File [E:/Bomberman/BombermanUE4/BBM/Saved/Config/Windows/Scalability.ini]
[2021.01.10-13.38.35:809][  0]LogConfig: Setting CVar [[r.HairStrands.SkyLighting.SampleCount:16]]
[2021.01.10-13.38.35:809][  0]LogConfig: Setting CVar [[r.HairStrands.SkyLighting.JitterIntegration:0]]
[2021.01.10-13.38.35:809][  0]LogConfig: Setting CVar [[r.HairStrands.SkyAO.SampleCount:16]]
[2021.01.10-13.38.35:809][  0]LogConfig: Applying CVar settings from Section [Startup] File [../../../Engine/Config/ConsoleVariables.ini]
[2021.01.10-13.38.35:809][  0]LogConfig: Setting CVar [[net.UseAdaptiveNetUpdateFrequency:0]]
[2021.01.10-13.38.35:809][  0]LogConfig: Setting CVar [[p.chaos.AllowCreatePhysxBodies:1]]
[2021.01.10-13.38.35:809][  0]LogConfig: Applying CVar settings from Section [ConsoleVariables] File [E:/Bomberman/BombermanUE4/BBM/Saved/Config/Windows/Engine.ini]
[2021.01.10-13.38.35:809][  0]LogInit: Computer: MRFAB
[2021.01.10-13.38.35:809][  0]LogInit: User: MrFab
[2021.01.10-13.38.35:809][  0]LogInit: CPU Page size=4096, Cores=6
[2021.01.10-13.38.35:809][  0]LogInit: High frequency timer resolution =10.000000 MHz
[2021.01.10-13.38.35:810][  0]LogMemory: Memory total: Physical=16.0GB (16GB approx)
[2021.01.10-13.38.35:810][  0]LogMemory: Platform Memory Stats for Windows
[2021.01.10-13.38.35:810][  0]LogMemory: Process Physical Memory: 105.47 MB used, 105.48 MB peak
[2021.01.10-13.38.35:810][  0]LogMemory: Process Virtual Memory: 101.76 MB used, 101.76 MB peak
[2021.01.10-13.38.35:810][  0]LogMemory: Physical Memory: 7974.93 MB used,  8364.45 MB free, 16339.38 MB total
[2021.01.10-13.38.35:810][  0]LogMemory: Virtual Memory: 5173.87 MB used,  134212552.00 MB free, 134217728.00 MB total
[2021.01.10-13.38.35:815][  0]LogWindows: WindowsPlatformFeatures enabled
[2021.01.10-13.38.35:848][  0]LogInit: Using OS detected language (en-GB).
[2021.01.10-13.38.35:848][  0]LogInit: Using OS detected locale (en-IN).
[2021.01.10-13.38.35:849][  0]LogTextLocalizationManager: No specific localization for 'en-GB' exists, so the 'en' localization will be used.
[2021.01.10-13.38.36:035][  0]LogInit: Setting process to per monitor DPI aware
[2021.01.10-13.38.36:063][  0]LogSlate: New Slate User Created.  User Index 0, Is Virtual User: 0
[2021.01.10-13.38.36:063][  0]LogSlate: Slate User Registered.  User Index 0, Is Virtual User: 0
[2021.01.10-13.38.36:206][  0]LogHMD: Failed to initialize OpenVR with code 110
[2021.01.10-13.38.36:206][  0]LogD3D11RHI: D3D11 min allowed feature level: 11_0
[2021.01.10-13.38.36:206][  0]LogD3D11RHI: D3D11 max allowed feature level: 11_0
[2021.01.10-13.38.36:206][  0]LogD3D11RHI: D3D11 adapters:
[2021.01.10-13.38.36:284][  0]LogD3D11RHI:    0. 'NVIDIA GeForce GTX 1060 6GB' (Feature Level 11_0)
[2021.01.10-13.38.36:284][  0]LogD3D11RHI:       6052/0/8169 MB DedicatedVideo/DedicatedSystem/SharedSystem, Outputs:1, VendorId:0x10de
[2021.01.10-13.38.36:286][  0]LogD3D11RHI:    1. 'Microsoft Basic Render Driver' (Feature Level 11_0)
[2021.01.10-13.38.36:286][  0]LogD3D11RHI:       0/0/8169 MB DedicatedVideo/DedicatedSystem/SharedSystem, Outputs:0, VendorId:0x1414
[2021.01.10-13.38.36:286][  0]LogD3D11RHI: Chosen D3D11 Adapter: 0
[2021.01.10-13.38.36:296][  0]LogD3D11RHI: Creating new Direct3DDevice
[2021.01.10-13.38.36:296][  0]LogD3D11RHI:     GPU DeviceId: 0x1c03 (for the marketing name, search the web for "GPU Device Id")
[2021.01.10-13.38.36:296][  0]LogWindows: EnumDisplayDevices:
[2021.01.10-13.38.36:296][  0]LogWindows:    0. 'NVIDIA GeForce GTX 1060 6GB' (P:1 D:1)
[2021.01.10-13.38.36:296][  0]LogWindows:    1. 'NVIDIA GeForce GTX 1060 6GB' (P:0 D:0)
[2021.01.10-13.38.36:296][  0]LogWindows:    2. 'NVIDIA GeForce GTX 1060 6GB' (P:0 D:0)
[2021.01.10-13.38.36:297][  0]LogWindows:    3. 'NVIDIA GeForce GTX 1060 6GB' (P:0 D:0)
[2021.01.10-13.38.36:297][  0]LogWindows: DebugString: FoundDriverCount:4 
[2021.01.10-13.38.36:297][  0]LogD3D11RHI:     Adapter Name: NVIDIA GeForce GTX 1060 6GB
[2021.01.10-13.38.36:297][  0]LogD3D11RHI:   Driver Version: 457.30 (internal:27.21.14.5730, unified:457.30)
[2021.01.10-13.38.36:297][  0]LogD3D11RHI:      Driver Date: 11-6-2020
[2021.01.10-13.38.36:297][  0]LogRHI: Texture pool is 4236 MB (70% of 6052 MB)
[2021.01.10-13.38.36:354][  0]LogD3D11RHI: RHI has support for 64 bit atomics
[2021.01.10-13.38.36:354][  0]LogD3D11RHI: Async texture creation enabled
[2021.01.10-13.38.36:377][  0]LogD3D11RHI: GPU Timing Frequency: 1000.000000 (Debug: 2 1)
[2021.01.10-13.38.36:666][  0]LogTargetPlatformManager: Display: Loaded TargetPlatform 'AllDesktop'
[2021.01.10-13.38.36:699][  0]LogTargetPlatformManager: Display: Loaded TargetPlatform 'Android'
[2021.01.10-13.38.36:700][  0]LogTargetPlatformManager: Display: Loaded TargetPlatform 'Android_ASTC'
[2021.01.10-13.38.36:700][  0]LogTargetPlatformManager: Display: Loaded TargetPlatform 'Android_ATC'
[2021.01.10-13.38.36:700][  0]LogTargetPlatformManager: Display: Loaded TargetPlatform 'Android_DXT'
[2021.01.10-13.38.36:700][  0]LogTargetPlatformManager: Display: Loaded TargetPlatform 'Android_ETC1'
[2021.01.10-13.38.36:700][  0]LogTargetPlatformManager: Display: Loaded TargetPlatform 'Android_ETC1a'
[2021.01.10-13.38.36:700][  0]LogTargetPlatformManager: Display: Loaded TargetPlatform 'Android_ETC2'
[2021.01.10-13.38.36:700][  0]LogTargetPlatformManager: Display: Loaded TargetPlatform 'Android_PVRTC'
[2021.01.10-13.38.36:700][  0]LogTargetPlatformManager: Display: Loaded TargetPlatform 'AndroidClient'
[2021.01.10-13.38.36:700][  0]LogTargetPlatformManager: Display: Loaded TargetPlatform 'Android_ASTCClient'
[2021.01.10-13.38.36:700][  0]LogTargetPlatformManager: Display: Loaded TargetPlatform 'Android_ATCClient'
[2021.01.10-13.38.36:700][  0]LogTargetPlatformManager: Display: Loaded TargetPlatform 'Android_DXTClient'
[2021.01.10-13.38.36:700][  0]LogTargetPlatformManager: Display: Loaded TargetPlatform 'Android_ETC1Client'
[2021.01.10-13.38.36:700][  0]LogTargetPlatformManager: Display: Loaded TargetPlatform 'Android_ETC1aClient'
[2021.01.10-13.38.36:700][  0]LogTargetPlatformManager: Display: Loaded TargetPlatform 'Android_ETC2Client'
[2021.01.10-13.38.36:700][  0]LogTargetPlatformManager: Display: Loaded TargetPlatform 'Android_PVRTCClient'
[2021.01.10-13.38.36:700][  0]LogTargetPlatformManager: Display: Loaded TargetPlatform 'Android_Multi'
[2021.01.10-13.38.36:700][  0]LogTargetPlatformManager: Display: Loaded TargetPlatform 'Android_MultiClient'
[2021.01.10-13.38.36:721][  0]LogTargetPlatformManager: Display: Loaded TargetPlatform 'IOSClient'
[2021.01.10-13.38.36:721][  0]LogTargetPlatformManager: Display: Loaded TargetPlatform 'IOS'
[2021.01.10-13.38.36:729][  0]LogTargetPlatformManager: Display: Loaded TargetPlatform 'LinuxNoEditor'
[2021.01.10-13.38.36:737][  0]LogTargetPlatformManager: Display: Loaded TargetPlatform 'LinuxClient'
[2021.01.10-13.38.36:745][  0]LogTargetPlatformManager: Display: Loaded TargetPlatform 'LinuxServer'
[2021.01.10-13.38.36:752][  0]LogTargetPlatformManager: Display: Loaded TargetPlatform 'LinuxAArch64NoEditor'
[2021.01.10-13.38.36:760][  0]LogTargetPlatformManager: Display: Loaded TargetPlatform 'LinuxAArch64Client'
[2021.01.10-13.38.36:768][  0]LogTargetPlatformManager: Display: Loaded TargetPlatform 'LinuxAArch64Server'
[2021.01.10-13.38.36:794][  0]LogTargetPlatformManager: Display: Loaded TargetPlatform 'Lumin'
[2021.01.10-13.38.36:794][  0]LogTargetPlatformManager: Display: Loaded TargetPlatform 'LuminClient'
[2021.01.10-13.38.36:809][  0]LogTargetPlatformManager: Display: Loaded TargetPlatform 'TVOSClient'
[2021.01.10-13.38.36:809][  0]LogTargetPlatformManager: Display: Loaded TargetPlatform 'TVOS'
[2021.01.10-13.38.36:817][  0]LogTargetPlatformManager: Display: Loaded TargetPlatform 'WindowsNoEditor'
[2021.01.10-13.38.36:825][  0]LogTargetPlatformManager: Display: Loaded TargetPlatform 'Windows'
[2021.01.10-13.38.36:833][  0]LogTargetPlatformManager: Display: Loaded TargetPlatform 'WindowsClient'
[2021.01.10-13.38.36:841][  0]LogTargetPlatformManager: Display: Loaded TargetPlatform 'WindowsServer'
[2021.01.10-13.38.36:841][  0]LogTargetPlatformManager: Display: Building Assets For Windows
[2021.01.10-13.38.36:844][  0]LogAudioDebug: Display: Lib vorbis DLL was dynamically loaded.
[2021.01.10-13.38.36:866][  0]LogShaderCompilers: Guid format shader working directory is 8 characters bigger than the processId version (../../../../Bomberman/BombermanUE4/BBM/Intermediate/Shaders/WorkingDirectory/13672/).
[2021.01.10-13.38.36:866][  0]LogShaderCompilers: Cleaned the shader compiler working directory 'C:/Users/Mr.Fab/AppData/Local/Temp/UnrealShaderWorkingDir/D8D955BB426CF7C809A87B96CC9DCE20/'.
[2021.01.10-13.38.36:866][  0]LogXGEController: Cannot use XGE Controller as Incredibuild is not installed on this machine.
[2021.01.10-13.38.36:866][  0]LogShaderCompilers: Cannot use XGE Shader Compiler as Incredibuild is not installed on this machine.
[2021.01.10-13.38.36:866][  0]LogShaderCompilers: Display: Using Local Shader Compiler.
[2021.01.10-13.38.37:647][  0]LogDerivedDataCache: Display: Max Cache Size: 512 MB
[2021.01.10-13.38.37:703][  0]LogDerivedDataCache: Loaded boot cache 0.06s 78MB C:/Users/Mr.Fab/AppData/Local/UnrealEngine/4.24/DerivedDataCache/Boot.ddc.
[2021.01.10-13.38.37:704][  0]LogDerivedDataCache: Display: Loaded Boot cache: C:/Users/Mr.Fab/AppData/Local/UnrealEngine/4.24/DerivedDataCache/Boot.ddc
[2021.01.10-13.38.37:704][  0]LogDerivedDataCache: FDerivedDataBackendGraph:  Pak pak cache file ../../../../Bomberman/BombermanUE4/BBM/DerivedDataCache/DDC.ddp not found, will not use a pak cache.
[2021.01.10-13.38.37:704][  0]LogDerivedDataCache: Unable to find inner node Pak for hierarchical cache Hierarchy.
[2021.01.10-13.38.37:704][  0]LogDerivedDataCache: FDerivedDataBackendGraph:  CompressedPak pak cache file ../../../../Bomberman/BombermanUE4/BBM/DerivedDataCache/Compressed.ddp not found, will not use a pak cache.
[2021.01.10-13.38.37:704][  0]LogDerivedDataCache: Unable to find inner node CompressedPak for hierarchical cache Hierarchy.
[2021.01.10-13.38.37:715][  0]LogDerivedDataCache: Display: Pak cache opened for reading ../../../Engine/DerivedDataCache/Compressed.ddp.
[2021.01.10-13.38.37:715][  0]LogDerivedDataCache: FDerivedDataBackendGraph:  EnterprisePak pak cache file ../../../Enterprise/DerivedDataCache/Compressed.ddp not found, will not use a pak cache.
[2021.01.10-13.38.37:715][  0]LogDerivedDataCache: Unable to find inner node EnterprisePak for hierarchical cache Hierarchy.
[2021.01.10-13.38.37:717][  0]LogDerivedDataCache: Using Local data cache path C:/Users/Mr.Fab/AppData/Local/UnrealEngine/Common/DerivedDataCache: Writable
[2021.01.10-13.38.37:717][  0]LogDerivedDataCache: Shared data cache path not found in *engine.ini, will not use an Shared cache.
[2021.01.10-13.38.37:717][  0]LogDerivedDataCache: Unable to find inner node Shared for hierarchical cache Hierarchy.
[2021.01.10-13.38.37:746][  0]LogMaterial: Verifying Global Shaders for PCD3D_SM5
[2021.01.10-13.38.37:750][  0]LogSlate: Using FreeType 2.10.0
[2021.01.10-13.38.37:750][  0]LogSlate: SlateFontServices - WITH_FREETYPE: 1, WITH_HARFBUZZ: 1
[2021.01.10-13.38.37:805][  0]LogAssetRegistry: FAssetRegistry took 0.0031 seconds to start up
[2021.01.10-13.38.38:145][  0]LogInit: Selected Device Profile: [Windows]
[2021.01.10-13.38.38:313][  0]LogMeshReduction: Using QuadricMeshReduction for automatic static mesh reduction
[2021.01.10-13.38.38:313][  0]LogMeshReduction: Using SimplygonMeshReduction for automatic skeletal mesh reduction
[2021.01.10-13.38.38:313][  0]LogMeshReduction: Using ProxyLODMeshReduction for automatic mesh merging
[2021.01.10-13.38.38:313][  0]LogMeshReduction: No distributed automatic mesh merging module available
[2021.01.10-13.38.38:313][  0]LogMeshMerging: No distributed automatic mesh merging module available
[2021.01.10-13.38.38:326][  0]LogNetVersion: BBM 1.0.0, NetCL: 10570792, EngineNetVer: 13, GameNetVer: 0 (Checksum: 1748325857)
[2021.01.10-13.38.39:427][  0]LogPackageLocalizationCache: Processed 10 localized package path(s) for 1 prioritized culture(s) in 0.039830 seconds
[2021.01.10-13.38.39:437][  0]LogUObjectArray: 46750 objects as part of root set at end of initial load.
[2021.01.10-13.38.39:437][  0]LogUObjectAllocator: 8137160 out of 0 bytes used by permanent object pool.
[2021.01.10-13.38.39:437][  0]LogUObjectArray: CloseDisregardForGC: 0/0 objects in disregard for GC pool
[2021.01.10-13.38.39:889][  0]LogTcpMessaging: Initializing TcpMessaging bridge
[2021.01.10-13.38.39:893][  0]LogUdpMessaging: Initializing bridge on interface 0.0.0.0:0 to multicast group 230.0.0.1:6666.
[2021.01.10-13.38.39:951][  0]SourceControl: Source control is disabled
[2021.01.10-13.38.39:952][  0]SourceControl: Source control is disabled
[2021.01.10-13.38.39:952][  0]SourceControl: Source control is disabled
[2021.01.10-13.38.39:953][  0]SourceControl: Source control is disabled
[2021.01.10-13.38.39:955][  0]SourceControl: Source control is disabled
[2021.01.10-13.38.40:048][  0]LogAndroidPermission: UAndroidPermissionCallbackProxy::GetInstance
[2021.01.10-13.38.40:062][  0]LogAudioCaptureCore: Display: No Audio Capture implementations found. Audio input will be silent.
[2021.01.10-13.38.40:062][  0]LogAudioCaptureCore: Display: No Audio Capture implementations found. Audio input will be silent.
[2021.01.10-13.38.40:161][  0]LogOcInput: OculusInput pre-init called
[2021.01.10-13.38.40:169][  0]LogWindows: Failed to load 'OVRPlugin.dll' (GetLastError=126)
[2021.01.10-13.38.40:169][  0]LogWindows: File 'OVRPlugin.dll' does not exist
[2021.01.10-13.38.40:252][  0]LogEngine: Initializing Engine...
[2021.01.10-13.38.40:253][  0]LogHMD: Failed to initialize OpenVR with code 110
[2021.01.10-13.38.40:254][  0]LogStats: UGameplayTagsManager::InitializeManager -  0.000 s
[2021.01.10-13.38.40:645][  0]LogInit: Initializing FReadOnlyCVARCache
[2021.01.10-13.38.40:652][  0]LogAIModule: Creating AISystem for world Untitled
[2021.01.10-13.38.40:665][  0]LogAudioMixer: Display: Audio Mixer Platform Settings:
[2021.01.10-13.38.40:665][  0]LogAudioMixer: Display: 	Sample Rate:						  48000
[2021.01.10-13.38.40:665][  0]LogAudioMixer: Display: 	Callback Buffer Frame Size Requested: 1024
[2021.01.10-13.38.40:665][  0]LogAudioMixer: Display: 	Callback Buffer Frame Size To Use:	  1024
[2021.01.10-13.38.40:665][  0]LogAudioMixer: Display: 	Number of buffers to queue:			  2
[2021.01.10-13.38.40:665][  0]LogAudioMixer: Display: 	Max Channels (voices):				  32
[2021.01.10-13.38.40:665][  0]LogAudioMixer: Display: 	Number of Async Source Workers:		  0
[2021.01.10-13.38.40:665][  0]LogAudio: Display: AudioDevice MaxSources: 32
[2021.01.10-13.38.40:666][  0]LogAudio: Display: Using built-in audio occlusion.
[2021.01.10-13.38.40:666][  0]LogAudioMixer: Display: Initializing audio mixer.
[2021.01.10-13.38.40:689][  0]LogAudioMixer: Display: Audio Device Output Speaker Info:
[2021.01.10-13.38.40:689][  0]LogAudioMixer: Display: Name: Speakers (5- USB Audio Device)
[2021.01.10-13.38.40:689][  0]LogAudioMixer: Display: Is Default: Yes
[2021.01.10-13.38.40:689][  0]LogAudioMixer: Display: Sample Rate: 48000
[2021.01.10-13.38.40:689][  0]LogAudioMixer: Display: Channel Count Used: 2
[2021.01.10-13.38.40:689][  0]LogAudioMixer: Display: Device Channel Count: 2
[2021.01.10-13.38.40:689][  0]LogAudioMixer: Display: Channel Order:
[2021.01.10-13.38.40:689][  0]LogAudioMixer: Display: 0: FrontLeft
[2021.01.10-13.38.40:689][  0]LogAudioMixer: Display: 1: FrontRight
[2021.01.10-13.38.40:710][  0]LogAudioMixer: Display: Using Audio Device Speakers (5- USB Audio Device)
[2021.01.10-13.38.40:716][  0]LogInit: FAudioDevice initialized.
[2021.01.10-13.38.40:716][  0]LogNetVersion: Set ProjectVersion to 1.0.0.0. Version Checksum will be recalculated on next use.
[2021.01.10-13.38.40:837][  0]LogDerivedDataCache: Saved boot cache 0.12s 78MB C:/Users/Mr.Fab/AppData/Local/UnrealEngine/4.24/DerivedDataCache/Boot.ddc.
[2021.01.10-13.38.40:839][  0]LogInit: Texture streaming: Enabled
[2021.01.10-13.38.40:852][  0]LogEngineSessionManager: EngineSessionManager initialized
[2021.01.10-13.38.40:852][  0]LogEditorSessionSummary: Verbose: Initializing EditorSessionSummaryWriter for editor session tracking
[2021.01.10-13.38.40:853][  0]LogEditorSessionSummary: EditorSessionSummaryWriter initialized
[2021.01.10-13.38.40:893][  0]LogInit: Transaction tracking system initialized
[2021.01.10-13.38.40:904][  0]BlueprintLog: New page: Editor Load
[2021.01.10-13.38.40:937][  0]LocalizationService: Localization service is disabled
[2021.01.10-13.38.42:310][  0]LogFileCache: Scanning file cache for directory 'E:/Bomberman/BombermanUE4/BBM/Content/' took 0.00s
[2021.01.10-13.38.42:310][  0]LogCook: Display: Max memory allowance for cook 16384mb min free memory 0mb
[2021.01.10-13.38.42:310][  0]LogCook: Display: Mobile HDR setting 1
[2021.01.10-13.38.42:990][  0]SourceControl: Source control is disabled
[2021.01.10-13.38.42:990][  0]Cmd: MAP LOAD FILE="../../../../Bomberman/BombermanUE4/BBM/Content/Maps/Level.umap" TEMPLATE=0 SHOWPROGRESS=1 FEATURELEVEL=3
[2021.01.10-13.38.42:991][  0]LightingResults: New page: Lighting Build
[2021.01.10-13.38.42:992][  0]LogWorld: UWorld::CleanupWorld for Untitled, bSessionEnded=true, bCleanupResources=true
[2021.01.10-13.38.42:992][  0]LogSlate: InvalidateAllWidgets triggered.  All widgets were invalidated
[2021.01.10-13.38.42:992][  0]MapCheck: New page: Map Check
[2021.01.10-13.38.42:992][  0]LightingResults: New page: Lighting Build
[2021.01.10-13.38.43:031][  0]LogUObjectHash: Compacting FUObjectHashTables data took   1.93ms
[2021.01.10-13.38.43:190][  0]LogAIModule: Creating AISystem for world Level
[2021.01.10-13.38.43:195][  0]LogEditorServer: Finished looking for orphan Actors (0.000 secs)
[2021.01.10-13.38.43:237][  0]LogUObjectHash: Compacting FUObjectHashTables data took   2.62ms
[2021.01.10-13.38.43:237][  0]Cmd: MAP CHECKDEP NOCLEARLOG
[2021.01.10-13.38.43:237][  0]MapCheck: Map check complete: 0 Error(s), 0 Warning(s), took 0.125ms to complete.
[2021.01.10-13.38.43:237][  0]LogFileHelpers: Loading map 'Level' took 0.247
[2021.01.10-13.38.43:382][  0]LogSlate: Updating window title bar state: overlay mode, drag disabled, window buttons hidden, title bar hidden
[2021.01.10-13.38.43:389][  0]LogSlate: Updating window title bar state: overlay mode, drag disabled, window buttons hidden, title bar hidden
[2021.01.10-13.38.43:397][  0]LogSlate: Updating window title bar state: overlay mode, drag disabled, window buttons hidden, title bar hidden
[2021.01.10-13.38.43:404][  0]LogSlate: Updating window title bar state: overlay mode, drag disabled, window buttons hidden, title bar hidden
[2021.01.10-13.38.43:407][  0]LogCollectionManager: Loaded 0 collections in 0.000895 seconds
[2021.01.10-13.38.43:422][  0]LogFileCache: Scanning file cache for directory 'E:/Bomberman/BombermanUE4/BBM/Saved/Collections/' took 0.00s
[2021.01.10-13.38.43:423][  0]LogFileCache: Scanning file cache for directory 'E:/Bomberman/BombermanUE4/BBM/Content/Developers/MrFab/Collections/' took 0.00s
[2021.01.10-13.38.43:423][  0]LogFileCache: Scanning file cache for directory 'E:/Bomberman/BombermanUE4/BBM/Content/Collections/' took 0.00s
[2021.01.10-13.38.43:423][  0]LogContentBrowser: Native class hierarchy populated in 0.0107 seconds. Added 3019 classes and 722 folders.
[2021.01.10-13.38.43:425][  0]LogContentBrowser: Native class hierarchy updated for 'WidgetCarousel' in 0.0004 seconds. Added 0 classes and 0 folders.
[2021.01.10-13.38.43:475][  0]LogContentBrowser: Native class hierarchy updated for 'AddContentDialog' in 0.0004 seconds. Added 0 classes and 0 folders.
[2021.01.10-13.38.43:509][  0]LogSlate: Took 0.000256 seconds to synchronously load lazily loaded font '../../../Engine/Content/Slate/Fonts/Roboto-Regular.ttf' (155K)
[2021.01.10-13.38.43:514][  0]LogSlate: Took 0.000192 seconds to synchronously load lazily loaded font '../../../Engine/Content/Slate/Fonts/Roboto-Bold.ttf' (160K)
[2021.01.10-13.38.43:516][  0]LogSlate: Took 0.000175 seconds to synchronously load lazily loaded font '../../../Engine/Content/Editor/Slate/Fonts/FontAwesome.ttf' (139K)
[2021.01.10-13.38.43:584][  0]LogRenderer: Reallocating scene render targets to support 936x652 Format 9 NumSamples 1 (Frame:1).
[2021.01.10-13.38.43:822][  0]LogContentBrowser: Native class hierarchy updated for 'HierarchicalLODOutliner' in 0.0004 seconds. Added 0 classes and 0 folders.
[2021.01.10-13.38.43:822][  0]LogLoad: (Engine Initialization) Total time: 9.39 seconds
[2021.01.10-13.38.43:822][  0]LogLoad: (Engine Initialization) Total Blueprint compile time: 0.00 seconds
[2021.01.10-13.38.43:875][  0]LogAssetRegistry: Asset discovery search completed in 6.0715 seconds
[2021.01.10-13.38.43:880][  0]LogCollectionManager: Fixed up redirectors for 0 collections in 0.000008 seconds (updated 0 objects)
[2021.01.10-13.38.43:882][  0]LogContentStreaming: Texture pool size now 600 MB
[2021.01.10-13.38.43:901][  0]LogSlate: Took 0.000186 seconds to synchronously load lazily loaded font '../../../Engine/Content/Slate/Fonts/Roboto-Light.ttf' (167K)
[2021.01.10-13.38.45:179][  4]LogSlate: Took 0.000200 seconds to synchronously load lazily loaded font '../../../Engine/Content/Slate/Fonts/Roboto-Light.ttf' (167K)
[2021.01.10-13.41.06:402][ 29]LogAssetEditorSubsystem: Opening Asset editor for Blueprint /Game/Blueprints/Testing/BP_PlayerController.BP_PlayerController
[2021.01.10-13.41.06:663][ 29]LogContentBrowser: Native class hierarchy updated for 'BlueprintGraph' in 0.0009 seconds. Added 121 classes and 0 folders.
[2021.01.10-13.41.07:702][ 29]LogAssetEditorSubsystem: Opening Asset editor for Blueprint /Game/Blueprints/Testing/PlayerBP.PlayerBP
[2021.01.10-13.41.08:048][ 29]LogSlate: Took 0.000188 seconds to synchronously load lazily loaded font '../../../Engine/Content/Slate/Fonts/Roboto-BoldCondensed.ttf' (158K)
[2021.01.10-13.41.11:543][346]LogEditorViewport: Clicking on Actor (LMB): PlayerBP_C (PlayerBP)
[2021.01.10-13.41.29:341][322]LogEditorViewport: Clicking on Actor (LMB): BP_Sky_Sphere_C (BP_Sky_Sphere)
[2021.01.10-13.41.30:132][403]LogEditorViewport: Clicking on Actor (LMB): CameraActor (CameraActor)
[2021.01.10-13.41.34:967][926]LogEditorViewport: Clicking on Actor (LMB): BP_Sky_Sphere_C (BP_Sky_Sphere)
[2021.01.10-13.41.35:851][ 18]LogEditorViewport: Clicking on Actor (LMB): CameraActor (CameraActor)
[2021.01.10-13.41.45:661][105]LogEditorViewport: Clicking on Actor (LMB): BP_Sky_Sphere_C (BP_Sky_Sphere)
[2021.01.10-13.41.48:733][432]LogEditorViewport: Clicking on Actor (LMB): CameraActor (CameraActor)
[2021.01.10-13.41.57:575][362]Cmd: OBJ SAVEPACKAGE PACKAGE="/Game/Maps/Level" FILE="../../../../Bomberman/BombermanUE4/BBM/Content/Maps/Level.umap" SILENT=true AUTOSAVING=false KEEPDIRTY=false
[2021.01.10-13.41.57:634][362]LogUObjectHash: Compacting FUObjectHashTables data took   3.87ms
[2021.01.10-13.41.57:653][362]LogSavePackage: Moving '../../../../Bomberman/BombermanUE4/BBM/Saved/LevelD75DD44E46CDC3A599A42D945679C69B.tmp' to '../../../../Bomberman/BombermanUE4/BBM/Content/Maps/Level.umap'
[2021.01.10-13.41.57:667][362]LogFileHelpers: Saving map 'Level' took 0.092
[2021.01.10-13.41.57:689][362]LogAssetEditorSubsystem: Opening Asset editor for LevelScriptBlueprint /Game/Maps/Level.Level:PersistentLevel.Level
[2021.01.10-13.41.58:066][362]AssetCheck: New page: Asset Save: Level
[2021.01.10-13.41.58:066][362]LogContentValidation: Display: Validating World /Game/Maps/Level.Level
[2021.01.10-13.42.06:212][972]LogSlate: Took 0.000189 seconds to synchronously load lazily loaded font '../../../Engine/Content/Slate/Fonts/Roboto-Italic.ttf' (157K)
[2021.01.10-13.42.23:562][479]BlueprintLog: New page: Compile Level
[2021.01.10-13.42.23:564][479]LogBlueprint: Error: [Compiler PersistentLevel.Level] This blueprint (self) is not a PlayerController, therefore ' Target ' must have a connection.
[2021.01.10-13.42.23:621][479]LogUObjectHash: Compacting FUObjectHashTables data took   3.81ms
[2021.01.10-13.42.23:642][479]Cmd: OBJ SAVEPACKAGE PACKAGE="/Game/Maps/Level" FILE="../../../../Bomberman/BombermanUE4/BBM/Content/Maps/Level.umap" SILENT=true AUTOSAVING=false KEEPDIRTY=false
[2021.01.10-13.42.23:690][479]LogUObjectHash: Compacting FUObjectHashTables data took   1.05ms
[2021.01.10-13.42.23:693][479]LogBlueprint: Error: [Compiler PersistentLevel.Level] This blueprint (self) is not a PlayerController, therefore ' Target ' must have a connection.
[2021.01.10-13.42.23:958][479]LogSavePackage: Moving '../../../../Bomberman/BombermanUE4/BBM/Saved/LevelAB3BD0804261DBA7D9C947ACE54F3668.tmp' to '../../../../Bomberman/BombermanUE4/BBM/Content/Maps/Level.umap'
[2021.01.10-13.42.23:979][479]LogFileHelpers: Saving map 'Level' took 0.338
[2021.01.10-13.42.24:000][479]AssetCheck: New page: Asset Save: Level
[2021.01.10-13.42.24:001][479]LogContentValidation: Display: Validating World /Game/Maps/Level.Level
[2021.01.10-13.42.36:635][498]BlueprintLog: New page: Compile Level
[2021.01.10-13.42.36:941][498]LogUObjectHash: Compacting FUObjectHashTables data took   3.61ms
[2021.01.10-13.42.36:971][498]Cmd: OBJ SAVEPACKAGE PACKAGE="/Game/Maps/Level" FILE="../../../../Bomberman/BombermanUE4/BBM/Content/Maps/Level.umap" SILENT=true AUTOSAVING=false KEEPDIRTY=false
[2021.01.10-13.42.37:024][498]LogUObjectHash: Compacting FUObjectHashTables data took   1.03ms
[2021.01.10-13.42.37:292][498]LogSavePackage: Moving '../../../../Bomberman/BombermanUE4/BBM/Saved/LevelA5D3F2B247C0FED5ED2BBC8B85276A7A.tmp' to '../../../../Bomberman/BombermanUE4/BBM/Content/Maps/Level.umap'
[2021.01.10-13.42.37:306][498]LogFileHelpers: Saving map 'Level' took 0.335
[2021.01.10-13.42.37:322][498]AssetCheck: New page: Asset Save: Level
[2021.01.10-13.42.37:322][498]LogContentValidation: Display: Validating World /Game/Maps/Level.Level
[2021.01.10-13.42.39:066][659]LogTemp: Repeating last play command: Selected Viewport
[2021.01.10-13.42.39:087][659]LogBlueprintUserMessages: Early PlayInEditor Detection: Level '/Game/Maps/Level.Level:PersistentLevel' has LevelScriptBlueprint '/Game/Maps/Level.Level:PersistentLevel.Level' with GeneratedClass '/Game/Maps/Level.Level_C' with ClassGeneratedBy '/Game/Maps/Level.Level:PersistentLevel.Level'
[2021.01.10-13.42.39:087][659]LogPlayLevel: PlayLevel: No blueprints needed recompiling
[2021.01.10-13.42.39:088][659]PIE: New page: PIE session: Level (11-Jan-2021, 12:42:39 am)
[2021.01.10-13.42.39:089][659]LogOnline: OSS: Creating online subsystem instance for: NULL
[2021.01.10-13.42.39:090][659]LogOnline: OSS: TryLoadSubsystemAndSetDefault: Loaded subsystem for module [NULL]
[2021.01.10-13.42.39:090][659]LogPlayLevel: Creating play world package: /Game/Maps/UEDPIE_0_Level
[2021.01.10-13.42.39:094][659]LogPlayLevel: PIE: StaticDuplicateObject took: (0.003694s)
[2021.01.10-13.42.39:095][659]LogAIModule: Creating AISystem for world Level
[2021.01.10-13.42.39:095][659]LogPlayLevel: PIE: World Init took: (0.001319s)
[2021.01.10-13.42.39:096][659]LogPlayLevel: PIE: Created PIE world by copying editor world from /Game/Maps/Level.Level to /Game/Maps/UEDPIE_0_Level.Level (0.005294s)
[2021.01.10-13.42.39:141][659]LogUObjectHash: Compacting FUObjectHashTables data took   3.62ms
[2021.01.10-13.42.39:143][659]LogAudioMixer: Display: Audio Mixer Platform Settings:
[2021.01.10-13.42.39:143][659]LogAudioMixer: Display: 	Sample Rate:						  48000
[2021.01.10-13.42.39:143][659]LogAudioMixer: Display: 	Callback Buffer Frame Size Requested: 1024
[2021.01.10-13.42.39:143][659]LogAudioMixer: Display: 	Callback Buffer Frame Size To Use:	  1024
[2021.01.10-13.42.39:143][659]LogAudioMixer: Display: 	Number of buffers to queue:			  2
[2021.01.10-13.42.39:143][659]LogAudioMixer: Display: 	Max Channels (voices):				  32
[2021.01.10-13.42.39:143][659]LogAudioMixer: Display: 	Number of Async Source Workers:		  0
[2021.01.10-13.42.39:143][659]LogAudio: Display: AudioDevice MaxSources: 32
[2021.01.10-13.42.39:144][659]LogAudio: Display: Using built-in audio occlusion.
[2021.01.10-13.42.39:144][659]LogAudioMixer: Display: Initializing audio mixer.
[2021.01.10-13.42.39:158][659]LogAudioMixer: Display: Audio Device Output Speaker Info:
[2021.01.10-13.42.39:158][659]LogAudioMixer: Display: Name: Speakers (5- USB Audio Device)
[2021.01.10-13.42.39:158][659]LogAudioMixer: Display: Is Default: Yes
[2021.01.10-13.42.39:158][659]LogAudioMixer: Display: Sample Rate: 48000
[2021.01.10-13.42.39:158][659]LogAudioMixer: Display: Channel Count Used: 2
[2021.01.10-13.42.39:158][659]LogAudioMixer: Display: Device Channel Count: 2
[2021.01.10-13.42.39:158][659]LogAudioMixer: Display: Channel Order:
[2021.01.10-13.42.39:158][659]LogAudioMixer: Display: 0: FrontLeft
[2021.01.10-13.42.39:158][659]LogAudioMixer: Display: 1: FrontRight
[2021.01.10-13.42.39:169][659]LogAudioMixer: Display: Using Audio Device Speakers (5- USB Audio Device)
[2021.01.10-13.42.39:171][659]LogInit: FAudioDevice initialized.
[2021.01.10-13.42.39:181][659]LogLoad: Game class is 'NewGameMode_C'
[2021.01.10-13.42.39:183][659]LogWorld: Bringing World /Game/Maps/UEDPIE_0_Level.Level up for play (max tick rate 0) at 2021.01.10-19.12.39
[2021.01.10-13.42.39:183][659]LogWorld: Bringing up level for play took: 0.001085
[2021.01.10-13.42.39:184][659]LogOnline: OSS: Creating online subsystem instance for: :Context_7
[2021.01.10-13.42.39:198][659]LogContentBrowser: Native class hierarchy updated for 'MovieSceneCapture' in 0.0009 seconds. Added 20 classes and 0 folders.
[2021.01.10-13.42.39:198][659]LogGameMode: Display: Match State Changed from EnteringMap to WaitingToStart
[2021.01.10-13.42.39:198][659]LogGameState: Match State Changed from EnteringMap to WaitingToStart
[2021.01.10-13.42.39:198][659]LogGameMode: Display: Match State Changed from WaitingToStart to InProgress
[2021.01.10-13.42.39:200][659]LogGameState: Match State Changed from WaitingToStart to InProgress
[2021.01.10-13.42.39:200][659]PIE: Play in editor start time for /Game/Maps/UEDPIE_0_Level -0.51
[2021.01.10-13.42.39:200][659]LogBlueprintUserMessages: Late PlayInEditor Detection: Level '/Game/Maps/Level.Level:PersistentLevel' has LevelScriptBlueprint '/Game/Maps/Level.Level:PersistentLevel.Level' with GeneratedClass '/Game/Maps/Level.Level_C' with ClassGeneratedBy '/Game/Maps/Level.Level:PersistentLevel.Level'
[2021.01.10-13.42.40:678][781]LogOutputDevice: Warning: 

Script Stack (2 frames):
BP_PlayerController_C.ExecuteUbergraph_BP_PlayerController
BP_PlayerController_C.InpAxisEvt_Horizontal_Axis_K2Node_InputAxisEvent_0

[2021.01.10-13.42.40:918][781]LogStats: FPlatformStackWalk::StackWalkAndDump -  0.240 s
[2021.01.10-13.42.40:918][781]LogOutputDevice: Error: === Handled ensure: ===
[2021.01.10-13.42.40:918][781]LogOutputDevice: Error: 
[2021.01.10-13.42.40:918][781]LogOutputDevice: Error: Ensure condition failed: NewTransform.IsValid() [File:D:/Build/++UE4/Sync/Engine/Source/Runtime/Engine/Private/Components/SceneComponent.cpp] [Line: 623]
[2021.01.10-13.42.40:918][781]LogOutputDevice: Error: 
[2021.01.10-13.42.40:918][781]LogOutputDevice: Error: Stack: 
[2021.01.10-13.42.40:918][781]LogOutputDevice: Error: [Callstack] 0x00007fff7f9c45b9 UE4Editor-Engine.dll!UnknownFunction []
[2021.01.10-13.42.40:918][781]LogOutputDevice: Error: [Callstack] 0x00007fff7e628357 UE4Editor-Engine.dll!UnknownFunction []
[2021.01.10-13.42.40:918][781]LogOutputDevice: Error: [Callstack] 0x00007fff7e60b676 UE4Editor-Engine.dll!UnknownFunction []
[2021.01.10-13.42.40:918][781]LogOutputDevice: Error: [Callstack] 0x00007fff7e60d837 UE4Editor-Engine.dll!UnknownFunction []
[2021.01.10-13.42.40:918][781]LogOutputDevice: Error: [Callstack] 0x00007fff7e196da8 UE4Editor-Engine.dll!UnknownFunction []
[2021.01.10-13.42.40:918][781]LogOutputDevice: Error: [Callstack] 0x00007fff7e1806bf UE4Editor-Engine.dll!UnknownFunction []
[2021.01.10-13.42.40:918][781]LogOutputDevice: Error: [Callstack] 0x00007fff7e0f785c UE4Editor-Engine.dll!UnknownFunction []
[2021.01.10-13.42.40:918][781]LogOutputDevice: Error: [Callstack] 0x00007fff80fd42e8 UE4Editor-CoreUObject.dll!UnknownFunction []
[2021.01.10-13.42.40:918][781]LogOutputDevice: Error: [Callstack] 0x00007fff811fa62f UE4Editor-CoreUObject.dll!UnknownFunction []
[2021.01.10-13.42.40:918][781]LogOutputDevice: Error: [Callstack] 0x00007fff8121ec61 UE4Editor-CoreUObject.dll!UnknownFunction []
[2021.01.10-13.42.40:918][781]LogOutputDevice: Error: [Callstack] 0x00007fff81246187 UE4Editor-CoreUObject.dll!UnknownFunction []
[2021.01.10-13.42.40:918][781]LogOutputDevice: Error: [Callstack] 0x00007fff81220cd2 UE4Editor-CoreUObject.dll!UnknownFunction []
[2021.01.10-13.42.40:918][781]LogOutputDevice: Error: [Callstack] 0x00007fff811eedbb UE4Editor-CoreUObject.dll!UnknownFunction []
[2021.01.10-13.42.40:918][781]LogOutputDevice: Error: [Callstack] 0x00007fff812209ef UE4Editor-CoreUObject.dll!UnknownFunction []
[2021.01.10-13.42.40:918][781]LogOutputDevice: Error: [Callstack] 0x00007fff81220cd2 UE4Editor-CoreUObject.dll!UnknownFunction []
[2021.01.10-13.42.40:918][781]LogOutputDevice: Error: [Callstack] 0x00007fff81220644 UE4Editor-CoreUObject.dll!UnknownFunction []
[2021.01.10-13.42.40:918][781]LogOutputDevice: Error: [Callstack] 0x00007fff80fd42e8 UE4Editor-CoreUObject.dll!UnknownFunction []
[2021.01.10-13.42.40:918][781]LogOutputDevice: Error: [Callstack] 0x00007fff81220148 UE4Editor-CoreUObject.dll!UnknownFunction []
[2021.01.10-13.42.40:918][781]LogOutputDevice: Error: [Callstack] 0x00007fff7e187f18 UE4Editor-Engine.dll!UnknownFunction []
[2021.01.10-13.42.40:918][781]LogOutputDevice: Error: [Callstack] 0x00007fff7f3ce996 UE4Editor-Engine.dll!UnknownFunction []
[2021.01.10-13.42.40:918][781]LogOutputDevice: Error: [Callstack] 0x00007fff7eeb0043 UE4Editor-Engine.dll!UnknownFunction []
[2021.01.10-13.42.40:918][781]LogOutputDevice: Error: [Callstack] 0x00007fff7eec1e3d UE4Editor-Engine.dll!UnknownFunction []
[2021.01.10-13.42.40:918][781]LogOutputDevice: Error: [Callstack] 0x00007fff7eeadfcb UE4Editor-Engine.dll!UnknownFunction []
[2021.01.10-13.42.40:918][781]LogOutputDevice: Error: [Callstack] 0x00007fff7eec0267 UE4Editor-Engine.dll!UnknownFunction []
[2021.01.10-13.42.40:918][781]LogOutputDevice: Error: [Callstack] 0x00007fff7e167866 UE4Editor-Engine.dll!UnknownFunction []
[2021.01.10-13.42.40:918][781]LogOutputDevice: Error: [Callstack] 0x00007fff7f2a7223 UE4Editor-Engine.dll!UnknownFunction []
[2021.01.10-13.42.40:918][781]LogOutputDevice: Error: [Callstack] 0x00007fff7f2b5256 UE4Editor-Engine.dll!UnknownFunction []
[2021.01.10-13.42.40:918][781]LogOutputDevice: Error: [Callstack] 0x00007fff8bf69ff2 UE4Editor-Core.dll!UnknownFunction []
[2021.01.10-13.42.40:918][781]LogOutputDevice: Error: [Callstack] 0x00007fff8bf6a393 UE4Editor-Core.dll!UnknownFunction []
[2021.01.10-13.42.40:918][781]LogOutputDevice: Error: [Callstack] 0x00007fff8bf7aa68 UE4Editor-Core.dll!UnknownFunction []
[2021.01.10-13.42.40:918][781]LogOutputDevice: Error: [Callstack] 0x00007fff7f2d38b0 UE4Editor-Engine.dll!UnknownFunction []
[2021.01.10-13.42.40:918][781]LogOutputDevice: Error: [Callstack] 0x00007fff7f2d97c2 UE4Editor-Engine.dll!UnknownFunction []
[2021.01.10-13.42.40:918][781]LogOutputDevice: Error: [Callstack] 0x00007fff7ea5a25f UE4Editor-Engine.dll!UnknownFunction []
[2021.01.10-13.42.40:918][781]LogOutputDevice: Error: [Callstack] 0x00007fff7ea65127 UE4Editor-Engine.dll!UnknownFunction []
[2021.01.10-13.42.40:918][781]LogOutputDevice: Error: [Callstack] 0x00007fff7c77ad60 UE4Editor-UnrealEd.dll!UnknownFunction []
[2021.01.10-13.42.40:918][781]LogOutputDevice: Error: [Callstack] 0x00007fff7cfde476 UE4Editor-UnrealEd.dll!UnknownFunction []
[2021.01.10-13.42.40:918][781]LogOutputDevice: Error: [Callstack] 0x00007ff70b4b7f62 UE4Editor.exe!UnknownFunction []
[2021.01.10-13.42.40:918][781]LogOutputDevice: Error: [Callstack] 0x00007ff70b4cc3ec UE4Editor.exe!UnknownFunction []
[2021.01.10-13.42.40:918][781]LogOutputDevice: Error: [Callstack] 0x00007ff70b4cc4ca UE4Editor.exe!UnknownFunction []
[2021.01.10-13.42.40:918][781]LogOutputDevice: Error: [Callstack] 0x00007ff70b4dceae UE4Editor.exe!UnknownFunction []
[2021.01.10-13.42.40:918][781]LogOutputDevice: Error: [Callstack] 0x00007ff70b4dfcbe UE4Editor.exe!UnknownFunction []
[2021.01.10-13.42.40:918][781]LogOutputDevice: Error: [Callstack] 0x00007ffff32b7974 KERNEL32.DLL!UnknownFunction []
[2021.01.10-13.42.40:919][781]LogOutputDevice: Error: [Callstack] 0x00007ffff55fa0b1 ntdll.dll!UnknownFunction []
[2021.01.10-13.42.40:919][781]LogOutputDevice: Error: 
[2021.01.10-13.42.40:926][781]LogStats:                SubmitErrorReport -  0.000 s
[2021.01.10-13.42.42:077][781]LogStats:                    SendNewReport -  1.152 s
[2021.01.10-13.42.42:077][781]LogStats:             FDebug::EnsureFailed -  1.400 s
[2021.01.10-13.42.42:078][781]LogOutputDevice: Warning: 

Script Stack (2 frames):
BP_PlayerController_C.ExecuteUbergraph_BP_PlayerController
BP_PlayerController_C.InpAxisEvt_Horizontal_Axis_K2Node_InputAxisEvent_0

[2021.01.10-13.42.42:080][781]LogStats: FPlatformStackWalk::StackWalkAndDump -  0.003 s
[2021.01.10-13.42.42:080][781]LogOutputDevice: Error: === Handled ensure: ===
[2021.01.10-13.42.42:080][781]LogOutputDevice: Error: 
[2021.01.10-13.42.42:080][781]LogOutputDevice: Error: Ensure condition failed: !NewTransform.ContainsNaN() [File:D:/Build/++UE4/Sync/Engine/Source/Runtime/Engine/Private/PhysicsEngine/BodyInstance.cpp] [Line: 2047]
[2021.01.10-13.42.42:081][781]LogOutputDevice: Error: SetBodyTransform contains NaN (/Game/Maps/UEDPIE_0_Level.Level:PersistentLevel.PlayerBP_2.StaticMesh)
[2021.01.10-13.42.42:081][781]LogOutputDevice: Error: 0.000000,inf,0.000000|0.000000,0.000000,0.000000|1.000000,1.000000,1.000000
[2021.01.10-13.42.42:081][781]LogOutputDevice: Error: Stack: 
[2021.01.10-13.42.42:081][781]LogOutputDevice: Error: [Callstack] 0x00007fff7fa282c6 UE4Editor-Engine.dll!UnknownFunction []
[2021.01.10-13.42.42:081][781]LogOutputDevice: Error: [Callstack] 0x00007fff7ede80cc UE4Editor-Engine.dll!UnknownFunction []
[2021.01.10-13.42.42:081][781]LogOutputDevice: Error: [Callstack] 0x00007fff7e5cf5f7 UE4Editor-Engine.dll!UnknownFunction []
[2021.01.10-13.42.42:081][781]LogOutputDevice: Error: [Callstack] 0x00007fff7e5c414e UE4Editor-Engine.dll!UnknownFunction []
[2021.01.10-13.42.42:081][781]LogOutputDevice: Error: [Callstack] 0x00007fff7e61486d UE4Editor-Engine.dll!UnknownFunction []
[2021.01.10-13.42.42:081][781]LogOutputDevice: Error: [Callstack] 0x00007fff7e62842e UE4Editor-Engine.dll!UnknownFunction []
[2021.01.10-13.42.42:081][781]LogOutputDevice: Error: [Callstack] 0x00007fff7e0df855 UE4Editor-Engine.dll!UnknownFunction []
[2021.01.10-13.42.42:081][781]LogOutputDevice: Error: [Callstack] 0x00007fff7e627340 UE4Editor-Engine.dll!UnknownFunction []
[2021.01.10-13.42.42:081][781]LogOutputDevice: Error: [Callstack] 0x00007fff7e61495e UE4Editor-Engine.dll!UnknownFunction []
[2021.01.10-13.42.42:081][781]LogOutputDevice: Error: [Callstack] 0x00007fff7e62842e UE4Editor-Engine.dll!UnknownFunction []
[2021.01.10-13.42.42:082][781]LogOutputDevice: Error: [Callstack] 0x00007fff7e60b676 UE4Editor-Engine.dll!UnknownFunction []
[2021.01.10-13.42.42:082][781]LogOutputDevice: Error: [Callstack] 0x00007fff7e60d837 UE4Editor-Engine.dll!UnknownFunction []
[2021.01.10-13.42.42:082][781]LogOutputDevice: Error: [Callstack] 0x00007fff7e196da8 UE4Editor-Engine.dll!UnknownFunction []
[2021.01.10-13.42.42:082][781]LogOutputDevice: Error: [Callstack] 0x00007fff7e1806bf UE4Editor-Engine.dll!UnknownFunction []
[2021.01.10-13.42.42:082][781]LogOutputDevice: Error: [Callstack] 0x00007fff7e0f785c UE4Editor-Engine.dll!UnknownFunction []
[2021.01.10-13.42.42:082][781]LogOutputDevice: Error: [Callstack] 0x00007fff80fd42e8 UE4Editor-CoreUObject.dll!UnknownFunction []
[2021.01.10-13.42.42:082][781]LogOutputDevice: Error: [Callstack] 0x00007fff811fa62f UE4Editor-CoreUObject.dll!UnknownFunction []
[2021.01.10-13.42.42:082][781]LogOutputDevice: Error: [Callstack] 0x00007fff8121ec61 UE4Editor-CoreUObject.dll!UnknownFunction []
[2021.01.10-13.42.42:082][781]LogOutputDevice: Error: [Callstack] 0x00007fff81246187 UE4Editor-CoreUObject.dll!UnknownFunction []
[2021.01.10-13.42.42:082][781]LogOutputDevice: Error: [Callstack] 0x00007fff81220cd2 UE4Editor-CoreUObject.dll!UnknownFunction []
[2021.01.10-13.42.42:082][781]LogOutputDevice: Error: [Callstack] 0x00007fff811eedbb UE4Editor-CoreUObject.dll!UnknownFunction []
[2021.01.10-13.42.42:082][781]LogOutputDevice: Error: [Callstack] 0x00007fff812209ef UE4Editor-CoreUObject.dll!UnknownFunction []
[2021.01.10-13.42.42:082][781]LogOutputDevice: Error: [Callstack] 0x00007fff81220cd2 UE4Editor-CoreUObject.dll!UnknownFunction []
[2021.01.10-13.42.42:082][781]LogOutputDevice: Error: [Callstack] 0x00007fff81220644 UE4Editor-CoreUObject.dll!UnknownFunction []
[2021.01.10-13.42.42:082][781]LogOutputDevice: Error: [Callstack] 0x00007fff80fd42e8 UE4Editor-CoreUObject.dll!UnknownFunction []
[2021.01.10-13.42.42:082][781]LogOutputDevice: Error: [Callstack] 0x00007fff81220148 UE4Editor-CoreUObject.dll!UnknownFunction []
[2021.01.10-13.42.42:082][781]LogOutputDevice: Error: [Callstack] 0x00007fff7e187f18 UE4Editor-Engine.dll!UnknownFunction []
[2021.01.10-13.42.42:082][781]LogOutputDevice: Error: [Callstack] 0x00007fff7f3ce996 UE4Editor-Engine.dll!UnknownFunction []
[2021.01.10-13.42.42:082][781]LogOutputDevice: Error: [Callstack] 0x00007fff7eeb0043 UE4Editor-Engine.dll!UnknownFunction []
[2021.01.10-13.42.42:082][781]LogOutputDevice: Error: [Callstack] 0x00007fff7eec1e3d UE4Editor-Engine.dll!UnknownFunction []
[2021.01.10-13.42.42:082][781]LogOutputDevice: Error: [Callstack] 0x00007fff7eeadfcb UE4Editor-Engine.dll!UnknownFunction []
[2021.01.10-13.42.42:082][781]LogOutputDevice: Error: [Callstack] 0x00007fff7eec0267 UE4Editor-Engine.dll!UnknownFunction []
[2021.01.10-13.42.42:083][781]LogOutputDevice: Error: [Callstack] 0x00007fff7e167866 UE4Editor-Engine.dll!UnknownFunction []
[2021.01.10-13.42.42:083][781]LogOutputDevice: Error: [Callstack] 0x00007fff7f2a7223 UE4Editor-Engine.dll!UnknownFunction []
[2021.01.10-13.42.42:083][781]LogOutputDevice: Error: [Callstack] 0x00007fff7f2b5256 UE4Editor-Engine.dll!UnknownFunction []
[2021.01.10-13.42.42:083][781]LogOutputDevice: Error: [Callstack] 0x00007fff8bf69ff2 UE4Editor-Core.dll!UnknownFunction []
[2021.01.10-13.42.42:083][781]LogOutputDevice: Error: [Callstack] 0x00007fff8bf6a393 UE4Editor-Core.dll!UnknownFunction []
[2021.01.10-13.42.42:083][781]LogOutputDevice: Error: [Callstack] 0x00007fff8bf7aa68 UE4Editor-Core.dll!UnknownFunction []
[2021.01.10-13.42.42:083][781]LogOutputDevice: Error: [Callstack] 0x00007fff7f2d38b0 UE4Editor-Engine.dll!UnknownFunction []
[2021.01.10-13.42.42:083][781]LogOutputDevice: Error: [Callstack] 0x00007fff7f2d97c2 UE4Editor-Engine.dll!UnknownFunction []
[2021.01.10-13.42.42:083][781]LogOutputDevice: Error: [Callstack] 0x00007fff7ea5a25f UE4Editor-Engine.dll!UnknownFunction []
[2021.01.10-13.42.42:083][781]LogOutputDevice: Error: [Callstack] 0x00007fff7ea65127 UE4Editor-Engine.dll!UnknownFunction []
[2021.01.10-13.42.42:083][781]LogOutputDevice: Error: [Callstack] 0x00007fff7c77ad60 UE4Editor-UnrealEd.dll!UnknownFunction []
[2021.01.10-13.42.42:083][781]LogOutputDevice: Error: [Callstack] 0x00007fff7cfde476 UE4Editor-UnrealEd.dll!UnknownFunction []
[2021.01.10-13.42.42:083][781]LogOutputDevice: Error: [Callstack] 0x00007ff70b4b7f62 UE4Editor.exe!UnknownFunction []
[2021.01.10-13.42.42:083][781]LogOutputDevice: Error: [Callstack] 0x00007ff70b4cc3ec UE4Editor.exe!UnknownFunction []
[2021.01.10-13.42.42:083][781]LogOutputDevice: Error: [Callstack] 0x00007ff70b4cc4ca UE4Editor.exe!UnknownFunction []
[2021.01.10-13.42.42:083][781]LogOutputDevice: Error: [Callstack] 0x00007ff70b4dceae UE4Editor.exe!UnknownFunction []
[2021.01.10-13.42.42:083][781]LogOutputDevice: Error: [Callstack] 0x00007ff70b4dfcbe UE4Editor.exe!UnknownFunction []
[2021.01.10-13.42.42:083][781]LogOutputDevice: Error: [Callstack] 0x00007ffff32b7974 KERNEL32.DLL!UnknownFunction []
[2021.01.10-13.42.42:083][781]LogOutputDevice: Error: [Callstack] 0x00007ffff55fa0b1 ntdll.dll!UnknownFunction []
[2021.01.10-13.42.42:083][781]LogOutputDevice: Error: 
[2021.01.10-13.42.42:088][781]LogStats:                SubmitErrorReport -  0.000 s
[2021.01.10-13.42.46:504][781]LogStats:                    SendNewReport -  4.416 s
[2021.01.10-13.42.46:504][781]LogStats:             FDebug::EnsureFailed -  4.426 s
[2021.01.10-13.42.46:504][781]LogOutputDevice: Warning: 

Script Stack (0 frames):

[2021.01.10-13.42.46:505][781]LogStats: FPlatformStackWalk::StackWalkAndDump -  0.000 s
[2021.01.10-13.42.46:505][781]LogOutputDevice: Error: === Handled ensure: ===
[2021.01.10-13.42.46:505][781]LogOutputDevice: Error: 
[2021.01.10-13.42.46:505][781]LogOutputDevice: Error: Ensure condition failed: !Primitive->Bounds.BoxExtent.ContainsNaN() && !Primitive->Bounds.Origin.ContainsNaN() && !FMath::IsNaN(Primitive->Bounds.SphereRadius) && FMath::IsFinite(Primitive->Bounds.SphereRadius) [File:D:/Build/++UE4/Sync/Engine/Source/Runtime/Renderer/Private/RendererScene.cpp] [Line: 1284]
[2021.01.10-13.42.46:505][781]LogOutputDevice: Error: Nans found on Bounds for Primitive StaticMesh: Origin X=0.000 Y=inf Z=50.000, BoxExtent X=50.000 Y=50.000 Z=50.000, SphereRadius 70.710678
[2021.01.10-13.42.46:505][781]LogOutputDevice: Error: Stack: 
[2021.01.10-13.42.46:505][781]LogOutputDevice: Error: [Callstack] 0x00007fff761f5aef UE4Editor-Renderer.dll!UnknownFunction []
[2021.01.10-13.42.46:505][781]LogOutputDevice: Error: [Callstack] 0x00007fff75f0d015 UE4Editor-Renderer.dll!UnknownFunction []
[2021.01.10-13.42.46:505][781]LogOutputDevice: Error: [Callstack] 0x00007fff7e5d00a0 UE4Editor-Engine.dll!UnknownFunction []
[2021.01.10-13.42.46:505][781]LogOutputDevice: Error: [Callstack] 0x00007fff7e52fab5 UE4Editor-Engine.dll!UnknownFunction []
[2021.01.10-13.42.46:505][781]LogOutputDevice: Error: [Callstack] 0x00007fff7ea14417 UE4Editor-Engine.dll!UnknownFunction []
[2021.01.10-13.42.46:505][781]LogOutputDevice: Error: [Callstack] 0x00007fff7ea47c2f UE4Editor-Engine.dll!UnknownFunction []
[2021.01.10-13.42.46:505][781]LogOutputDevice: Error: [Callstack] 0x00007fff7ea5adbb UE4Editor-Engine.dll!UnknownFunction []
[2021.01.10-13.42.46:505][781]LogOutputDevice: Error: [Callstack] 0x00007fff7e62a189 UE4Editor-Engine.dll!UnknownFunction []
[2021.01.10-13.42.46:505][781]LogOutputDevice: Error: [Callstack] 0x00007fff7c77ad93 UE4Editor-UnrealEd.dll!UnknownFunction []
[2021.01.10-13.42.46:505][781]LogOutputDevice: Error: [Callstack] 0x00007fff7cfde476 UE4Editor-UnrealEd.dll!UnknownFunction []
[2021.01.10-13.42.46:505][781]LogOutputDevice: Error: [Callstack] 0x00007ff70b4b7f62 UE4Editor.exe!UnknownFunction []
[2021.01.10-13.42.46:505][781]LogOutputDevice: Error: [Callstack] 0x00007ff70b4cc3ec UE4Editor.exe!UnknownFunction []
[2021.01.10-13.42.46:505][781]LogOutputDevice: Error: [Callstack] 0x00007ff70b4cc4ca UE4Editor.exe!UnknownFunction []
[2021.01.10-13.42.46:505][781]LogOutputDevice: Error: [Callstack] 0x00007ff70b4dceae UE4Editor.exe!UnknownFunction []
[2021.01.10-13.42.46:505][781]LogOutputDevice: Error: [Callstack] 0x00007ff70b4dfcbe UE4Editor.exe!UnknownFunction []
[2021.01.10-13.42.46:505][781]LogOutputDevice: Error: [Callstack] 0x00007ffff32b7974 KERNEL32.DLL!UnknownFunction []
[2021.01.10-13.42.46:505][781]LogOutputDevice: Error: [Callstack] 0x00007ffff55fa0b1 ntdll.dll!UnknownFunction []
[2021.01.10-13.42.46:505][781]LogOutputDevice: Error: 
