Log file open, 01/10/21 20:39:30
LogInit: Display: Running engine for game: BBM
LogPlatformFile: Not using cached read wrapper
LogTaskGraph: Started task graph with 5 named threads and 35 total threads with 3 sets of task threads.
LogStats: Stats thread started at 1.298698
LogD3D11RHI: Loaded GFSDK_Aftermath_Lib.x64.dll
LogICUInternationalization: ICU TimeZone Detection - Raw Offset: +5:30, Platform Override: ''
LogPluginManager: Mounting plugin Paper2D
LogPluginManager: Mounting plugin AISupport
LogPluginManager: Mounting plugin LightPropagationVolume
LogPluginManager: Mounting plugin CameraShakePreviewer
LogPluginManager: Mounting plugin ActorLayerUtilities
LogPluginManager: Mounting plugin AnimationSharing
LogPluginManager: Mounting plugin CLionSourceCodeAccess
LogPluginManager: Mounting plugin CodeLiteSourceCodeAccess
LogPluginManager: Mounting plugin GitSourceControl
LogPluginManager: Mounting plugin KDevelopSourceCodeAccess
LogPluginManager: Mounting plugin NullSourceCodeAccess
LogPluginManager: Mounting plugin PerforceSourceControl
LogPluginManager: Mounting plugin PlasticSourceControl
LogPluginManager: Mounting plugin RiderLink
LogPluginManager: Mounting plugin RiderSourceCodeAccess
LogPluginManager: Mounting plugin SubversionSourceControl
LogPluginManager: Mounting plugin UObjectPlugin
LogPluginManager: Mounting plugin VisualStudioCodeSourceCodeAccess
LogPluginManager: Mounting plugin VisualStudioSourceCodeAccess
LogPluginManager: Mounting plugin XCodeSourceCodeAccess
LogPluginManager: Mounting plugin AssetManagerEditor
LogPluginManager: Mounting plugin CryptoKeys
LogPluginManager: Mounting plugin CurveEditorTools
LogPluginManager: Mounting plugin DataValidation
LogPluginManager: Mounting plugin EditorScriptingUtilities
LogPluginManager: Mounting plugin FacialAnimation
LogPluginManager: Mounting plugin GameplayTagsEditor
LogPluginManager: Mounting plugin GeometryMode
LogPluginManager: Mounting plugin MacGraphicsSwitching
LogPluginManager: Mounting plugin MaterialAnalyzer
LogPluginManager: Mounting plugin MobileLauncherProfileWizard
LogPluginManager: Mounting plugin PluginBrowser
LogPluginManager: Mounting plugin SpeedTreeImporter
LogPluginManager: Mounting plugin DatasmithContent
LogPluginManager: Mounting plugin VariantManagerContent
LogPluginManager: Mounting plugin AlembicImporter
LogPluginManager: Mounting plugin AutomationUtils
LogPluginManager: Mounting plugin BackChannel
LogPluginManager: Mounting plugin ChaosCloth
LogPluginManager: Mounting plugin ChaosClothEditor
LogPluginManager: Mounting plugin ChaosEditor
LogPluginManager: Mounting plugin ChaosNiagara
LogPluginManager: Mounting plugin ChaosSolverPlugin
LogPluginManager: Mounting plugin CharacterAI
LogPluginManager: Mounting plugin GeometryCache
LogPluginManager: Mounting plugin GeometryCollectionPlugin
LogPluginManager: Mounting plugin GeometryProcessing
LogPluginManager: Mounting plugin PlanarCut
LogPluginManager: Mounting plugin PlatformCrypto
LogPluginManager: Mounting plugin ProxyLODPlugin
LogPluginManager: Mounting plugin SkeletalReduction
LogPluginManager: Mounting plugin Niagara
LogPluginManager: Mounting plugin MagicLeap
LogPluginManager: Mounting plugin MagicLeapLightEstimation
LogPluginManager: Mounting plugin MagicLeapMedia
LogPluginManager: Mounting plugin MagicLeapPassableWorld
LogPluginManager: Mounting plugin MLSDK
LogPluginManager: Mounting plugin AndroidMedia
LogPluginManager: Mounting plugin AvfMedia
LogPluginManager: Mounting plugin ImgMedia
LogPluginManager: Mounting plugin MediaCompositing
LogPluginManager: Mounting plugin MediaPlayerEditor
LogPluginManager: Mounting plugin WebMMedia
LogPluginManager: Mounting plugin WmfMedia
LogPluginManager: Mounting plugin MeshPainting
LogPluginManager: Mounting plugin TcpMessaging
LogPluginManager: Mounting plugin UdpMessaging
LogPluginManager: Mounting plugin ActorSequence
LogPluginManager: Mounting plugin LevelSequenceEditor
LogPluginManager: Mounting plugin MatineeToLevelSequence
LogPluginManager: Mounting plugin MovieRenderPipeline
LogPluginManager: Mounting plugin TemplateSequence
LogPluginManager: Mounting plugin NetcodeUnitTest
LogPluginManager: Mounting plugin NUTUnrealEngine4
LogPluginManager: Mounting plugin OnlineSubsystemGooglePlay
LogPluginManager: Mounting plugin OnlineSubsystemIOS
LogPluginManager: Mounting plugin OnlineSubsystem
LogPluginManager: Mounting plugin OnlineSubsystemNull
LogPluginManager: Mounting plugin OnlineSubsystemUtils
LogPluginManager: Mounting plugin LauncherChunkInstaller
LogPluginManager: Mounting plugin AndroidDeviceProfileSelector
LogPluginManager: Mounting plugin AndroidMoviePlayer
LogPluginManager: Mounting plugin AndroidPermission
LogPluginManager: Mounting plugin AppleImageUtils
LogPluginManager: Mounting plugin AppleMoviePlayer
LogPluginManager: Mounting plugin ArchVisCharacter
LogPluginManager: Mounting plugin AssetTags
LogPluginManager: Mounting plugin AudioCapture
LogPluginManager: Mounting plugin CableComponent
LogPluginManager: Mounting plugin CustomMeshComponent
LogPluginManager: Mounting plugin EditableMesh
LogPluginManager: Mounting plugin ExampleDeviceProfileSelector
LogPluginManager: Mounting plugin GoogleCloudMessaging
LogPluginManager: Mounting plugin GooglePAD
LogPluginManager: Mounting plugin IOSDeviceProfileSelector
LogPluginManager: Mounting plugin LinuxDeviceProfileSelector
LogPluginManager: Mounting plugin LocationServicesBPLibrary
LogPluginManager: Mounting plugin MobilePatchingUtils
LogPluginManager: Mounting plugin OculusVR
LogPluginManager: Mounting plugin PhysXVehicles
LogPluginManager: Mounting plugin PostSplashScreen
LogPluginManager: Mounting plugin ProceduralMeshComponent
LogPluginManager: Mounting plugin RuntimePhysXCooking
LogPluginManager: Mounting plugin SignificanceManager
LogPluginManager: Mounting plugin SoundFields
LogPluginManager: Mounting plugin SteamVR
LogPluginManager: Mounting plugin Synthesis
LogPluginManager: Mounting plugin WebMMoviePlayer
LogPluginManager: Mounting plugin WindowsMoviePlayer
LogPluginManager: Mounting plugin ScreenshotTools
LogInit: Using libcurl 7.55.1-DEV
LogInit:  - built for x86_64-pc-win32
LogInit:  - supports SSL with OpenSSL/1.1.1
LogInit:  - supports HTTP deflate (compression) using libz 1.2.8
LogInit:  - other features:
LogInit:      CURL_VERSION_SSL
LogInit:      CURL_VERSION_LIBZ
LogInit:      CURL_VERSION_IPV6
LogInit:      CURL_VERSION_ASYNCHDNS
LogInit:      CURL_VERSION_LARGEFILE
LogInit:      CURL_VERSION_IDN
LogInit:  CurlRequestOptions (configurable via config and command line):
LogInit:  - bVerifyPeer = true  - Libcurl will verify peer certificate
LogInit:  - bUseHttpProxy = false  - Libcurl will NOT use HTTP proxy
LogInit:  - bDontReuseConnections = false  - Libcurl will reuse connections
LogInit:  - MaxHostConnections = 16  - Libcurl will limit the number of connections to a host
LogInit:  - LocalHostAddr = Default
LogInit:  - BufferSize = 65536
LogOnline: OSS: Creating online subsystem instance for: NULL
LogInit: WinSock: version 1.1 (2.2), MaxSocks=32767, MaxUdp=65467
LogOnline: OSS: TryLoadSubsystemAndSetDefault: Loaded subsystem for module [NULL]
LogInit: Build: ++UE4+Release-4.25-CL-13942748
LogInit: Engine Version: 4.25.3-13942748+++UE4+Release-4.25
LogInit: Compatible Engine Version: 4.25.0-13144385+++UE4+Release-4.25
LogInit: Net CL: 13144385
LogInit: OS: Windows 10 (Release 1809) (), CPU: AMD Ryzen 5 1600 Six-Core Processor            , GPU: NVIDIA GeForce GTX 1060 6GB
LogInit: Compiled (64-bit): Jul 25 2020 02:07:48
LogInit: Compiled with Visual C++: 19.24.28315.00
LogInit: Build Configuration: Development
LogInit: Branch Name: ++UE4+Release-4.25
LogInit: Command Line: 
LogInit: Base Directory: E:/UE_4.25/Engine/Binaries/Win64/
LogInit: Allocator: TBB
LogInit: Installed Engine Build: 1
LogDevObjectVersion: Number of dev versions registered: 26
LogDevObjectVersion:   Dev-Blueprints (B0D832E4-1F89-4F0D-ACCF-7EB736FD4AA2): 10
LogDevObjectVersion:   Dev-Build (E1C64328-A22C-4D53-A36C-8E866417BD8C): 0
LogDevObjectVersion:   Dev-Core (375EC13C-06E4-48FB-B500-84F0262A717E): 4
LogDevObjectVersion:   Dev-Editor (E4B068ED-F494-42E9-A231-DA0B2E46BB41): 38
LogDevObjectVersion:   Dev-Framework (CFFC743F-43B0-4480-9391-14DF171D2073): 37
LogDevObjectVersion:   Dev-Mobile (B02B49B5-BB20-44E9-A304-32B752E40360): 2
LogDevObjectVersion:   Dev-Networking (A4E4105C-59A1-49B5-A7C5-40C4547EDFEE): 0
LogDevObjectVersion:   Dev-Online (39C831C9-5AE6-47DC-9A44-9C173E1C8E7C): 0
LogDevObjectVersion:   Dev-Physics (78F01B33-EBEA-4F98-B9B4-84EACCB95AA2): 4
LogDevObjectVersion:   Dev-Platform (6631380F-2D4D-43E0-8009-CF276956A95A): 0
LogDevObjectVersion:   Dev-Rendering (12F88B9F-8875-4AFC-A67C-D90C383ABD29): 43
LogDevObjectVersion:   Dev-Sequencer (7B5AE74C-D270-4C10-A958-57980B212A5A): 12
LogDevObjectVersion:   Dev-VR (D7296918-1DD6-4BDD-9DE2-64A83CC13884): 3
LogDevObjectVersion:   Dev-LoadTimes (C2A15278-BFE7-4AFE-6C17-90FF531DF755): 1
LogDevObjectVersion:   Private-Geometry (6EACA3D4-40EC-4CC1-B786-8BED09428FC5): 3
LogDevObjectVersion:   Dev-AnimPhys (29E575DD-E0A3-4627-9D10-D276232CDCEA): 17
LogDevObjectVersion:   Dev-Anim (AF43A65D-7FD3-4947-9873-3E8ED9C1BB05): 7
LogDevObjectVersion:   Dev-ReflectionCapture (6B266CEC-1EC7-4B8F-A30B-E4D90942FC07): 1
LogDevObjectVersion:   Dev-Automation (0DF73D61-A23F-47EA-B727-89E90C41499A): 1
LogDevObjectVersion:   FortniteMain (601D1886-AC64-4F84-AA16-D3DE0DEAC7D6): 31
LogDevObjectVersion:   Dev-Enterprise (9DFFBCD6-494F-0158-E221-12823C92A888): 10
LogDevObjectVersion:   Dev-Niagara (F2AED0AC-9AFE-416F-8664-AA7FFA26D6FC): 1
LogDevObjectVersion:   Dev-Destruction (174F1F0B-B4C6-45A5-B13F-2EE8D0FB917D): 10
LogDevObjectVersion:   Dev-Physics-Ext (35F94A83-E258-406C-A318-09F59610247C): 37
LogDevObjectVersion:   Dev-PhysicsMaterial-Chaos (B68FC16E-8B1B-42E2-B453-215C058844FE): 1
LogDevObjectVersion:   Dev-CineCamera (B2E18506-4273-CFC2-A54E-F4BB758BBA07): 1
LogInit: Presizing for max 25165824 objects, including 0 objects not considered by GC, pre-allocating 0 bytes for permanent pool.
LogConfig: Applying CVar settings from Section [/Script/Engine.StreamingSettings] File [E:/Bomberman/BombermanUE4/BBM/Saved/Config/Windows/Engine.ini]
LogConfig: Setting CVar [[s.MinBulkDataSizeForAsyncLoading:131072]]
LogConfig: Setting CVar [[s.AsyncLoadingThreadEnabled:0]]
LogConfig: Setting CVar [[s.EventDrivenLoaderEnabled:1]]
LogConfig: Setting CVar [[s.WarnIfTimeLimitExceeded:0]]
LogConfig: Setting CVar [[s.TimeLimitExceededMultiplier:1.5]]
LogConfig: Setting CVar [[s.TimeLimitExceededMinTime:0.005]]
LogConfig: Setting CVar [[s.UseBackgroundLevelStreaming:1]]
LogConfig: Setting CVar [[s.PriorityAsyncLoadingExtraTime:15.0]]
LogConfig: Setting CVar [[s.LevelStreamingActorsUpdateTimeLimit:5.0]]
LogConfig: Setting CVar [[s.PriorityLevelStreamingActorsUpdateExtraTime:5.0]]
LogConfig: Setting CVar [[s.LevelStreamingComponentsRegistrationGranularity:10]]
LogConfig: Setting CVar [[s.UnregisterComponentsTimeLimit:1.0]]
LogConfig: Setting CVar [[s.LevelStreamingComponentsUnregistrationGranularity:5]]
LogConfig: Setting CVar [[s.FlushStreamingOnExit:1]]
LogInit: Object subsystem initialized
LogConfig: Setting CVar [[con.DebugEarlyDefault:1]]
LogConfig: Setting CVar [[r.setres:1280x720]]
[2021.01.10-15.09.31:548][  0]LogConfig: Setting CVar [[r.VSync:0]]
[2021.01.10-15.09.31:548][  0]LogConfig: Setting CVar [[r.RHICmdBypass:0]]
[2021.01.10-15.09.31:549][  0]LogConfig: Applying CVar settings from Section [/Script/Engine.RendererSettings] File [E:/Bomberman/BombermanUE4/BBM/Saved/Config/Windows/Engine.ini]
[2021.01.10-15.09.31:549][  0]LogConfig: Setting CVar [[r.GPUCrashDebugging:0]]
[2021.01.10-15.09.31:549][  0]LogConfig: Applying CVar settings from Section [/Script/Engine.RendererOverrideSettings] File [E:/Bomberman/BombermanUE4/BBM/Saved/Config/Windows/Engine.ini]
[2021.01.10-15.09.31:549][  0]LogConfig: Applying CVar settings from Section [/Script/Engine.StreamingSettings] File [E:/Bomberman/BombermanUE4/BBM/Saved/Config/Windows/Engine.ini]
[2021.01.10-15.09.31:549][  0]LogConfig: Setting CVar [[s.MinBulkDataSizeForAsyncLoading:131072]]
[2021.01.10-15.09.31:549][  0]LogConfig: Setting CVar [[s.AsyncLoadingThreadEnabled:0]]
[2021.01.10-15.09.31:549][  0]LogConfig: Setting CVar [[s.EventDrivenLoaderEnabled:1]]
[2021.01.10-15.09.31:549][  0]LogConfig: Setting CVar [[s.WarnIfTimeLimitExceeded:0]]
[2021.01.10-15.09.31:549][  0]LogConfig: Setting CVar [[s.TimeLimitExceededMultiplier:1.5]]
[2021.01.10-15.09.31:550][  0]LogConfig: Setting CVar [[s.TimeLimitExceededMinTime:0.005]]
[2021.01.10-15.09.31:550][  0]LogConfig: Setting CVar [[s.UseBackgroundLevelStreaming:1]]
[2021.01.10-15.09.31:550][  0]LogConfig: Setting CVar [[s.PriorityAsyncLoadingExtraTime:15.0]]
[2021.01.10-15.09.31:550][  0]LogConfig: Setting CVar [[s.LevelStreamingActorsUpdateTimeLimit:5.0]]
[2021.01.10-15.09.31:550][  0]LogConfig: Setting CVar [[s.PriorityLevelStreamingActorsUpdateExtraTime:5.0]]
[2021.01.10-15.09.31:550][  0]LogConfig: Setting CVar [[s.LevelStreamingComponentsRegistrationGranularity:10]]
[2021.01.10-15.09.31:550][  0]LogConfig: Setting CVar [[s.UnregisterComponentsTimeLimit:1.0]]
[2021.01.10-15.09.31:550][  0]LogConfig: Setting CVar [[s.LevelStreamingComponentsUnregistrationGranularity:5]]
[2021.01.10-15.09.31:550][  0]LogConfig: Setting CVar [[s.FlushStreamingOnExit:1]]
[2021.01.10-15.09.31:550][  0]LogConfig: Applying CVar settings from Section [/Script/Engine.GarbageCollectionSettings] File [E:/Bomberman/BombermanUE4/BBM/Saved/Config/Windows/Engine.ini]
[2021.01.10-15.09.31:550][  0]LogConfig: Setting CVar [[gc.MaxObjectsNotConsideredByGC:1]]
[2021.01.10-15.09.31:550][  0]LogConfig: Setting CVar [[gc.SizeOfPermanentObjectPool:0]]
[2021.01.10-15.09.31:550][  0]LogConfig: Setting CVar [[gc.FlushStreamingOnGC:0]]
[2021.01.10-15.09.31:550][  0]LogConfig: Setting CVar [[gc.NumRetriesBeforeForcingGC:10]]
[2021.01.10-15.09.31:550][  0]LogConfig: Setting CVar [[gc.AllowParallelGC:1]]
[2021.01.10-15.09.31:550][  0]LogConfig: Setting CVar [[gc.TimeBetweenPurgingPendingKillObjects:61.1]]
[2021.01.10-15.09.31:550][  0]LogConfig: Setting CVar [[gc.MaxObjectsInEditor:25165824]]
[2021.01.10-15.09.31:550][  0]LogConfig: Setting CVar [[gc.IncrementalBeginDestroyEnabled:1]]
[2021.01.10-15.09.31:550][  0]LogConfig: Setting CVar [[gc.CreateGCClusters:1]]
[2021.01.10-15.09.31:550][  0]LogConfig: Setting CVar [[gc.MinGCClusterSize:5]]
[2021.01.10-15.09.31:550][  0]LogConfig: Setting CVar [[gc.ActorClusteringEnabled:0]]
[2021.01.10-15.09.31:550][  0]LogConfig: Setting CVar [[gc.BlueprintClusteringEnabled:0]]
[2021.01.10-15.09.31:550][  0]LogConfig: Setting CVar [[gc.UseDisregardForGCOnDedicatedServers:0]]
[2021.01.10-15.09.31:550][  0]LogConfig: Applying CVar settings from Section [/Script/Engine.NetworkSettings] File [E:/Bomberman/BombermanUE4/BBM/Saved/Config/Windows/Engine.ini]
[2021.01.10-15.09.31:550][  0]LogConfig: Applying CVar settings from Section [/Script/UnrealEd.CookerSettings] File [E:/Bomberman/BombermanUE4/BBM/Saved/Config/Windows/Engine.ini]
[2021.01.10-15.09.31:557][  0]LogConfig: Applying CVar settings from Section [ViewDistanceQuality@3] File [E:/Bomberman/BombermanUE4/BBM/Saved/Config/Windows/Scalability.ini]
[2021.01.10-15.09.31:557][  0]LogConfig: Setting CVar [[r.SkeletalMeshLODBias:0]]
[2021.01.10-15.09.31:557][  0]LogConfig: Setting CVar [[r.ViewDistanceScale:1.0]]
[2021.01.10-15.09.31:557][  0]LogConfig: Applying CVar settings from Section [AntiAliasingQuality@3] File [E:/Bomberman/BombermanUE4/BBM/Saved/Config/Windows/Scalability.ini]
[2021.01.10-15.09.31:557][  0]LogConfig: Setting CVar [[r.PostProcessAAQuality:4]]
[2021.01.10-15.09.31:557][  0]LogConfig: Applying CVar settings from Section [ShadowQuality@3] File [E:/Bomberman/BombermanUE4/BBM/Saved/Config/Windows/Scalability.ini]
[2021.01.10-15.09.31:557][  0]LogConfig: Setting CVar [[r.LightFunctionQuality:1]]
[2021.01.10-15.09.31:557][  0]LogConfig: Setting CVar [[r.ShadowQuality:5]]
[2021.01.10-15.09.31:557][  0]LogConfig: Setting CVar [[r.Shadow.CSM.MaxCascades:10]]
[2021.01.10-15.09.31:557][  0]LogConfig: Setting CVar [[r.Shadow.MaxResolution:2048]]
[2021.01.10-15.09.31:557][  0]LogConfig: Setting CVar [[r.Shadow.MaxCSMResolution:2048]]
[2021.01.10-15.09.31:557][  0]LogConfig: Setting CVar [[r.Shadow.RadiusThreshold:0.01]]
[2021.01.10-15.09.31:557][  0]LogConfig: Setting CVar [[r.Shadow.DistanceScale:1.0]]
[2021.01.10-15.09.31:557][  0]LogConfig: Setting CVar [[r.Shadow.CSM.TransitionScale:1.0]]
[2021.01.10-15.09.31:557][  0]LogConfig: Setting CVar [[r.Shadow.PreShadowResolutionFactor:1.0]]
[2021.01.10-15.09.31:557][  0]LogConfig: Setting CVar [[r.DistanceFieldShadowing:1]]
[2021.01.10-15.09.31:557][  0]LogConfig: Setting CVar [[r.DistanceFieldAO:1]]
[2021.01.10-15.09.31:557][  0]LogConfig: Setting CVar [[r.AOQuality:2]]
[2021.01.10-15.09.31:557][  0]LogConfig: Setting CVar [[r.VolumetricFog:1]]
[2021.01.10-15.09.31:557][  0]LogConfig: Setting CVar [[r.VolumetricFog.GridPixelSize:8]]
[2021.01.10-15.09.31:557][  0]LogConfig: Setting CVar [[r.VolumetricFog.GridSizeZ:128]]
[2021.01.10-15.09.31:557][  0]LogConfig: Setting CVar [[r.VolumetricFog.HistoryMissSupersampleCount:4]]
[2021.01.10-15.09.31:557][  0]LogConfig: Setting CVar [[r.LightMaxDrawDistanceScale:1]]
[2021.01.10-15.09.31:557][  0]LogConfig: Setting CVar [[r.CapsuleShadows:1]]
[2021.01.10-15.09.31:557][  0]LogConfig: Applying CVar settings from Section [PostProcessQuality@3] File [E:/Bomberman/BombermanUE4/BBM/Saved/Config/Windows/Scalability.ini]
[2021.01.10-15.09.31:557][  0]LogConfig: Setting CVar [[r.MotionBlurQuality:4]]
[2021.01.10-15.09.31:557][  0]LogConfig: Setting CVar [[r.AmbientOcclusionMipLevelFactor:0.4]]
[2021.01.10-15.09.31:557][  0]LogConfig: Setting CVar [[r.AmbientOcclusionMaxQuality:100]]
[2021.01.10-15.09.31:557][  0]LogConfig: Setting CVar [[r.AmbientOcclusionLevels:-1]]
[2021.01.10-15.09.31:557][  0]LogConfig: Setting CVar [[r.AmbientOcclusionRadiusScale:1.0]]
[2021.01.10-15.09.31:557][  0]LogConfig: Setting CVar [[r.DepthOfFieldQuality:2]]
[2021.01.10-15.09.31:557][  0]LogConfig: Setting CVar [[r.RenderTargetPoolMin:400]]
[2021.01.10-15.09.31:557][  0]LogConfig: Setting CVar [[r.LensFlareQuality:2]]
[2021.01.10-15.09.31:557][  0]LogConfig: Setting CVar [[r.SceneColorFringeQuality:1]]
[2021.01.10-15.09.31:557][  0]LogConfig: Setting CVar [[r.EyeAdaptationQuality:2]]
[2021.01.10-15.09.31:557][  0]LogConfig: Setting CVar [[r.BloomQuality:5]]
[2021.01.10-15.09.31:557][  0]LogConfig: Setting CVar [[r.FastBlurThreshold:100]]
[2021.01.10-15.09.31:557][  0]LogConfig: Setting CVar [[r.Upscale.Quality:3]]
[2021.01.10-15.09.31:557][  0]LogConfig: Setting CVar [[r.Tonemapper.GrainQuantization:1]]
[2021.01.10-15.09.31:557][  0]LogConfig: Setting CVar [[r.LightShaftQuality:1]]
[2021.01.10-15.09.31:557][  0]LogConfig: Setting CVar [[r.Filter.SizeScale:1]]
[2021.01.10-15.09.31:557][  0]LogConfig: Setting CVar [[r.Tonemapper.Quality:5]]
[2021.01.10-15.09.31:557][  0]LogConfig: Setting CVar [[r.DOF.Gather.AccumulatorQuality:1        ; higher gathering accumulator quality]]
[2021.01.10-15.09.31:557][  0]LogConfig: Setting CVar [[r.DOF.Gather.PostfilterMethod:1          ; Median3x3 postfilering method]]
[2021.01.10-15.09.31:557][  0]LogConfig: Setting CVar [[r.DOF.Gather.EnableBokehSettings:0       ; no bokeh simulation when gathering]]
[2021.01.10-15.09.31:557][  0]LogConfig: Setting CVar [[r.DOF.Gather.RingCount:4                 ; medium number of samples when gathering]]
[2021.01.10-15.09.31:557][  0]LogConfig: Setting CVar [[r.DOF.Scatter.ForegroundCompositing:1    ; additive foreground scattering]]
[2021.01.10-15.09.31:557][  0]LogConfig: Setting CVar [[r.DOF.Scatter.BackgroundCompositing:2    ; additive background scattering]]
[2021.01.10-15.09.31:557][  0]LogConfig: Setting CVar [[r.DOF.Scatter.EnableBokehSettings:1      ; bokeh simulation when scattering]]
[2021.01.10-15.09.31:557][  0]LogConfig: Setting CVar [[r.DOF.Scatter.MaxSpriteRatio:0.1         ; only a maximum of 10% of scattered bokeh]]
[2021.01.10-15.09.31:557][  0]LogConfig: Setting CVar [[r.DOF.Recombine.Quality:1                ; cheap slight out of focus]]
[2021.01.10-15.09.31:557][  0]LogConfig: Setting CVar [[r.DOF.Recombine.EnableBokehSettings:0    ; no bokeh simulation on slight out of focus]]
[2021.01.10-15.09.31:557][  0]LogConfig: Setting CVar [[r.DOF.TemporalAAQuality:1                ; more stable temporal accumulation]]
[2021.01.10-15.09.31:558][  0]LogConfig: Setting CVar [[r.DOF.Kernel.MaxForegroundRadius:0.025]]
[2021.01.10-15.09.31:558][  0]LogConfig: Setting CVar [[r.DOF.Kernel.MaxBackgroundRadius:0.025]]
[2021.01.10-15.09.31:558][  0]LogConfig: Applying CVar settings from Section [TextureQuality@3] File [E:/Bomberman/BombermanUE4/BBM/Saved/Config/Windows/Scalability.ini]
[2021.01.10-15.09.31:558][  0]LogConfig: Setting CVar [[r.Streaming.MipBias:0]]
[2021.01.10-15.09.31:558][  0]LogConfig: Setting CVar [[r.Streaming.AmortizeCPUToGPUCopy:0]]
[2021.01.10-15.09.31:558][  0]LogConfig: Setting CVar [[r.Streaming.MaxNumTexturesToStreamPerFrame:0]]
[2021.01.10-15.09.31:558][  0]LogConfig: Setting CVar [[r.Streaming.Boost:1]]
[2021.01.10-15.09.31:558][  0]LogConfig: Setting CVar [[r.MaxAnisotropy:8]]
[2021.01.10-15.09.31:558][  0]LogConfig: Setting CVar [[r.VT.MaxAnisotropy:8]]
[2021.01.10-15.09.31:558][  0]LogConfig: Setting CVar [[r.Streaming.LimitPoolSizeToVRAM:0]]
[2021.01.10-15.09.31:558][  0]LogConfig: Setting CVar [[r.Streaming.PoolSize:1000]]
[2021.01.10-15.09.31:558][  0]LogConfig: Setting CVar [[r.Streaming.MaxEffectiveScreenSize:0]]
[2021.01.10-15.09.31:558][  0]LogConfig: Applying CVar settings from Section [EffectsQuality@3] File [E:/Bomberman/BombermanUE4/BBM/Saved/Config/Windows/Scalability.ini]
[2021.01.10-15.09.31:558][  0]LogConfig: Setting CVar [[r.TranslucencyLightingVolumeDim:64]]
[2021.01.10-15.09.31:558][  0]LogConfig: Setting CVar [[r.RefractionQuality:2]]
[2021.01.10-15.09.31:558][  0]LogConfig: Setting CVar [[r.SSR.Quality:3]]
[2021.01.10-15.09.31:558][  0]LogConfig: Setting CVar [[r.SSR.HalfResSceneColor:0]]
[2021.01.10-15.09.31:558][  0]LogConfig: Setting CVar [[r.SceneColorFormat:4]]
[2021.01.10-15.09.31:558][  0]LogConfig: Setting CVar [[r.DetailMode:2]]
[2021.01.10-15.09.31:558][  0]LogConfig: Setting CVar [[r.TranslucencyVolumeBlur:1]]
[2021.01.10-15.09.31:558][  0]LogConfig: Setting CVar [[r.MaterialQualityLevel:1 ; High quality]]
[2021.01.10-15.09.31:558][  0]LogConfig: Setting CVar [[r.SSS.Scale:1]]
[2021.01.10-15.09.31:558][  0]LogConfig: Setting CVar [[r.SSS.SampleSet:2]]
[2021.01.10-15.09.31:558][  0]LogConfig: Setting CVar [[r.SSS.Quality:1]]
[2021.01.10-15.09.31:558][  0]LogConfig: Setting CVar [[r.SSS.HalfRes:0]]
[2021.01.10-15.09.31:558][  0]LogConfig: Setting CVar [[r.SSGI.Quality:3]]
[2021.01.10-15.09.31:558][  0]LogConfig: Setting CVar [[r.EmitterSpawnRateScale:1.0]]
[2021.01.10-15.09.31:558][  0]LogConfig: Setting CVar [[r.ParticleLightQuality:2]]
[2021.01.10-15.09.31:558][  0]LogConfig: Setting CVar [[r.SkyAtmosphere.AerialPerspectiveLUT.FastApplyOnOpaque:1 ; Always have FastSkyLUT 1 in this case to avoid wrong sky]]
[2021.01.10-15.09.31:558][  0]LogConfig: Setting CVar [[r.SkyAtmosphere.AerialPerspectiveLUT.SampleCountPerSlice:1]]
[2021.01.10-15.09.31:558][  0]LogConfig: Setting CVar [[r.SkyAtmosphere.AerialPerspectiveLUT.DepthResolution:16.0]]
[2021.01.10-15.09.31:558][  0]LogConfig: Setting CVar [[r.SkyAtmosphere.FastSkyLUT:1]]
[2021.01.10-15.09.31:558][  0]LogConfig: Setting CVar [[r.SkyAtmosphere.FastSkyLUT.SampleCountMin:4.0]]
[2021.01.10-15.09.31:558][  0]LogConfig: Setting CVar [[r.SkyAtmosphere.FastSkyLUT.SampleCountMax:32.0]]
[2021.01.10-15.09.31:558][  0]LogConfig: Setting CVar [[r.SkyAtmosphere.SampleCountMin:4.0]]
[2021.01.10-15.09.31:558][  0]LogConfig: Setting CVar [[r.SkyAtmosphere.SampleCountMax:32.0]]
[2021.01.10-15.09.31:558][  0]LogConfig: Setting CVar [[r.SkyAtmosphere.TransmittanceLUT.UseSmallFormat:0]]
[2021.01.10-15.09.31:558][  0]LogConfig: Setting CVar [[r.SkyAtmosphere.TransmittanceLUT.SampleCount:10.0]]
[2021.01.10-15.09.31:558][  0]LogConfig: Setting CVar [[r.SkyAtmosphere.MultiScatteringLUT.SampleCount:15.0]]
[2021.01.10-15.09.31:558][  0]LogConfig: Applying CVar settings from Section [FoliageQuality@3] File [E:/Bomberman/BombermanUE4/BBM/Saved/Config/Windows/Scalability.ini]
[2021.01.10-15.09.31:558][  0]LogConfig: Setting CVar [[foliage.DensityScale:1.0]]
[2021.01.10-15.09.31:558][  0]LogConfig: Setting CVar [[grass.DensityScale:1.0]]
[2021.01.10-15.09.31:558][  0]LogConfig: Applying CVar settings from Section [ShadingQuality@3] File [E:/Bomberman/BombermanUE4/BBM/Saved/Config/Windows/Scalability.ini]
[2021.01.10-15.09.31:558][  0]LogConfig: Setting CVar [[r.HairStrands.SkyLighting.SampleCount:16]]
[2021.01.10-15.09.31:558][  0]LogConfig: Setting CVar [[r.HairStrands.SkyLighting.JitterIntegration:0]]
[2021.01.10-15.09.31:558][  0]LogConfig: Setting CVar [[r.HairStrands.SkyAO.SampleCount:16]]
[2021.01.10-15.09.31:558][  0]LogConfig: Setting CVar [[r.HairStrands.DeepShadow.SuperSampling:0]]
[2021.01.10-15.09.31:558][  0]LogConfig: Setting CVar [[r.HairStrands.VisibilityPPLL:0]]
[2021.01.10-15.09.31:558][  0]LogConfig: Setting CVar [[r.HairStrands.RasterizationScale:0.5]]
[2021.01.10-15.09.31:558][  0]LogConfig: Setting CVar [[r.HairStrands.VelocityRasterizationScale:1]]
[2021.01.10-15.09.31:559][  0]LogInit: Selected Device Profile: [Windows]
[2021.01.10-15.09.31:559][  0]LogInit: Applying CVar settings loaded from the selected device profile: [Windows]
[2021.01.10-15.09.31:567][  0]LogHAL: Display: Platform has ~ 16 GB [17133084672 / 17179869184 / 16], which maps to Larger [LargestMinGB=32, LargerMinGB=12, DefaultMinGB=8, SmallerMinGB=6, SmallestMinGB=0)
[2021.01.10-15.09.31:568][  0]LogInit: Going up to parent DeviceProfile []
[2021.01.10-15.09.31:568][  0]LogConfig: Applying CVar settings from Section [ViewDistanceQuality@3] File [E:/Bomberman/BombermanUE4/BBM/Saved/Config/Windows/Scalability.ini]
[2021.01.10-15.09.31:569][  0]LogConfig: Setting CVar [[r.SkeletalMeshLODBias:0]]
[2021.01.10-15.09.31:569][  0]LogConfig: Setting CVar [[r.ViewDistanceScale:1.0]]
[2021.01.10-15.09.31:569][  0]LogConfig: Applying CVar settings from Section [AntiAliasingQuality@3] File [E:/Bomberman/BombermanUE4/BBM/Saved/Config/Windows/Scalability.ini]
[2021.01.10-15.09.31:569][  0]LogConfig: Setting CVar [[r.PostProcessAAQuality:4]]
[2021.01.10-15.09.31:569][  0]LogConfig: Applying CVar settings from Section [ShadowQuality@3] File [E:/Bomberman/BombermanUE4/BBM/Saved/Config/Windows/Scalability.ini]
[2021.01.10-15.09.31:569][  0]LogConfig: Setting CVar [[r.LightFunctionQuality:1]]
[2021.01.10-15.09.31:569][  0]LogConfig: Setting CVar [[r.ShadowQuality:5]]
[2021.01.10-15.09.31:569][  0]LogConfig: Setting CVar [[r.Shadow.CSM.MaxCascades:10]]
[2021.01.10-15.09.31:569][  0]LogConfig: Setting CVar [[r.Shadow.MaxResolution:2048]]
[2021.01.10-15.09.31:569][  0]LogConfig: Setting CVar [[r.Shadow.MaxCSMResolution:2048]]
[2021.01.10-15.09.31:569][  0]LogConfig: Setting CVar [[r.Shadow.RadiusThreshold:0.01]]
[2021.01.10-15.09.31:569][  0]LogConfig: Setting CVar [[r.Shadow.DistanceScale:1.0]]
[2021.01.10-15.09.31:569][  0]LogConfig: Setting CVar [[r.Shadow.CSM.TransitionScale:1.0]]
[2021.01.10-15.09.31:569][  0]LogConfig: Setting CVar [[r.Shadow.PreShadowResolutionFactor:1.0]]
[2021.01.10-15.09.31:569][  0]LogConfig: Setting CVar [[r.DistanceFieldShadowing:1]]
[2021.01.10-15.09.31:569][  0]LogConfig: Setting CVar [[r.DistanceFieldAO:1]]
[2021.01.10-15.09.31:569][  0]LogConfig: Setting CVar [[r.AOQuality:2]]
[2021.01.10-15.09.31:569][  0]LogConfig: Setting CVar [[r.VolumetricFog:1]]
[2021.01.10-15.09.31:569][  0]LogConfig: Setting CVar [[r.VolumetricFog.GridPixelSize:8]]
[2021.01.10-15.09.31:569][  0]LogConfig: Setting CVar [[r.VolumetricFog.GridSizeZ:128]]
[2021.01.10-15.09.31:569][  0]LogConfig: Setting CVar [[r.VolumetricFog.HistoryMissSupersampleCount:4]]
[2021.01.10-15.09.31:569][  0]LogConfig: Setting CVar [[r.LightMaxDrawDistanceScale:1]]
[2021.01.10-15.09.31:569][  0]LogConfig: Setting CVar [[r.CapsuleShadows:1]]
[2021.01.10-15.09.31:569][  0]LogConfig: Applying CVar settings from Section [PostProcessQuality@3] File [E:/Bomberman/BombermanUE4/BBM/Saved/Config/Windows/Scalability.ini]
[2021.01.10-15.09.31:569][  0]LogConfig: Setting CVar [[r.MotionBlurQuality:4]]
[2021.01.10-15.09.31:569][  0]LogConfig: Setting CVar [[r.AmbientOcclusionMipLevelFactor:0.4]]
[2021.01.10-15.09.31:569][  0]LogConfig: Setting CVar [[r.AmbientOcclusionMaxQuality:100]]
[2021.01.10-15.09.31:569][  0]LogConfig: Setting CVar [[r.AmbientOcclusionLevels:-1]]
[2021.01.10-15.09.31:569][  0]LogConfig: Setting CVar [[r.AmbientOcclusionRadiusScale:1.0]]
[2021.01.10-15.09.31:569][  0]LogConfig: Setting CVar [[r.DepthOfFieldQuality:2]]
[2021.01.10-15.09.31:569][  0]LogConfig: Setting CVar [[r.RenderTargetPoolMin:400]]
[2021.01.10-15.09.31:569][  0]LogConfig: Setting CVar [[r.LensFlareQuality:2]]
[2021.01.10-15.09.31:569][  0]LogConfig: Setting CVar [[r.SceneColorFringeQuality:1]]
[2021.01.10-15.09.31:569][  0]LogConfig: Setting CVar [[r.EyeAdaptationQuality:2]]
[2021.01.10-15.09.31:569][  0]LogConfig: Setting CVar [[r.BloomQuality:5]]
[2021.01.10-15.09.31:569][  0]LogConfig: Setting CVar [[r.FastBlurThreshold:100]]
[2021.01.10-15.09.31:569][  0]LogConfig: Setting CVar [[r.Upscale.Quality:3]]
[2021.01.10-15.09.31:569][  0]LogConfig: Setting CVar [[r.Tonemapper.GrainQuantization:1]]
[2021.01.10-15.09.31:569][  0]LogConfig: Setting CVar [[r.LightShaftQuality:1]]
[2021.01.10-15.09.31:569][  0]LogConfig: Setting CVar [[r.Filter.SizeScale:1]]
[2021.01.10-15.09.31:569][  0]LogConfig: Setting CVar [[r.Tonemapper.Quality:5]]
[2021.01.10-15.09.31:569][  0]LogConfig: Setting CVar [[r.DOF.Gather.AccumulatorQuality:1        ; higher gathering accumulator quality]]
[2021.01.10-15.09.31:569][  0]LogConfig: Setting CVar [[r.DOF.Gather.PostfilterMethod:1          ; Median3x3 postfilering method]]
[2021.01.10-15.09.31:569][  0]LogConfig: Setting CVar [[r.DOF.Gather.EnableBokehSettings:0       ; no bokeh simulation when gathering]]
[2021.01.10-15.09.31:569][  0]LogConfig: Setting CVar [[r.DOF.Gather.RingCount:4                 ; medium number of samples when gathering]]
[2021.01.10-15.09.31:569][  0]LogConfig: Setting CVar [[r.DOF.Scatter.ForegroundCompositing:1    ; additive foreground scattering]]
[2021.01.10-15.09.31:569][  0]LogConfig: Setting CVar [[r.DOF.Scatter.BackgroundCompositing:2    ; additive background scattering]]
[2021.01.10-15.09.31:569][  0]LogConfig: Setting CVar [[r.DOF.Scatter.EnableBokehSettings:1      ; bokeh simulation when scattering]]
[2021.01.10-15.09.31:569][  0]LogConfig: Setting CVar [[r.DOF.Scatter.MaxSpriteRatio:0.1         ; only a maximum of 10% of scattered bokeh]]
[2021.01.10-15.09.31:569][  0]LogConfig: Setting CVar [[r.DOF.Recombine.Quality:1                ; cheap slight out of focus]]
[2021.01.10-15.09.31:569][  0]LogConfig: Setting CVar [[r.DOF.Recombine.EnableBokehSettings:0    ; no bokeh simulation on slight out of focus]]
[2021.01.10-15.09.31:569][  0]LogConfig: Setting CVar [[r.DOF.TemporalAAQuality:1                ; more stable temporal accumulation]]
[2021.01.10-15.09.31:569][  0]LogConfig: Setting CVar [[r.DOF.Kernel.MaxForegroundRadius:0.025]]
[2021.01.10-15.09.31:569][  0]LogConfig: Setting CVar [[r.DOF.Kernel.MaxBackgroundRadius:0.025]]
[2021.01.10-15.09.31:569][  0]LogConfig: Applying CVar settings from Section [TextureQuality@3] File [E:/Bomberman/BombermanUE4/BBM/Saved/Config/Windows/Scalability.ini]
[2021.01.10-15.09.31:569][  0]LogConfig: Setting CVar [[r.Streaming.MipBias:0]]
[2021.01.10-15.09.31:569][  0]LogConfig: Setting CVar [[r.Streaming.AmortizeCPUToGPUCopy:0]]
[2021.01.10-15.09.31:569][  0]LogConfig: Setting CVar [[r.Streaming.MaxNumTexturesToStreamPerFrame:0]]
[2021.01.10-15.09.31:569][  0]LogConfig: Setting CVar [[r.Streaming.Boost:1]]
[2021.01.10-15.09.31:569][  0]LogConfig: Setting CVar [[r.MaxAnisotropy:8]]
[2021.01.10-15.09.31:569][  0]LogConfig: Setting CVar [[r.VT.MaxAnisotropy:8]]
[2021.01.10-15.09.31:569][  0]LogConfig: Setting CVar [[r.Streaming.LimitPoolSizeToVRAM:0]]
[2021.01.10-15.09.31:569][  0]LogConfig: Setting CVar [[r.Streaming.PoolSize:1000]]
[2021.01.10-15.09.31:569][  0]LogConfig: Setting CVar [[r.Streaming.MaxEffectiveScreenSize:0]]
[2021.01.10-15.09.31:569][  0]LogConfig: Applying CVar settings from Section [EffectsQuality@3] File [E:/Bomberman/BombermanUE4/BBM/Saved/Config/Windows/Scalability.ini]
[2021.01.10-15.09.31:569][  0]LogConfig: Setting CVar [[r.TranslucencyLightingVolumeDim:64]]
[2021.01.10-15.09.31:569][  0]LogConfig: Setting CVar [[r.RefractionQuality:2]]
[2021.01.10-15.09.31:569][  0]LogConfig: Setting CVar [[r.SSR.Quality:3]]
[2021.01.10-15.09.31:569][  0]LogConfig: Setting CVar [[r.SSR.HalfResSceneColor:0]]
[2021.01.10-15.09.31:569][  0]LogConfig: Setting CVar [[r.SceneColorFormat:4]]
[2021.01.10-15.09.31:570][  0]LogConfig: Setting CVar [[r.DetailMode:2]]
[2021.01.10-15.09.31:570][  0]LogConfig: Setting CVar [[r.TranslucencyVolumeBlur:1]]
[2021.01.10-15.09.31:570][  0]LogConfig: Setting CVar [[r.MaterialQualityLevel:1 ; High quality]]
[2021.01.10-15.09.31:570][  0]LogConfig: Setting CVar [[r.SSS.Scale:1]]
[2021.01.10-15.09.31:570][  0]LogConfig: Setting CVar [[r.SSS.SampleSet:2]]
[2021.01.10-15.09.31:570][  0]LogConfig: Setting CVar [[r.SSS.Quality:1]]
[2021.01.10-15.09.31:570][  0]LogConfig: Setting CVar [[r.SSS.HalfRes:0]]
[2021.01.10-15.09.31:570][  0]LogConfig: Setting CVar [[r.SSGI.Quality:3]]
[2021.01.10-15.09.31:570][  0]LogConfig: Setting CVar [[r.EmitterSpawnRateScale:1.0]]
[2021.01.10-15.09.31:570][  0]LogConfig: Setting CVar [[r.ParticleLightQuality:2]]
[2021.01.10-15.09.31:570][  0]LogConfig: Setting CVar [[r.SkyAtmosphere.AerialPerspectiveLUT.FastApplyOnOpaque:1 ; Always have FastSkyLUT 1 in this case to avoid wrong sky]]
[2021.01.10-15.09.31:570][  0]LogConfig: Setting CVar [[r.SkyAtmosphere.AerialPerspectiveLUT.SampleCountPerSlice:1]]
[2021.01.10-15.09.31:570][  0]LogConfig: Setting CVar [[r.SkyAtmosphere.AerialPerspectiveLUT.DepthResolution:16.0]]
[2021.01.10-15.09.31:570][  0]LogConfig: Setting CVar [[r.SkyAtmosphere.FastSkyLUT:1]]
[2021.01.10-15.09.31:570][  0]LogConfig: Setting CVar [[r.SkyAtmosphere.FastSkyLUT.SampleCountMin:4.0]]
[2021.01.10-15.09.31:570][  0]LogConfig: Setting CVar [[r.SkyAtmosphere.FastSkyLUT.SampleCountMax:32.0]]
[2021.01.10-15.09.31:570][  0]LogConfig: Setting CVar [[r.SkyAtmosphere.SampleCountMin:4.0]]
[2021.01.10-15.09.31:570][  0]LogConfig: Setting CVar [[r.SkyAtmosphere.SampleCountMax:32.0]]
[2021.01.10-15.09.31:570][  0]LogConfig: Setting CVar [[r.SkyAtmosphere.TransmittanceLUT.UseSmallFormat:0]]
[2021.01.10-15.09.31:570][  0]LogConfig: Setting CVar [[r.SkyAtmosphere.TransmittanceLUT.SampleCount:10.0]]
[2021.01.10-15.09.31:570][  0]LogConfig: Setting CVar [[r.SkyAtmosphere.MultiScatteringLUT.SampleCount:15.0]]
[2021.01.10-15.09.31:570][  0]LogConfig: Applying CVar settings from Section [FoliageQuality@3] File [E:/Bomberman/BombermanUE4/BBM/Saved/Config/Windows/Scalability.ini]
[2021.01.10-15.09.31:570][  0]LogConfig: Setting CVar [[foliage.DensityScale:1.0]]
[2021.01.10-15.09.31:570][  0]LogConfig: Setting CVar [[grass.DensityScale:1.0]]
[2021.01.10-15.09.31:570][  0]LogConfig: Applying CVar settings from Section [ShadingQuality@3] File [E:/Bomberman/BombermanUE4/BBM/Saved/Config/Windows/Scalability.ini]
[2021.01.10-15.09.31:570][  0]LogConfig: Setting CVar [[r.HairStrands.SkyLighting.SampleCount:16]]
[2021.01.10-15.09.31:570][  0]LogConfig: Setting CVar [[r.HairStrands.SkyLighting.JitterIntegration:0]]
[2021.01.10-15.09.31:570][  0]LogConfig: Setting CVar [[r.HairStrands.SkyAO.SampleCount:16]]
[2021.01.10-15.09.31:570][  0]LogConfig: Setting CVar [[r.HairStrands.DeepShadow.SuperSampling:0]]
[2021.01.10-15.09.31:570][  0]LogConfig: Setting CVar [[r.HairStrands.VisibilityPPLL:0]]
[2021.01.10-15.09.31:570][  0]LogConfig: Setting CVar [[r.HairStrands.RasterizationScale:0.5]]
[2021.01.10-15.09.31:570][  0]LogConfig: Setting CVar [[r.HairStrands.VelocityRasterizationScale:1]]
[2021.01.10-15.09.31:570][  0]LogConfig: Applying CVar settings from Section [Startup] File [../../../Engine/Config/ConsoleVariables.ini]
[2021.01.10-15.09.31:571][  0]LogConfig: Setting CVar [[net.UseAdaptiveNetUpdateFrequency:0]]
[2021.01.10-15.09.31:571][  0]LogConfig: Setting CVar [[p.chaos.AllowCreatePhysxBodies:1]]
[2021.01.10-15.09.31:571][  0]LogConfig: Setting CVar [[fx.SkipVectorVMBackendOptimizations:1]]
[2021.01.10-15.09.31:571][  0]LogConfig: Applying CVar settings from Section [ConsoleVariables] File [E:/Bomberman/BombermanUE4/BBM/Saved/Config/Windows/Engine.ini]
[2021.01.10-15.09.31:572][  0]LogInit: Computer: MRFAB
[2021.01.10-15.09.31:572][  0]LogInit: User: MrFab
[2021.01.10-15.09.31:572][  0]LogInit: CPU Page size=4096, Cores=6
[2021.01.10-15.09.31:572][  0]LogInit: High frequency timer resolution =10.000000 MHz
[2021.01.10-15.09.31:572][  0]LogMemory: Memory total: Physical=16.0GB (16GB approx)
[2021.01.10-15.09.31:572][  0]LogMemory: Platform Memory Stats for Windows
[2021.01.10-15.09.31:572][  0]LogMemory: Process Physical Memory: 115.53 MB used, 115.54 MB peak
[2021.01.10-15.09.31:572][  0]LogMemory: Process Virtual Memory: 96.84 MB used, 96.84 MB peak
[2021.01.10-15.09.31:572][  0]LogMemory: Physical Memory: 6089.51 MB used,  10249.87 MB free, 16339.38 MB total
[2021.01.10-15.09.31:572][  0]LogMemory: Virtual Memory: 5179.38 MB used,  134212552.00 MB free, 134217728.00 MB total
[2021.01.10-15.09.31:578][  0]LogWindows: WindowsPlatformFeatures enabled
[2021.01.10-15.09.31:860][  0]LogInit: Physics initialised using underlying interface: PhysX
[2021.01.10-15.09.31:863][  0]LogInit: Using OS detected language (en-GB).
[2021.01.10-15.09.31:863][  0]LogInit: Using OS detected locale (en-IN).
[2021.01.10-15.09.31:884][  0]LogTextLocalizationManager: No specific localization for 'en-GB' exists, so the 'en' localization will be used.
[2021.01.10-15.09.32:205][  0]LogInit: Setting process to per monitor DPI aware
[2021.01.10-15.09.32:293][  0]LogSlate: New Slate User Created.  User Index 0, Is Virtual User: 0
[2021.01.10-15.09.32:293][  0]LogSlate: Slate User Registered.  User Index 0, Is Virtual User: 0
[2021.01.10-15.09.32:678][  0]LogHMD: Failed to initialize OpenVR with code 110
[2021.01.10-15.09.32:678][  0]LogD3D11RHI: D3D11 min allowed feature level: 11_0
[2021.01.10-15.09.32:678][  0]LogD3D11RHI: D3D11 max allowed feature level: 11_0
[2021.01.10-15.09.32:678][  0]LogD3D11RHI: D3D11 adapters:
[2021.01.10-15.09.32:758][  0]LogD3D11RHI:    0. 'NVIDIA GeForce GTX 1060 6GB' (Feature Level 11_0)
[2021.01.10-15.09.32:758][  0]LogD3D11RHI:       6052/0/8169 MB DedicatedVideo/DedicatedSystem/SharedSystem, Outputs:1, VendorId:0x10de
[2021.01.10-15.09.32:761][  0]LogD3D11RHI:    1. 'Microsoft Basic Render Driver' (Feature Level 11_0)
[2021.01.10-15.09.32:761][  0]LogD3D11RHI:       0/0/8169 MB DedicatedVideo/DedicatedSystem/SharedSystem, Outputs:0, VendorId:0x1414
[2021.01.10-15.09.32:761][  0]LogD3D11RHI: Chosen D3D11 Adapter: 0
[2021.01.10-15.09.32:773][  0]LogD3D11RHI: Creating new Direct3DDevice
[2021.01.10-15.09.32:773][  0]LogD3D11RHI:     GPU DeviceId: 0x1c03 (for the marketing name, search the web for "GPU Device Id")
[2021.01.10-15.09.32:773][  0]LogWindows: EnumDisplayDevices:
[2021.01.10-15.09.32:773][  0]LogWindows:    0. 'NVIDIA GeForce GTX 1060 6GB' (P:1 D:1)
[2021.01.10-15.09.32:773][  0]LogWindows:    1. 'NVIDIA GeForce GTX 1060 6GB' (P:0 D:0)
[2021.01.10-15.09.32:773][  0]LogWindows:    2. 'NVIDIA GeForce GTX 1060 6GB' (P:0 D:0)
[2021.01.10-15.09.32:774][  0]LogWindows:    3. 'NVIDIA GeForce GTX 1060 6GB' (P:0 D:0)
[2021.01.10-15.09.32:774][  0]LogWindows: DebugString: FoundDriverCount:4 
[2021.01.10-15.09.32:774][  0]LogD3D11RHI:     Adapter Name: NVIDIA GeForce GTX 1060 6GB
[2021.01.10-15.09.32:774][  0]LogD3D11RHI:   Driver Version: 457.30 (internal:27.21.14.5730, unified:457.30)
[2021.01.10-15.09.32:774][  0]LogD3D11RHI:      Driver Date: 11-6-2020
[2021.01.10-15.09.32:774][  0]LogRHI: Texture pool is 4236 MB (70% of 6052 MB)
[2021.01.10-15.09.32:840][  0]LogD3D11RHI: RHI has support for 64 bit atomics
[2021.01.10-15.09.32:843][  0]LogD3D11RHI: [Aftermath] Enabled and primed
[2021.01.10-15.09.32:843][  0]LogD3D11RHI: Async texture creation enabled
[2021.01.10-15.09.32:843][  0]LogD3D11RHI: Array index from any shader is supported
[2021.01.10-15.09.32:900][  0]LogD3D11RHI: GPU Timing Frequency: 1000.000000 (Debug: 2 1)
[2021.01.10-15.09.33:255][  0]LogTargetPlatformManager: Display: Loaded TargetPlatform 'AllDesktop'
[2021.01.10-15.09.33:285][  0]LogTargetPlatformManager: Display: Loaded TargetPlatform 'Android'
[2021.01.10-15.09.33:285][  0]LogTargetPlatformManager: Display: Loaded TargetPlatform 'Android_ASTC'
[2021.01.10-15.09.33:285][  0]LogTargetPlatformManager: Display: Loaded TargetPlatform 'Android_DXT'
[2021.01.10-15.09.33:285][  0]LogTargetPlatformManager: Display: Loaded TargetPlatform 'Android_ETC2'
[2021.01.10-15.09.33:285][  0]LogTargetPlatformManager: Display: Loaded TargetPlatform 'AndroidClient'
[2021.01.10-15.09.33:285][  0]LogTargetPlatformManager: Display: Loaded TargetPlatform 'Android_ASTCClient'
[2021.01.10-15.09.33:285][  0]LogTargetPlatformManager: Display: Loaded TargetPlatform 'Android_DXTClient'
[2021.01.10-15.09.33:285][  0]LogTargetPlatformManager: Display: Loaded TargetPlatform 'Android_ETC2Client'
[2021.01.10-15.09.33:285][  0]LogTargetPlatformManager: Display: Loaded TargetPlatform 'Android_Multi'
[2021.01.10-15.09.33:285][  0]LogTargetPlatformManager: Display: Loaded TargetPlatform 'Android_MultiClient'
[2021.01.10-15.09.33:329][  0]LogTargetPlatformManager: Display: Loaded TargetPlatform 'IOSClient'
[2021.01.10-15.09.33:329][  0]LogTargetPlatformManager: Display: Loaded TargetPlatform 'IOS'
[2021.01.10-15.09.33:345][  0]LogTargetPlatformManager: Display: Loaded TargetPlatform 'Linux'
[2021.01.10-15.09.33:359][  0]LogTargetPlatformManager: Display: Loaded TargetPlatform 'LinuxNoEditor'
[2021.01.10-15.09.33:374][  0]LogTargetPlatformManager: Display: Loaded TargetPlatform 'LinuxClient'
[2021.01.10-15.09.33:389][  0]LogTargetPlatformManager: Display: Loaded TargetPlatform 'LinuxServer'
[2021.01.10-15.09.33:402][  0]LogTargetPlatformManager: Display: Loaded TargetPlatform 'LinuxAArch64NoEditor'
[2021.01.10-15.09.33:416][  0]LogTargetPlatformManager: Display: Loaded TargetPlatform 'LinuxAArch64Client'
[2021.01.10-15.09.33:431][  0]LogTargetPlatformManager: Display: Loaded TargetPlatform 'LinuxAArch64Server'
[2021.01.10-15.09.33:465][  0]LogTargetPlatformManager: Display: Loaded TargetPlatform 'Lumin'
[2021.01.10-15.09.33:466][  0]LogTargetPlatformManager: Display: Loaded TargetPlatform 'LuminClient'
[2021.01.10-15.09.33:485][  0]LogTargetPlatformManager: Display: Loaded TargetPlatform 'TVOSClient'
[2021.01.10-15.09.33:485][  0]LogTargetPlatformManager: Display: Loaded TargetPlatform 'TVOS'
[2021.01.10-15.09.33:499][  0]LogTargetPlatformManager: Display: Loaded TargetPlatform 'WindowsNoEditor'
[2021.01.10-15.09.33:514][  0]LogTargetPlatformManager: Display: Loaded TargetPlatform 'Windows'
[2021.01.10-15.09.33:529][  0]LogTargetPlatformManager: Display: Loaded TargetPlatform 'WindowsClient'
[2021.01.10-15.09.33:544][  0]LogTargetPlatformManager: Display: Loaded TargetPlatform 'WindowsServer'
[2021.01.10-15.09.33:544][  0]LogTargetPlatformManager: Display: Building Assets For Windows
[2021.01.10-15.09.33:566][  0]LogAudioDebug: Display: Lib vorbis DLL was dynamically loaded.
[2021.01.10-15.09.33:735][  0]LogShaderCompilers: Guid format shader working directory is 8 characters bigger than the processId version (../../../../Bomberman/BombermanUE4/BBM/Intermediate/Shaders/WorkingDirectory/12140/).
[2021.01.10-15.09.33:735][  0]LogShaderCompilers: Cleaned the shader compiler working directory 'C:/Users/Mr.Fab/AppData/Local/Temp/UnrealShaderWorkingDir/196B441B43883B48EB9AC99E41CEEC59/'.
[2021.01.10-15.09.33:737][  0]LogXGEController: Cannot use XGE Controller as Incredibuild is not installed on this machine.
[2021.01.10-15.09.33:737][  0]LogShaderCompilers: Cannot use XGE Shader Compiler as Incredibuild is not installed on this machine.
[2021.01.10-15.09.33:737][  0]LogShaderCompilers: Display: Using Local Shader Compiler.
[2021.01.10-15.09.34:895][  0]LogDerivedDataCache: Display: Max Cache Size: 512 MB
[2021.01.10-15.09.35:108][  0]LogDerivedDataCache: Loaded boot cache 0.21s 77MB C:/Users/Mr.Fab/AppData/Local/UnrealEngine/4.25/DerivedDataCache/Boot.ddc.
[2021.01.10-15.09.35:108][  0]LogDerivedDataCache: Display: Loaded Boot cache: C:/Users/Mr.Fab/AppData/Local/UnrealEngine/4.25/DerivedDataCache/Boot.ddc
[2021.01.10-15.09.35:109][  0]LogDerivedDataCache: FDerivedDataBackendGraph:  Pak pak cache file ../../../../Bomberman/BombermanUE4/BBM/DerivedDataCache/DDC.ddp not found, will not use a pak cache.
[2021.01.10-15.09.35:109][  0]LogDerivedDataCache: Unable to find inner node Pak for hierarchical cache Hierarchy.
[2021.01.10-15.09.35:109][  0]LogDerivedDataCache: FDerivedDataBackendGraph:  CompressedPak pak cache file ../../../../Bomberman/BombermanUE4/BBM/DerivedDataCache/Compressed.ddp not found, will not use a pak cache.
[2021.01.10-15.09.35:109][  0]LogDerivedDataCache: Unable to find inner node CompressedPak for hierarchical cache Hierarchy.
[2021.01.10-15.09.35:125][  0]LogDerivedDataCache: Display: Pak cache opened for reading ../../../Engine/DerivedDataCache/Compressed.ddp.
[2021.01.10-15.09.35:125][  0]LogDerivedDataCache: FDerivedDataBackendGraph:  EnterprisePak pak cache file ../../../Enterprise/DerivedDataCache/Compressed.ddp not found, will not use a pak cache.
[2021.01.10-15.09.35:125][  0]LogDerivedDataCache: Unable to find inner node EnterprisePak for hierarchical cache Hierarchy.
[2021.01.10-15.09.35:127][  0]LogDerivedDataCache: Using Local data cache path C:/Users/Mr.Fab/AppData/Local/UnrealEngine/Common/DerivedDataCache: Writable
[2021.01.10-15.09.35:127][  0]LogDerivedDataCache: Shared data cache path not found in *engine.ini, will not use an Shared cache.
[2021.01.10-15.09.35:127][  0]LogDerivedDataCache: Unable to find inner node Shared for hierarchical cache Hierarchy.
[2021.01.10-15.09.35:201][  0]LogSlate: Using FreeType 2.10.0
[2021.01.10-15.09.35:205][  0]LogSlate: SlateFontServices - WITH_FREETYPE: 1, WITH_HARFBUZZ: 1
[2021.01.10-15.09.35:265][  0]LogAssetRegistry: FAssetRegistry took 0.0069 seconds to start up
[2021.01.10-15.09.36:189][  0]LogInit: Selected Device Profile: [Windows]
[2021.01.10-15.09.36:522][  0]LogMeshReduction: Using QuadricMeshReduction for automatic static mesh reduction
[2021.01.10-15.09.36:522][  0]LogMeshReduction: Using SimplygonMeshReduction for automatic skeletal mesh reduction
[2021.01.10-15.09.36:522][  0]LogMeshReduction: Using ProxyLODMeshReduction for automatic mesh merging
[2021.01.10-15.09.36:522][  0]LogMeshReduction: No distributed automatic mesh merging module available
[2021.01.10-15.09.36:524][  0]LogMeshMerging: No distributed automatic mesh merging module available
[2021.01.10-15.09.36:587][  0]LogNetVersion: BBM 1.0.0, NetCL: 13144385, EngineNetVer: 14, GameNetVer: 0 (Checksum: 3360156425)
[2021.01.10-15.09.37:828][  0]LogAISub: UAISubsystem::UAISubsystem AISubsystem (000001FC7269E900), frame # 0
[2021.01.10-15.09.37:828][  0]LogAISub: UAISubsystem::UAISubsystem AIPerceptionSystem (000001FC72578680), frame # 0
[2021.01.10-15.09.37:838][  0]LogAISub: UAISubsystem::UAISubsystem EnvQueryManager (000001FC7268EA00), frame # 0
[2021.01.10-15.09.37:935][  0]LogPackageLocalizationCache: Processed 19 localized package path(s) for 1 prioritized culture(s) in 0.043466 seconds
[2021.01.10-15.09.37:942][  0]LogUObjectArray: 15917 objects as part of root set at end of initial load.
[2021.01.10-15.09.37:942][  0]LogUObjectAllocator: 3965568 out of 0 bytes used by permanent object pool.
[2021.01.10-15.09.37:942][  0]LogUObjectArray: CloseDisregardForGC: 0/0 objects in disregard for GC pool
[2021.01.10-15.09.39:227][  0]LogTcpMessaging: Initializing TcpMessaging bridge
[2021.01.10-15.09.39:240][  0]LogUdpMessaging: Initializing bridge on interface 0.0.0.0:0 to multicast group 230.0.0.1:6666.
[2021.01.10-15.09.39:461][  0]SourceControl: Source control is disabled
[2021.01.10-15.09.39:462][  0]SourceControl: Source control is disabled
[2021.01.10-15.09.39:484][  0]SourceControl: Source control is disabled
[2021.01.10-15.09.39:499][  0]SourceControl: Source control is disabled
[2021.01.10-15.09.39:542][  0]SourceControl: Source control is disabled
[2021.01.10-15.09.40:295][  0]LogAndroidPermission: UAndroidPermissionCallbackProxy::GetInstance
[2021.01.10-15.09.40:337][  0]LogAudioCaptureCore: Display: No Audio Capture implementations found. Audio input will be silent.
[2021.01.10-15.09.40:337][  0]LogAudioCaptureCore: Display: No Audio Capture implementations found. Audio input will be silent.
[2021.01.10-15.09.40:449][  0]LogOcInput: OculusInput pre-init called
[2021.01.10-15.09.40:473][  0]LogWindows: Failed to load 'OVRPlugin.dll' (GetLastError=126)
[2021.01.10-15.09.40:473][  0]LogWindows: File 'OVRPlugin.dll' does not exist
[2021.01.10-15.09.40:681][  0]LogEngine: Initializing Engine...
[2021.01.10-15.09.40:684][  0]LogHMD: Failed to initialize OpenVR with code 110
[2021.01.10-15.09.40:684][  0]LogMagicLeap: Warning: VR disabled because ZI is not enabled.  To enable, in the editor, Edit -> Project Settings -> Plugins -> Magic Leap Plugin -> Enable Zero Iteration
[2021.01.10-15.09.40:689][  0]LogStats: UGameplayTagsManager::InitializeManager -  0.002 s
[2021.01.10-15.09.40:849][  0]LogInit: Initializing FReadOnlyCVARCache
[2021.01.10-15.09.40:918][  0]LogAIModule: Creating AISystem for world Untitled
[2021.01.10-15.09.40:919][  0]LogAISub: UAISubsystem::UAISubsystem EnvQueryManager (000001FC7650DC00), frame # 0
[2021.01.10-15.09.40:919][  0]LogAISub: UAISubsystem::UAISubsystem AIPerceptionSystem (000001FC76497880), frame # 0
[2021.01.10-15.09.40:944][  0]LogAudioMixer: Display: Audio Mixer Platform Settings:
[2021.01.10-15.09.40:944][  0]LogAudioMixer: Display: 	Sample Rate:						  48000
[2021.01.10-15.09.40:944][  0]LogAudioMixer: Display: 	Callback Buffer Frame Size Requested: 1024
[2021.01.10-15.09.40:944][  0]LogAudioMixer: Display: 	Callback Buffer Frame Size To Use:	  1024
[2021.01.10-15.09.40:944][  0]LogAudioMixer: Display: 	Number of buffers to queue:			  2
[2021.01.10-15.09.40:944][  0]LogAudioMixer: Display: 	Max Channels (voices):				  32
[2021.01.10-15.09.40:944][  0]LogAudioMixer: Display: 	Number of Async Source Workers:		  0
[2021.01.10-15.09.40:944][  0]LogAudio: Display: AudioDevice MaxSources: 32
[2021.01.10-15.09.40:948][  0]LogAudio: Display: Using built-in audio occlusion.
[2021.01.10-15.09.40:948][  0]LogAudioMixer: Display: Initializing audio mixer.
[2021.01.10-15.09.40:986][  0]LogAudioMixer: Display: 0: FrontLeft
[2021.01.10-15.09.40:987][  0]LogAudioMixer: Display: 1: FrontRight
[2021.01.10-15.09.41:039][  0]LogAudioMixer: Display: Using Audio Device Speakers (5- USB Audio Device)
[2021.01.10-15.09.41:044][  0]LogAudioMixer: Display: Initializing Sound Submixes...
[2021.01.10-15.09.41:048][  0]LogAudioMixer: Display: Creating Master Submix 'MasterSubmixDefault'
[2021.01.10-15.09.41:048][  0]LogAudioMixer: Display: Creating Master Submix 'MasterReverbSubmixDefault'
[2021.01.10-15.09.41:051][  0]LogAudioMixer: Display: Creating Master Submix 'MasterEQSubmixDefault'
[2021.01.10-15.09.41:052][  0]LogInit: FAudioDevice initialized.
[2021.01.10-15.09.41:053][  0]LogNetVersion: Set ProjectVersion to 1.0.0.0. Version Checksum will be recalculated on next use.
[2021.01.10-15.09.41:258][  0]LogDerivedDataCache: Saved boot cache 0.20s 77MB C:/Users/Mr.Fab/AppData/Local/UnrealEngine/4.25/DerivedDataCache/Boot.ddc.
[2021.01.10-15.09.41:258][  0]LogInit: Texture streaming: Enabled
[2021.01.10-15.09.41:289][  0]LogEngineSessionManager: EngineSessionManager initialized
[2021.01.10-15.09.41:289][  0]LogEditorSessionSummary: Verbose: Initializing EditorSessionSummaryWriter for editor session tracking
[2021.01.10-15.09.41:293][  0]LogEditorSessionSummary: EditorSessionSummaryWriter initialized
[2021.01.10-15.09.41:366][  0]LogInit: Transaction tracking system initialized
[2021.01.10-15.09.41:444][  0]BlueprintLog: New page: Editor Load
[2021.01.10-15.09.41:765][  0]LocalizationService: Localization service is disabled
[2021.01.10-15.09.42:207][  0]LogFileCache: Scanning file cache for directory 'E:/Bomberman/BombermanUE4/BBM/Content/' took 0.00s
[2021.01.10-15.09.42:207][  0]LogCook: Display: Max memory allowance for cook 16384mb min free memory 0mb
[2021.01.10-15.09.42:208][  0]LogCook: Display: Mobile HDR setting 1
[2021.01.10-15.09.42:894][  0]SourceControl: Source control is disabled
[2021.01.10-15.09.42:894][  0]LogUnrealEdMisc: Loading editor; pre map load, took 16.803
[2021.01.10-15.09.42:896][  0]Cmd: MAP LOAD FILE="../../../../Bomberman/BombermanUE4/BBM/Content/Maps/Level.umap" TEMPLATE=0 SHOWPROGRESS=1 FEATURELEVEL=3
[2021.01.10-15.09.42:903][  0]LightingResults: New page: Lighting Build
[2021.01.10-15.09.42:915][  0]LogWorld: UWorld::CleanupWorld for Untitled, bSessionEnded=true, bCleanupResources=true
[2021.01.10-15.09.42:916][  0]LogSlate: InvalidateAllWidgets triggered.  All widgets were invalidated
[2021.01.10-15.09.42:916][  0]MapCheck: New page: Map Check
[2021.01.10-15.09.42:916][  0]LightingResults: New page: Lighting Build
[2021.01.10-15.09.42:945][  0]LogAISub: UAISubsystem::~UAISubsystem EnvQueryManager (000001FC7650DC00), frame # 0
[2021.01.10-15.09.42:945][  0]LogAISub: UAISubsystem::~UAISubsystem AIPerceptionSystem (000001FC76497880), frame # 0
[2021.01.10-15.09.42:946][  0]LogUObjectHash: Compacting FUObjectHashTables data took   0.82ms
[2021.01.10-15.09.43:346][  0]LogAIModule: Creating AISystem for world Level
[2021.01.10-15.09.43:346][  0]LogAISub: UAISubsystem::UAISubsystem EnvQueryManager (000001FC01810400), frame # 0
[2021.01.10-15.09.43:346][  0]LogAISub: UAISubsystem::UAISubsystem AIPerceptionSystem (000001FC0170E0C0), frame # 0
[2021.01.10-15.09.43:384][  0]LogEditorServer: Finished looking for orphan Actors (0.000 secs)
[2021.01.10-15.09.43:410][  0]LogUObjectHash: Compacting FUObjectHashTables data took   1.27ms
[2021.01.10-15.09.43:411][  0]Cmd: MAP CHECKDEP NOCLEARLOG
[2021.01.10-15.09.43:411][  0]MapCheck: Map check complete: 0 Error(s), 0 Warning(s), took 0.648ms to complete.
[2021.01.10-15.09.43:411][  0]LogFileHelpers: Loading map 'Level' took 0.516
[2021.01.10-15.09.43:481][  0]LogUnrealEdMisc: Total Editor Startup Time, took 17.389
[2021.01.10-15.09.43:707][  0]LogSlate: Updating window title bar state: overlay mode, drag disabled, window buttons hidden, title bar hidden
[2021.01.10-15.09.43:717][  0]LogSlate: Updating window title bar state: overlay mode, drag disabled, window buttons hidden, title bar hidden
[2021.01.10-15.09.43:726][  0]LogSlate: Updating window title bar state: overlay mode, drag disabled, window buttons hidden, title bar hidden
[2021.01.10-15.09.43:735][  0]LogSlate: Updating window title bar state: overlay mode, drag disabled, window buttons hidden, title bar hidden
[2021.01.10-15.09.43:764][  0]LogCollectionManager: Loaded 0 collections in 0.001115 seconds
[2021.01.10-15.09.43:832][  0]LogFileCache: Scanning file cache for directory 'E:/Bomberman/BombermanUE4/BBM/Saved/Collections/' took 0.00s
[2021.01.10-15.09.43:832][  0]LogFileCache: Scanning file cache for directory 'E:/Bomberman/BombermanUE4/BBM/Content/Developers/MrFab/Collections/' took 0.00s
[2021.01.10-15.09.43:832][  0]LogFileCache: Scanning file cache for directory 'E:/Bomberman/BombermanUE4/BBM/Content/Collections/' took 0.00s
[2021.01.10-15.09.43:832][  0]LogContentBrowser: Native class hierarchy populated in 0.0185 seconds. Added 3429 classes and 823 folders.
[2021.01.10-15.09.43:849][  0]LogContentBrowser: Native class hierarchy updated for 'WidgetCarousel' in 0.0005 seconds. Added 0 classes and 0 folders.
[2021.01.10-15.09.44:044][  0]LogContentBrowser: Native class hierarchy updated for 'AddContentDialog' in 0.0005 seconds. Added 0 classes and 0 folders.
[2021.01.10-15.09.44:058][  0]LogContentBrowser: Native class hierarchy updated for 'SceneOutliner' in 0.0005 seconds. Added 2 classes and 0 folders.
[2021.01.10-15.09.44:199][  0]LogSlate: Took 0.001281 seconds to synchronously load lazily loaded font '../../../Engine/Content/Slate/Fonts/Roboto-Regular.ttf' (155K)
[2021.01.10-15.09.44:203][  0]LogSlate: Took 0.001512 seconds to synchronously load lazily loaded font '../../../Engine/Content/Slate/Fonts/Roboto-Bold.ttf' (160K)
[2021.01.10-15.09.44:211][  0]LogSlate: Took 0.000989 seconds to synchronously load lazily loaded font '../../../Engine/Content/Editor/Slate/Fonts/FontAwesome.ttf' (139K)
[2021.01.10-15.09.44:311][  0]LogRenderer: Reallocating scene render targets to support 1208x652 Format 10 NumSamples 1 (Frame:1).
[2021.01.10-15.09.44:419][  0]LogSlate: Took 0.001464 seconds to synchronously load lazily loaded font '../../../Engine/Content/Slate/Fonts/Roboto-Light.ttf' (167K)
[2021.01.10-15.09.44:684][  0]LogSlate: Window 'Tutorials' being destroyed
[2021.01.10-15.09.44:710][  0]LogContentBrowser: Native class hierarchy updated for 'HierarchicalLODOutliner' in 0.0005 seconds. Added 0 classes and 0 folders.
[2021.01.10-15.09.44:710][  0]LogLoad: (Engine Initialization) Total time: 18.62 seconds
[2021.01.10-15.09.44:710][  0]LogLoad: (Engine Initialization) Total Blueprint compile time: 0.00 seconds
[2021.01.10-15.09.44:755][  0]LogAssetRegistry: Asset discovery search completed in 9.4921 seconds
[2021.01.10-15.09.44:759][  0]LogCollectionManager: Fixed up redirectors for 0 collections in 0.000003 seconds (updated 0 objects)
[2021.01.10-15.09.44:766][  0]LogContentStreaming: Texture pool size now 1000 MB
[2021.01.10-15.10.05:036][130]LogSlate: Took 0.000190 seconds to synchronously load lazily loaded font '../../../Engine/Content/Slate/Fonts/Roboto-Light.ttf' (167K)
[2021.01.10-15.10.07:070][305]Cmd: CLOSE_SLATE_MAINFRAME
[2021.01.10-15.10.07:087][305]LogUObjectHash: Compacting FUObjectHashTables data took   1.24ms
[2021.01.10-15.10.07:168][305]LogSlate: Window 'Editor Preferences' being destroyed
[2021.01.10-15.10.07:319][305]LogSlate: Window 'BBM - Unreal Editor' being destroyed
[2021.01.10-15.10.07:441][306]Cmd: QUIT_EDITOR
[2021.01.10-15.10.07:441][306]LogCore: Engine exit requested (reason: UUnrealEdEngine::CloseEditor())
[2021.01.10-15.10.07:455][306]LogCore: Engine exit requested (reason: EngineExit() was called; note: exit was already requested)
[2021.01.10-15.10.07:519][306]LogWindowsTextInputMethodSystem: Display: IME system now deactivated.
[2021.01.10-15.10.07:533][306]LogExit: Preparing to exit.
[2021.01.10-15.10.08:494][306]LogDemo: Cleaned up 0 splitscreen connections with owner deletion
[2021.01.10-15.10.08:501][306]LogExit: Transaction tracking system shut down
[2021.01.10-15.10.08:504][306]LogExit: Editor shut down
[2021.01.10-15.10.08:709][306]LogAISub: UAISubsystem::~UAISubsystem AISubsystem (000001FC7269E900), frame # 2306
[2021.01.10-15.10.08:709][306]LogAISub: UAISubsystem::~UAISubsystem AIPerceptionSystem (000001FC72578680), frame # 2306
[2021.01.10-15.10.08:709][306]LogAISub: UAISubsystem::~UAISubsystem EnvQueryManager (000001FC7268EA00), frame # 2306
[2021.01.10-15.10.08:718][306]LogAISub: UAISubsystem::~UAISubsystem EnvQueryManager (000001FC01810400), frame # 2306
[2021.01.10-15.10.08:718][306]LogAISub: UAISubsystem::~UAISubsystem AIPerceptionSystem (000001FC0170E0C0), frame # 2306
[2021.01.10-15.10.08:757][306]LogExit: Object subsystem successfully closed.
[2021.01.10-15.10.08:788][306]LogShaderCompilers: Display: Shaders left to compile 0
[2021.01.10-15.10.08:835][306]LogModuleManager: Shutting down and abandoning module HierarchicalLODOutliner (800)
[2021.01.10-15.10.08:835][306]LogModuleManager: Shutting down and abandoning module SceneOutliner (798)
[2021.01.10-15.10.08:835][306]LogModuleManager: Shutting down and abandoning module AddContentDialog (796)
[2021.01.10-15.10.08:835][306]LogModuleManager: Shutting down and abandoning module WidgetCarousel (795)
[2021.01.10-15.10.08:835][306]LogModuleManager: Shutting down and abandoning module EditorWidgets (792)
[2021.01.10-15.10.08:835][306]LogModuleManager: Shutting down and abandoning module CollectionManager (790)
[2021.01.10-15.10.08:836][306]LogModuleManager: Shutting down and abandoning module StatsViewer (788)
[2021.01.10-15.10.08:836][306]LogModuleManager: Shutting down and abandoning module VirtualTexturingEditor (786)
[2021.01.10-15.10.08:836][306]LogModuleManager: Shutting down and abandoning module FoliageEdit (784)
[2021.01.10-15.10.08:836][306]LogModuleManager: Shutting down and abandoning module LandscapeEditor (782)
[2021.01.10-15.10.08:840][306]LogModuleManager: Shutting down and abandoning module MeshPaintMode (780)
[2021.01.10-15.10.08:840][306]LogModuleManager: Shutting down and abandoning module SceneDepthPickerMode (778)
[2021.01.10-15.10.08:840][306]LogModuleManager: Shutting down and abandoning module ActorPickerMode (776)
[2021.01.10-15.10.08:840][306]LogModuleManager: Shutting down and abandoning module PIEPreviewDeviceProfileSelector (774)
[2021.01.10-15.10.08:841][306]LogModuleManager: Shutting down and abandoning module SequenceRecorderSections (772)
[2021.01.10-15.10.08:841][306]LogModuleManager: Shutting down and abandoning module AutomationWorker (770)
[2021.01.10-15.10.08:841][306]LogModuleManager: Shutting down and abandoning module SteamVREditor (768)
[2021.01.10-15.10.08:841][306]LogModuleManager: Shutting down and abandoning module OculusMR (766)
[2021.01.10-15.10.08:841][306]LogModuleManager: Shutting down and abandoning module GooglePADEditor (764)
[2021.01.10-15.10.08:841][306]LogModuleManager: Shutting down and abandoning module AudioCaptureEditor (762)
[2021.01.10-15.10.08:841][306]LogModuleManager: Shutting down and abandoning module TemplateSequenceEditor (760)
[2021.01.10-15.10.08:842][306]LogModuleManager: Shutting down and abandoning module MatineeToLevelSequence (758)
[2021.01.10-15.10.08:842][306]LogModuleManager: Shutting down and abandoning module LevelSequenceEditor (756)
[2021.01.10-15.10.08:844][306]LogModuleManager: Shutting down and abandoning module ActorSequenceEditor (754)
[2021.01.10-15.10.08:844][306]LogModuleManager: Shutting down and abandoning module WmfMediaFactory (752)
[2021.01.10-15.10.08:844][306]LogModuleManager: Shutting down and abandoning module WmfMediaEditor (750)
[2021.01.10-15.10.08:844][306]LogModuleManager: Shutting down and abandoning module WebMMediaFactory (748)
[2021.01.10-15.10.08:844][306]LogModuleManager: Shutting down and abandoning module WebMMediaEditor (746)
[2021.01.10-15.10.08:844][306]LogModuleManager: Shutting down and abandoning module WebMMedia (744)
[2021.01.10-15.10.08:844][306]LogModuleManager: Shutting down and abandoning module MediaPlayerEditor (742)
[2021.01.10-15.10.08:845][306]LogModuleManager: Shutting down and abandoning module MediaCompositingEditor (740)
[2021.01.10-15.10.08:845][306]LogModuleManager: Shutting down and abandoning module SequenceRecorder (739)
[2021.01.10-15.10.08:845][306]LogModuleManager: Shutting down and abandoning module OpenExrWrapper (736)
[2021.01.10-15.10.08:845][306]LogModuleManager: Shutting down and abandoning module ImgMediaFactory (734)
[2021.01.10-15.10.08:845][306]LogModuleManager: Shutting down and abandoning module ImgMediaEditor (732)
[2021.01.10-15.10.08:845][306]LogModuleManager: Shutting down and abandoning module AvfMediaFactory (730)
[2021.01.10-15.10.08:845][306]LogModuleManager: Shutting down and abandoning module AvfMediaEditor (728)
[2021.01.10-15.10.08:845][306]LogModuleManager: Shutting down and abandoning module AndroidMediaFactory (726)
[2021.01.10-15.10.08:845][306]LogModuleManager: Shutting down and abandoning module AndroidMediaEditor (724)
[2021.01.10-15.10.08:845][306]LogModuleManager: Shutting down and abandoning module MagicLeapMediaCodecFactory (722)
[2021.01.10-15.10.08:845][306]LogModuleManager: Shutting down and abandoning module MagicLeapMediaFactory (720)
[2021.01.10-15.10.08:845][306]LogModuleManager: Shutting down and abandoning module MagicLeapMediaEditor (718)
[2021.01.10-15.10.08:845][306]LogModuleManager: Shutting down and abandoning module PlanarCut (716)
[2021.01.10-15.10.08:846][306]LogModuleManager: Shutting down and abandoning module CharacterAI (714)
[2021.01.10-15.10.08:846][306]LogModuleManager: Shutting down and abandoning module TextureAlignMode (712)
[2021.01.10-15.10.08:846][306]LogModuleManager: Shutting down and abandoning module BspMode (710)
[2021.01.10-15.10.08:847][306]LogModuleManager: Shutting down and abandoning module PlacementMode (709)
[2021.01.10-15.10.08:848][306]LogModuleManager: Shutting down and abandoning module GeometryMode (706)
[2021.01.10-15.10.08:848][306]LogModuleManager: Shutting down and abandoning module CameraShakePreviewer (704)
[2021.01.10-15.10.08:848][306]LogModuleManager: Shutting down and abandoning module SmartSnapping (702)
[2021.01.10-15.10.08:848][306]LogModuleManager: Shutting down and abandoning module SessionServices (700)
[2021.01.10-15.10.08:848][306]LogModuleManager: Shutting down and abandoning module MeshPaint (698)
[2021.01.10-15.10.08:848][306]LogModuleManager: Shutting down and abandoning module ViewportSnapping (696)
[2021.01.10-15.10.08:849][306]LogModuleManager: Shutting down and abandoning module ViewportInteraction (694)
[2021.01.10-15.10.08:849][306]LogModuleManager: Shutting down and abandoning module ClothPainter (692)
[2021.01.10-15.10.08:849][306]LogModuleManager: Shutting down and abandoning module SkeletalMeshEditor (691)
[2021.01.10-15.10.08:851][306]LogModuleManager: Shutting down and abandoning module LogVisualizer (688)
[2021.01.10-15.10.08:852][306]LogModuleManager: Shutting down and abandoning module IntroTutorials (686)
[2021.01.10-15.10.08:852][306]LogModuleManager: Shutting down and abandoning module GameProjectGeneration (685)
[2021.01.10-15.10.08:852][306]LogModuleManager: Shutting down and abandoning module LuminPlatformEditor (682)
[2021.01.10-15.10.08:852][306]LogModuleManager: Shutting down and abandoning module IOSPlatformEditor (680)
[2021.01.10-15.10.08:852][306]LogModuleManager: Shutting down and abandoning module AndroidPlatformEditor (678)
[2021.01.10-15.10.08:852][306]LogModuleManager: Shutting down and abandoning module AndroidDeviceDetection (677)
[2021.01.10-15.10.09:975][306]LogModuleManager: Shutting down and abandoning module WindowsPlatformEditor (674)
[2021.01.10-15.10.09:975][306]LogModuleManager: Shutting down and abandoning module LuminRuntimeSettings (672)
[2021.01.10-15.10.09:975][306]LogModuleManager: Shutting down and abandoning module IOSRuntimeSettings (670)
[2021.01.10-15.10.09:975][306]LogModuleManager: Shutting down and abandoning module AndroidRuntimeSettings (668)
[2021.01.10-15.10.09:975][306]LogModuleManager: Shutting down and abandoning module TraceInsights (666)
[2021.01.10-15.10.09:986][306]LogModuleManager: Shutting down and abandoning module TraceServices (665)
[2021.01.10-15.10.09:987][306]LogModuleManager: Shutting down and abandoning module EditorInteractiveToolsFramework (662)
[2021.01.10-15.10.09:987][306]LogModuleManager: Shutting down and abandoning module TimeManagementEditor (660)
[2021.01.10-15.10.09:987][306]LogModuleManager: Shutting down and abandoning module InputBindingEditor (658)
[2021.01.10-15.10.09:988][306]LogModuleManager: Shutting down and abandoning module MergeActors (656)
[2021.01.10-15.10.09:988][306]LogModuleManager: Shutting down and abandoning module LocalizationDashboard (654)
[2021.01.10-15.10.09:988][306]LogModuleManager: Shutting down and abandoning module LocalizationService (653)
[2021.01.10-15.10.09:989][306]LogModuleManager: Shutting down and abandoning module HardwareTargeting (650)
[2021.01.10-15.10.09:989][306]LogModuleManager: Shutting down and abandoning module DeviceProfileEditor (648)
[2021.01.10-15.10.09:989][306]LogModuleManager: Shutting down and abandoning module UndoHistory (646)
[2021.01.10-15.10.09:989][306]LogModuleManager: Shutting down and abandoning module XmlParser (644)
[2021.01.10-15.10.09:989][306]LogModuleManager: Shutting down and abandoning module Blutility (642)
[2021.01.10-15.10.09:989][306]LogModuleManager: Shutting down and abandoning module ProjectSettingsViewer (640)
[2021.01.10-15.10.09:989][306]LogModuleManager: Shutting down and abandoning module ProjectTargetPlatformEditor (639)
[2021.01.10-15.10.09:989][306]LogModuleManager: Shutting down and abandoning module EditorSettingsViewer (636)
[2021.01.10-15.10.09:989][306]LogModuleManager: Shutting down and abandoning module SettingsEditor (634)
[2021.01.10-15.10.09:989][306]LogModuleManager: Shutting down and abandoning module ProjectLauncher (632)
[2021.01.10-15.10.09:992][306]LogModuleManager: Shutting down and abandoning module SessionFrontend (630)
[2021.01.10-15.10.09:992][306]LogModuleManager: Shutting down and abandoning module ProfilerClient (628)
[2021.01.10-15.10.09:992][306]LogModuleManager: Shutting down and abandoning module DeviceManager (626)
[2021.01.10-15.10.09:993][306]LogModuleManager: Shutting down and abandoning module TargetDeviceServices (625)
[2021.01.10-15.10.10:026][306]LogModuleManager: Shutting down and abandoning module AutomationController (622)
[2021.01.10-15.10.10:026][306]LogModuleManager: Shutting down and abandoning module AutomationWindow (620)
[2021.01.10-15.10.10:028][306]LogModuleManager: Shutting down and abandoning module Layers (618)
[2021.01.10-15.10.10:030][306]LogModuleManager: Shutting down and abandoning module ComponentVisualizers (616)
[2021.01.10-15.10.10:030][306]LogModuleManager: Shutting down and abandoning module DetailCustomizations (614)
[2021.01.10-15.10.10:030][306]LogModuleManager: Shutting down and abandoning module PackagesDialog (612)
[2021.01.10-15.10.10:031][306]LogModuleManager: Shutting down and abandoning module AnimationBlueprintEditor (610)
[2021.01.10-15.10.10:033][306]LogModuleManager: Shutting down and abandoning module Persona (608)
[2021.01.10-15.10.10:034][306]LogModuleManager: Shutting down and abandoning module AdvancedPreviewScene (607)
[2021.01.10-15.10.10:034][306]LogModuleManager: Shutting down and abandoning module AnimGraph (605)
[2021.01.10-15.10.10:035][306]LogModuleManager: Shutting down and abandoning module Kismet (602)
[2021.01.10-15.10.10:038][306]LogModuleManager: Shutting down and abandoning module KismetWidgets (601)
[2021.01.10-15.10.10:039][306]LogModuleManager: Shutting down and abandoning module GraphEditor (598)
[2021.01.10-15.10.10:041][306]LogModuleManager: Shutting down and abandoning module StructViewer (596)
[2021.01.10-15.10.10:041][306]LogModuleManager: Shutting down and abandoning module ClassViewer (594)
[2021.01.10-15.10.10:041][306]LogModuleManager: Shutting down and abandoning module Toolbox (592)
[2021.01.10-15.10.10:041][306]LogModuleManager: Shutting down and abandoning module ModuleUI (590)
[2021.01.10-15.10.10:042][306]LogModuleManager: Shutting down and abandoning module OutputLog (588)
[2021.01.10-15.10.10:043][306]LogModuleManager: Shutting down and abandoning module GammaUI (586)
[2021.01.10-15.10.10:043][306]LogModuleManager: Shutting down and abandoning module Documentation (584)
[2021.01.10-15.10.10:043][306]LogModuleManager: Shutting down and abandoning module LiveCoding (582)
[2021.01.10-15.10.10:044][306]LogModuleManager: Shutting down and abandoning module LevelSequence (580)
[2021.01.10-15.10.10:044][306]LogModuleManager: Shutting down and abandoning module MovieSceneTracks (578)
[2021.01.10-15.10.10:044][306]LogModuleManager: Shutting down and abandoning module MovieScene (576)
[2021.01.10-15.10.10:044][306]LogModuleManager: Shutting down and abandoning module StreamingPauseRendering (574)
[2021.01.10-15.10.10:044][306]LogModuleManager: Shutting down and abandoning module LauncherPlatform (572)
[2021.01.10-15.10.10:044][306]LogModuleManager: Shutting down and abandoning module AnalyticsET (570)
[2021.01.10-15.10.10:044][306]LogModuleManager: Shutting down and abandoning module PortalServices (568)
[2021.01.10-15.10.10:044][306]LogModuleManager: Shutting down and abandoning module PortalRpc (566)
[2021.01.10-15.10.10:044][306]LogModuleManager: Shutting down and abandoning module MessagingRpc (564)
[2021.01.10-15.10.10:044][306]LogModuleManager: Shutting down and abandoning module AudioMixerXAudio2 (562)
[2021.01.10-15.10.10:044][306]LogModuleManager: Shutting down and abandoning module AudioMixerCore (561)
[2021.01.10-15.10.10:044][306]LogModuleManager: Shutting down and abandoning module AIModule (558)
[2021.01.10-15.10.10:045][306]LogModuleManager: Shutting down and abandoning module GameplayDebugger (557)
[2021.01.10-15.10.10:045][306]LogModuleManager: Shutting down and abandoning module AITestSuite (555)
[2021.01.10-15.10.10:045][306]LogModuleManager: Shutting down and abandoning module NavigationSystem (553)
[2021.01.10-15.10.10:045][306]LogModuleManager: Shutting down and abandoning module ProfilerService (550)
[2021.01.10-15.10.10:088][306]LogModuleManager: Shutting down and abandoning module TaskGraph (548)
[2021.01.10-15.10.10:089][306]LogModuleManager: Shutting down and abandoning module ScreenshotTools (546)
[2021.01.10-15.10.10:089][306]LogModuleManager: Shutting down and abandoning module SynthesisEditor (544)
[2021.01.10-15.10.10:089][306]LogModuleManager: Shutting down and abandoning module Synthesis (542)
[2021.01.10-15.10.10:090][306]LogModuleManager: Shutting down and abandoning module ProceduralMeshComponentEditor (540)
[2021.01.10-15.10.10:090][306]LogModuleManager: Shutting down and abandoning module ProceduralMeshComponent (538)
[2021.01.10-15.10.10:090][306]LogModuleManager: Shutting down and abandoning module OculusEditor (536)
[2021.01.10-15.10.10:090][306]LogModuleManager: Shutting down and abandoning module OculusInput (534)
[2021.01.10-15.10.10:090][306]LogModuleManager: Shutting down and abandoning module MobilePatchingUtils (532)
[2021.01.10-15.10.10:090][306]LogModuleManager: Shutting down and abandoning module GooglePAD (530)
[2021.01.10-15.10.10:090][306]LogModuleManager: Shutting down and abandoning module EditableMesh (528)
[2021.01.10-15.10.10:090][306]LogModuleManager: Shutting down and abandoning module CustomMeshComponent (526)
[2021.01.10-15.10.10:090][306]LogModuleManager: Shutting down and abandoning module CableComponent (524)
[2021.01.10-15.10.10:090][306]LogModuleManager: Shutting down and abandoning module AudioCapture (522)
[2021.01.10-15.10.10:090][306]LogModuleManager: Shutting down and abandoning module AudioCaptureRtAudio (521)
[2021.01.10-15.10.10:090][306]LogModuleManager: Shutting down and abandoning module AssetTags (518)
[2021.01.10-15.10.10:090][306]LogModuleManager: Shutting down and abandoning module ArchVisCharacter (516)
[2021.01.10-15.10.10:091][306]LogModuleManager: Shutting down and abandoning module AppleImageUtilsBlueprintSupport (514)
[2021.01.10-15.10.10:091][306]LogModuleManager: Shutting down and abandoning module AppleImageUtils (512)
[2021.01.10-15.10.10:091][306]LogModuleManager: Shutting down and abandoning module AndroidPermission (510)
[2021.01.10-15.10.10:091][306]LogModuleManager: Shutting down and abandoning module NUTUnrealEngine4 (508)
[2021.01.10-15.10.10:091][306]LogModuleManager: Shutting down and abandoning module NetcodeUnitTest (506)
[2021.01.10-15.10.10:093][306]LogModuleManager: Shutting down and abandoning module TemplateSequence (504)
[2021.01.10-15.10.10:093][306]LogModuleManager: Shutting down and abandoning module MovieRenderPipelineEditor (502)
[2021.01.10-15.10.10:093][306]LogModuleManager: Shutting down and abandoning module MovieRenderPipelineRenderPasses (500)
[2021.01.10-15.10.10:093][306]LogModuleManager: Shutting down and abandoning module MovieRenderPipelineSettings (498)
[2021.01.10-15.10.10:093][306]LogModuleManager: Shutting down and abandoning module MovieRenderPipelineCore (496)
[2021.01.10-15.10.10:093][306]LogModuleManager: Shutting down and abandoning module ImageWriteQueue (495)
[2021.01.10-15.10.10:098][306]LogModuleManager: Shutting down and abandoning module MeshPaintingToolset (492)
[2021.01.10-15.10.10:099][306]LogModuleManager: Shutting down and abandoning module MeshPaintEditorMode (490)
[2021.01.10-15.10.10:099][306]LogModuleManager: Shutting down and abandoning module MediaCompositing (488)
[2021.01.10-15.10.10:099][306]LogModuleManager: Shutting down and abandoning module ImgMedia (486)
[2021.01.10-15.10.10:099][306]LogModuleManager: Shutting down and abandoning module MagicLeapSharedWorld (484)
[2021.01.10-15.10.10:099][306]LogModuleManager: Shutting down and abandoning module MagicLeapLightEstimation (482)
[2021.01.10-15.10.10:099][306]LogModuleManager: Shutting down and abandoning module MagicLeapHelperVulkan (480)
[2021.01.10-15.10.10:099][306]LogModuleManager: Shutting down and abandoning module MagicLeapHelperOpenGL (478)
[2021.01.10-15.10.10:099][306]LogModuleManager: Shutting down and abandoning module MagicLeapAudio (476)
[2021.01.10-15.10.10:099][306]LogModuleManager: Shutting down and abandoning module NiagaraEditorWidgets (474)
[2021.01.10-15.10.10:100][306]LogModuleManager: Shutting down and abandoning module MeshSolverUtilities (472)
[2021.01.10-15.10.10:101][306]LogModuleManager: Shutting down and abandoning module MeshConversion (470)
[2021.01.10-15.10.10:101][306]LogModuleManager: Shutting down and abandoning module DynamicMesh (468)
[2021.01.10-15.10.10:103][306]LogModuleManager: Shutting down and abandoning module GeometryAlgorithms (466)
[2021.01.10-15.10.10:104][306]LogModuleManager: Shutting down and abandoning module GeometricObjects (464)
[2021.01.10-15.10.10:104][306]LogModuleManager: Shutting down and abandoning module GeometryCollectionTracks (462)
[2021.01.10-15.10.10:104][306]LogModuleManager: Shutting down and abandoning module GeometryCollectionSequencer (461)
[2021.01.10-15.10.10:104][306]LogModuleManager: Shutting down and abandoning module GeometryCollectionEditor (458)
[2021.01.10-15.10.10:104][306]LogModuleManager: Shutting down and abandoning module GeometryCacheTracks (456)
[2021.01.10-15.10.10:105][306]LogModuleManager: Shutting down and abandoning module GeometryCacheSequencer (454)
[2021.01.10-15.10.10:105][306]LogModuleManager: Shutting down and abandoning module ChaosSolverEditor (452)
[2021.01.10-15.10.10:105][306]LogModuleManager: Shutting down and abandoning module ChaosNiagara (450)
[2021.01.10-15.10.10:105][306]LogModuleManager: Shutting down and abandoning module FractureEditor (448)
[2021.01.10-15.10.10:105][306]LogModuleManager: Shutting down and abandoning module ChaosClothEditor (446)
[2021.01.10-15.10.10:105][306]LogModuleManager: Shutting down and abandoning module ChaosCloth (444)
[2021.01.10-15.10.10:105][306]LogModuleManager: Shutting down and abandoning module BackChannel (442)
[2021.01.10-15.10.10:105][306]LogModuleManager: Shutting down and abandoning module AutomationUtilsEditor (440)
[2021.01.10-15.10.10:105][306]LogModuleManager: Shutting down and abandoning module AutomationUtils (438)
[2021.01.10-15.10.10:106][306]LogModuleManager: Shutting down and abandoning module AlembicImporter (436)
[2021.01.10-15.10.10:106][306]LogModuleManager: Shutting down and abandoning module AlembicLibrary (435)
[2021.01.10-15.10.10:106][306]LogModuleManager: Shutting down and abandoning module GeometryCache (434)
[2021.01.10-15.10.10:106][306]LogModuleManager: Shutting down and abandoning module GeometryCacheEd (433)
[2021.01.10-15.10.10:106][306]LogModuleManager: Shutting down and abandoning module VariantManagerContentEditor (428)
[2021.01.10-15.10.10:106][306]LogModuleManager: Shutting down and abandoning module DatasmithContentEditor (426)
[2021.01.10-15.10.10:106][306]LogModuleManager: Shutting down and abandoning module SpeedTreeImporter (424)
[2021.01.10-15.10.10:106][306]LogModuleManager: Shutting down and abandoning module PluginBrowser (422)
[2021.01.10-15.10.10:106][306]LogModuleManager: Shutting down and abandoning module MobileLauncherProfileWizard (420)
[2021.01.10-15.10.10:106][306]LogModuleManager: Shutting down and abandoning module MaterialAnalyzer (418)
[2021.01.10-15.10.10:106][306]LogModuleManager: Shutting down and abandoning module EditorScriptingUtilities (416)
[2021.01.10-15.10.10:107][306]LogModuleManager: Shutting down and abandoning module CurveEditorTools (414)
[2021.01.10-15.10.10:107][306]LogModuleManager: Shutting down and abandoning module CryptoKeysOpenSSL (412)
[2021.01.10-15.10.10:107][306]LogModuleManager: Shutting down and abandoning module CryptoKeys (410)
[2021.01.10-15.10.10:107][306]LogModuleManager: Shutting down and abandoning module VisualStudioSourceCodeAccess (408)
[2021.01.10-15.10.10:107][306]LogModuleManager: Shutting down and abandoning module VisualStudioCodeSourceCodeAccess (406)
[2021.01.10-15.10.10:107][306]LogModuleManager: Shutting down and abandoning module UObjectPlugin (404)
[2021.01.10-15.10.10:107][306]LogModuleManager: Shutting down and abandoning module SubversionSourceControl (402)
[2021.01.10-15.10.10:107][306]LogModuleManager: Shutting down and abandoning module RiderSourceCodeAccess (400)
[2021.01.10-15.10.10:107][306]LogModuleManager: Shutting down and abandoning module RiderGameControlExtension (398)
[2021.01.10-15.10.10:107][306]LogModuleManager: Shutting down and abandoning module RiderBlueprintExtension (396)
[2021.01.10-15.10.10:107][306]LogModuleManager: Shutting down and abandoning module PlasticSourceControl (394)
[2021.01.10-15.10.10:107][306]LogModuleManager: Shutting down and abandoning module PerforceSourceControl (392)
[2021.01.10-15.10.10:107][306]LogModuleManager: Shutting down and abandoning module GitSourceControl (390)
[2021.01.10-15.10.10:107][306]LogModuleManager: Shutting down and abandoning module SourceControl (389)
[2021.01.10-15.10.10:107][306]LogModuleManager: Shutting down and abandoning module CLionSourceCodeAccess (386)
[2021.01.10-15.10.10:107][306]LogModuleManager: Shutting down and abandoning module AnimationSharingEd (384)
[2021.01.10-15.10.10:107][306]LogModuleManager: Shutting down and abandoning module ActorLayerUtilitiesEditor (382)
[2021.01.10-15.10.10:107][306]LogModuleManager: Shutting down and abandoning module ActorLayerUtilities (380)
[2021.01.10-15.10.10:107][306]LogModuleManager: Shutting down and abandoning module LightPropagationVolumeEditor (378)
[2021.01.10-15.10.10:107][306]LogModuleManager: Shutting down and abandoning module PaperTiledImporter (376)
[2021.01.10-15.10.10:107][306]LogModuleManager: Shutting down and abandoning module PaperSpriteSheetImporter (374)
[2021.01.10-15.10.10:107][306]LogModuleManager: Shutting down and abandoning module Paper2DEditor (372)
[2021.01.10-15.10.10:108][306]LogModuleManager: Shutting down and abandoning module BBM (370)
[2021.01.10-15.10.10:108][306]LogModuleManager: Shutting down and abandoning module SoundFields (368)
[2021.01.10-15.10.10:108][306]LogModuleManager: Shutting down and abandoning module SignificanceManager (366)
[2021.01.10-15.10.10:108][306]LogModuleManager: Shutting down and abandoning module RuntimePhysXCooking (364)
[2021.01.10-15.10.10:108][306]LogModuleManager: Shutting down and abandoning module PhysXVehiclesEditor (362)
[2021.01.10-15.10.10:108][306]LogModuleManager: Shutting down and abandoning module LocationServicesBPLibrary (358)
[2021.01.10-15.10.10:108][306]LogModuleManager: Shutting down and abandoning module ActorSequence (356)
[2021.01.10-15.10.10:108][306]LogModuleManager: Shutting down and abandoning module UdpMessaging (354)
[2021.01.10-15.10.10:209][306]LogModuleManager: Shutting down and abandoning module TcpMessaging (352)
[2021.01.10-15.10.10:310][306]LogModuleManager: Shutting down and abandoning module MagicLeapARPin (350)
[2021.01.10-15.10.10:310][306]LogModuleManager: Shutting down and abandoning module MagicLeapHandMeshing (348)
[2021.01.10-15.10.10:310][306]LogModuleManager: Shutting down and abandoning module MagicLeapSecureStorage (346)
[2021.01.10-15.10.10:310][306]LogModuleManager: Shutting down and abandoning module MagicLeapPrivileges (344)
[2021.01.10-15.10.10:310][306]LogModuleManager: Shutting down and abandoning module MagicLeapPlanes (342)
[2021.01.10-15.10.10:310][306]LogMagicLeapPlanes: Planes tracker already destroyed.
[2021.01.10-15.10.10:310][306]LogModuleManager: Shutting down and abandoning module MagicLeapImageTracker (340)
[2021.01.10-15.10.10:310][306]LogModuleManager: Shutting down and abandoning module MagicLeapIdentity (338)
[2021.01.10-15.10.10:310][306]LogModuleManager: Shutting down and abandoning module MagicLeapHandTracking (336)
[2021.01.10-15.10.10:310][306]LogModuleManager: Shutting down and abandoning module MagicLeapEyeTracker (334)
[2021.01.10-15.10.10:310][306]LogModuleManager: Shutting down and abandoning module MagicLeapController (332)
[2021.01.10-15.10.10:310][306]LogSlate: Slate User Destroyed.  User Index 0, Is Virtual User: 0
[2021.01.10-15.10.10:310][306]LogModuleManager: Shutting down and abandoning module MagicLeapARPinImpl (330)
[2021.01.10-15.10.10:310][306]LogModuleManager: Shutting down and abandoning module MagicLeapAR (328)
[2021.01.10-15.10.10:310][306]LogModuleManager: Shutting down and abandoning module AugmentedReality (327)
[2021.01.10-15.10.10:310][306]LogModuleManager: Shutting down and abandoning module NiagaraAnimNotifies (324)
[2021.01.10-15.10.10:310][306]LogModuleManager: Shutting down and abandoning module Niagara (322)
[2021.01.10-15.10.10:310][306]LogModuleManager: Shutting down and abandoning module SignalProcessing (321)
[2021.01.10-15.10.10:310][306]LogModuleManager: Shutting down and abandoning module NiagaraEditor (319)
[2021.01.10-15.10.10:311][306]LogModuleManager: Shutting down and abandoning module NiagaraCore (316)
[2021.01.10-15.10.10:311][306]LogModuleManager: Shutting down and abandoning module GameplayTagsEditor (314)
[2021.01.10-15.10.10:312][306]LogModuleManager: Shutting down and abandoning module FacialAnimationEditor (312)
[2021.01.10-15.10.10:312][306]LogModuleManager: Shutting down and abandoning module FacialAnimation (310)
[2021.01.10-15.10.10:312][306]LogModuleManager: Shutting down and abandoning module DataValidation (308)
[2021.01.10-15.10.10:312][306]LogModuleManager: Shutting down and abandoning module AssetManagerEditor (306)
[2021.01.10-15.10.10:313][306]LogModuleManager: Shutting down and abandoning module LevelEditor (305)
[2021.01.10-15.10.10:314][306]LogModuleManager: Shutting down and abandoning module PixelInspectorModule (304)
[2021.01.10-15.10.10:314][306]LogModuleManager: Shutting down and abandoning module CommonMenuExtensions (302)
[2021.01.10-15.10.10:314][306]LogModuleManager: Shutting down and abandoning module MainFrame (300)
[2021.01.10-15.10.10:314][306]LogModuleManager: Shutting down and abandoning module HotReload (299)
[2021.01.10-15.10.10:314][306]LogModuleManager: Shutting down and abandoning module ToolMenus (295)
[2021.01.10-15.10.10:314][306]LogModuleManager: Shutting down and abandoning module TreeMap (293)
[2021.01.10-15.10.10:315][306]LogModuleManager: Shutting down and abandoning module RiderLoggingExtension (290)
[2021.01.10-15.10.10:315][306]LogModuleManager: Shutting down and abandoning module RiderLink (288)
